CRITICAL - 2021-11-21 01:51:44 --> Undefined variable: nb
#0 C:\2022\ppe_chopesgames\app\Views\templates\header.php(75): CodeIgniter\Debug\Exceptions->errorHandler(8, 'Undefined varia...', 'C:\\2022\\ppe_cho...', 75, Array)
#1 C:\2022\ppe_chopesgames\system\View\View.php(214): include('C:\\2022\\ppe_cho...')
#2 C:\2022\ppe_chopesgames\system\View\View.php(217): CodeIgniter\View\View->CodeIgniter\View\{closure}()
#3 C:\2022\ppe_chopesgames\system\Common.php(1097): CodeIgniter\View\View->render('templates/heade...', Array, true)
#4 C:\2022\ppe_chopesgames\app\Controllers\Visiteur.php(128): view('templates/heade...', Array)
#5 C:\2022\ppe_chopesgames\system\CodeIgniter.php(824): App\Controllers\Visiteur->afficher_panier()
#6 C:\2022\ppe_chopesgames\system\CodeIgniter.php(410): CodeIgniter\CodeIgniter->runController(Object(App\Controllers\Visiteur))
#7 C:\2022\ppe_chopesgames\system\CodeIgniter.php(318): CodeIgniter\CodeIgniter->handleRequest(NULL, Object(Config\Cache), false)
#8 C:\2022\ppe_chopesgames\public\index.php(37): CodeIgniter\CodeIgniter->run()
#9 C:\2022\ppe_chopesgames\system\Commands\Server\rewrite.php(43): require_once('C:\\2022\\ppe_cho...')
#10 {main}
CRITICAL - 2021-11-21 01:52:56 --> Undefined variable: data
#0 C:\2022\ppe_chopesgames\app\Controllers\Visiteur.php(129): CodeIgniter\Debug\Exceptions->errorHandler(8, 'Undefined varia...', 'C:\\2022\\ppe_cho...', 129, Array)
#1 C:\2022\ppe_chopesgames\system\CodeIgniter.php(824): App\Controllers\Visiteur->afficher_panier()
#2 C:\2022\ppe_chopesgames\system\CodeIgniter.php(410): CodeIgniter\CodeIgniter->runController(Object(App\Controllers\Visiteur))
#3 C:\2022\ppe_chopesgames\system\CodeIgniter.php(318): CodeIgniter\CodeIgniter->handleRequest(NULL, Object(Config\Cache), false)
#4 C:\2022\ppe_chopesgames\public\index.php(37): CodeIgniter\CodeIgniter->run()
#5 C:\2022\ppe_chopesgames\system\Commands\Server\rewrite.php(43): require_once('C:\\2022\\ppe_cho...')
#6 {main}
CRITICAL - 2021-11-21 01:55:43 --> Undefined variable: items
#0 C:\2022\ppe_chopesgames\app\Views\visiteur\afficher_panier.php(22): CodeIgniter\Debug\Exceptions->errorHandler(8, 'Undefined varia...', 'C:\\2022\\ppe_cho...', 22, Array)
#1 C:\2022\ppe_chopesgames\system\View\View.php(214): include('C:\\2022\\ppe_cho...')
#2 C:\2022\ppe_chopesgames\system\View\View.php(217): CodeIgniter\View\View->CodeIgniter\View\{closure}()
#3 C:\2022\ppe_chopesgames\system\Common.php(1097): CodeIgniter\View\View->render('visiteur/affich...', Array, true)
#4 C:\2022\ppe_chopesgames\app\Controllers\Visiteur.php(130): view('visiteur/affich...', Array)
#5 C:\2022\ppe_chopesgames\system\CodeIgniter.php(824): App\Controllers\Visiteur->afficher_panier()
#6 C:\2022\ppe_chopesgames\system\CodeIgniter.php(410): CodeIgniter\CodeIgniter->runController(Object(App\Controllers\Visiteur))
#7 C:\2022\ppe_chopesgames\system\CodeIgniter.php(318): CodeIgniter\CodeIgniter->handleRequest(NULL, Object(Config\Cache), false)
#8 C:\2022\ppe_chopesgames\public\index.php(37): CodeIgniter\CodeIgniter->run()
#9 C:\2022\ppe_chopesgames\system\Commands\Server\rewrite.php(43): require_once('C:\\2022\\ppe_cho...')
#10 {main}
CRITICAL - 2021-11-21 01:56:38 --> count(): Parameter must be an array or an object that implements Countable
#0 C:\2022\ppe_chopesgames\app\Views\visiteur\afficher_panier.php(22): CodeIgniter\Debug\Exceptions->errorHandler(2, 'count(): Parame...', 'C:\\2022\\ppe_cho...', 22, Array)
#1 C:\2022\ppe_chopesgames\system\View\View.php(214): include('C:\\2022\\ppe_cho...')
#2 C:\2022\ppe_chopesgames\system\View\View.php(217): CodeIgniter\View\View->CodeIgniter\View\{closure}()
#3 C:\2022\ppe_chopesgames\system\Common.php(1097): CodeIgniter\View\View->render('visiteur/affich...', Array, true)
#4 C:\2022\ppe_chopesgames\app\Controllers\Visiteur.php(130): view('visiteur/affich...', Array)
#5 C:\2022\ppe_chopesgames\system\CodeIgniter.php(824): App\Controllers\Visiteur->afficher_panier()
#6 C:\2022\ppe_chopesgames\system\CodeIgniter.php(410): CodeIgniter\CodeIgniter->runController(Object(App\Controllers\Visiteur))
#7 C:\2022\ppe_chopesgames\system\CodeIgniter.php(318): CodeIgniter\CodeIgniter->handleRequest(NULL, Object(Config\Cache), false)
#8 C:\2022\ppe_chopesgames\public\index.php(37): CodeIgniter\CodeIgniter->run()
#9 C:\2022\ppe_chopesgames\system\Commands\Server\rewrite.php(43): require_once('C:\\2022\\ppe_cho...')
#10 {main}
CRITICAL - 2021-11-21 02:50:59 --> Undefined variable: TitreDeLaPage
#0 C:\2022\ppe_chopesgames\app\Views\visiteur\s_enregistrer.php(9): CodeIgniter\Debug\Exceptions->errorHandler(8, 'Undefined varia...', 'C:\\2022\\ppe_cho...', 9, Array)
#1 C:\2022\ppe_chopesgames\system\View\View.php(214): include('C:\\2022\\ppe_cho...')
#2 C:\2022\ppe_chopesgames\system\View\View.php(217): CodeIgniter\View\View->CodeIgniter\View\{closure}()
#3 C:\2022\ppe_chopesgames\system\Common.php(1097): CodeIgniter\View\View->render('visiteur/s_enre...', Array, true)
#4 C:\2022\ppe_chopesgames\app\Controllers\Visiteur.php(183): view('visiteur/s_enre...', Array)
#5 C:\2022\ppe_chopesgames\system\CodeIgniter.php(824): App\Controllers\Visiteur->s_enregistrer()
#6 C:\2022\ppe_chopesgames\system\CodeIgniter.php(410): CodeIgniter\CodeIgniter->runController(Object(App\Controllers\Visiteur))
#7 C:\2022\ppe_chopesgames\system\CodeIgniter.php(318): CodeIgniter\CodeIgniter->handleRequest(NULL, Object(Config\Cache), false)
#8 C:\2022\ppe_chopesgames\public\index.php(37): CodeIgniter\CodeIgniter->run()
#9 C:\2022\ppe_chopesgames\system\Commands\Server\rewrite.php(43): require_once('C:\\2022\\ppe_cho...')
#10 {main}
CRITICAL - 2021-11-21 02:52:13 --> Undefined variable: TitreDeLaPage
#0 C:\2022\ppe_chopesgames\app\Views\visiteur\s_enregistrer.php(9): CodeIgniter\Debug\Exceptions->errorHandler(8, 'Undefined varia...', 'C:\\2022\\ppe_cho...', 9, Array)
#1 C:\2022\ppe_chopesgames\system\View\View.php(214): include('C:\\2022\\ppe_cho...')
#2 C:\2022\ppe_chopesgames\system\View\View.php(217): CodeIgniter\View\View->CodeIgniter\View\{closure}()
#3 C:\2022\ppe_chopesgames\system\Common.php(1097): CodeIgniter\View\View->render('visiteur/s_enre...', Array, true)
#4 C:\2022\ppe_chopesgames\app\Controllers\Visiteur.php(183): view('visiteur/s_enre...', Array)
#5 C:\2022\ppe_chopesgames\system\CodeIgniter.php(824): App\Controllers\Visiteur->s_enregistrer()
#6 C:\2022\ppe_chopesgames\system\CodeIgniter.php(410): CodeIgniter\CodeIgniter->runController(Object(App\Controllers\Visiteur))
#7 C:\2022\ppe_chopesgames\system\CodeIgniter.php(318): CodeIgniter\CodeIgniter->handleRequest(NULL, Object(Config\Cache), false)
#8 C:\2022\ppe_chopesgames\public\index.php(37): CodeIgniter\CodeIgniter->run()
#9 C:\2022\ppe_chopesgames\system\Commands\Server\rewrite.php(43): require_once('C:\\2022\\ppe_cho...')
#10 {main}
CRITICAL - 2021-11-21 02:52:16 --> Undefined variable: TitreDeLaPage
#0 C:\2022\ppe_chopesgames\app\Views\visiteur\s_enregistrer.php(9): CodeIgniter\Debug\Exceptions->errorHandler(8, 'Undefined varia...', 'C:\\2022\\ppe_cho...', 9, Array)
#1 C:\2022\ppe_chopesgames\system\View\View.php(214): include('C:\\2022\\ppe_cho...')
#2 C:\2022\ppe_chopesgames\system\View\View.php(217): CodeIgniter\View\View->CodeIgniter\View\{closure}()
#3 C:\2022\ppe_chopesgames\system\Common.php(1097): CodeIgniter\View\View->render('visiteur/s_enre...', Array, true)
#4 C:\2022\ppe_chopesgames\app\Controllers\Visiteur.php(183): view('visiteur/s_enre...', Array)
#5 C:\2022\ppe_chopesgames\system\CodeIgniter.php(824): App\Controllers\Visiteur->s_enregistrer()
#6 C:\2022\ppe_chopesgames\system\CodeIgniter.php(410): CodeIgniter\CodeIgniter->runController(Object(App\Controllers\Visiteur))
#7 C:\2022\ppe_chopesgames\system\CodeIgniter.php(318): CodeIgniter\CodeIgniter->handleRequest(NULL, Object(Config\Cache), false)
#8 C:\2022\ppe_chopesgames\public\index.php(37): CodeIgniter\CodeIgniter->run()
#9 C:\2022\ppe_chopesgames\system\Commands\Server\rewrite.php(43): require_once('C:\\2022\\ppe_cho...')
#10 {main}
ERROR - 2021-11-21 03:08:50 --> Champ 'id' inconnu dans where clause
CRITICAL - 2021-11-21 03:08:50 --> Champ 'id' inconnu dans where clause
#0 C:\2022\ppe_chopesgames\system\Database\MySQLi\Connection.php(292): mysqli->query('SELECT COUNT(*)...', 0)
#1 C:\2022\ppe_chopesgames\system\Database\BaseConnection.php(670): CodeIgniter\Database\MySQLi\Connection->execute('SELECT COUNT(*)...')
#2 C:\2022\ppe_chopesgames\system\Database\BaseConnection.php(598): CodeIgniter\Database\BaseConnection->simpleQuery('SELECT COUNT(*)...')
#3 C:\2022\ppe_chopesgames\system\Database\BaseBuilder.php(1527): CodeIgniter\Database\BaseConnection->query('SELECT COUNT(*)...', Array, false)
#4 C:\2022\ppe_chopesgames\system\Model.php(509): CodeIgniter\Database\BaseBuilder->countAllResults(true)
#5 C:\2022\ppe_chopesgames\system\Model.php(592): CodeIgniter\Model->countAllResults()
#6 C:\2022\ppe_chopesgames\system\BaseModel.php(655): CodeIgniter\Model->shouldUpdate(Array)
#7 C:\2022\ppe_chopesgames\app\Controllers\Visiteur.php(195): CodeIgniter\BaseModel->save(Array)
#8 C:\2022\ppe_chopesgames\system\CodeIgniter.php(824): App\Controllers\Visiteur->s_enregistrer()
#9 C:\2022\ppe_chopesgames\system\CodeIgniter.php(410): CodeIgniter\CodeIgniter->runController(Object(App\Controllers\Visiteur))
#10 C:\2022\ppe_chopesgames\system\CodeIgniter.php(318): CodeIgniter\CodeIgniter->handleRequest(NULL, Object(Config\Cache), false)
#11 C:\2022\ppe_chopesgames\public\index.php(37): CodeIgniter\CodeIgniter->run()
#12 C:\2022\ppe_chopesgames\system\Commands\Server\rewrite.php(43): require_once('C:\\2022\\ppe_cho...')
#13 {main}
CRITICAL - 2021-11-21 03:34:55 --> Undefined variable: TitreDeLaPage
#0 C:\2022\ppe_chopesgames\app\Views\visiteur\s_enregistrer.php(9): CodeIgniter\Debug\Exceptions->errorHandler(8, 'Undefined varia...', 'C:\\2022\\ppe_cho...', 9, Array)
#1 C:\2022\ppe_chopesgames\system\View\View.php(214): include('C:\\2022\\ppe_cho...')
#2 C:\2022\ppe_chopesgames\system\View\View.php(217): CodeIgniter\View\View->CodeIgniter\View\{closure}()
#3 C:\2022\ppe_chopesgames\system\Common.php(1097): CodeIgniter\View\View->render('visiteur/s_enre...', Array, true)
#4 C:\2022\ppe_chopesgames\app\Controllers\Visiteur.php(182): view('visiteur/s_enre...', Array)
#5 C:\2022\ppe_chopesgames\system\CodeIgniter.php(824): App\Controllers\Visiteur->s_enregistrer()
#6 C:\2022\ppe_chopesgames\system\CodeIgniter.php(410): CodeIgniter\CodeIgniter->runController(Object(App\Controllers\Visiteur))
#7 C:\2022\ppe_chopesgames\system\CodeIgniter.php(318): CodeIgniter\CodeIgniter->handleRequest(NULL, Object(Config\Cache), false)
#8 C:\2022\ppe_chopesgames\public\index.php(37): CodeIgniter\CodeIgniter->run()
#9 C:\2022\ppe_chopesgames\system\Commands\Server\rewrite.php(43): require_once('C:\\2022\\ppe_cho...')
#10 {main}
CRITICAL - 2021-11-21 05:20:21 --> Unsupported operand types
#0 C:\2022\ppe_chopesgames\system\CodeIgniter.php(824): App\Controllers\Visiteur->se_connecter()
#1 C:\2022\ppe_chopesgames\system\CodeIgniter.php(410): CodeIgniter\CodeIgniter->runController(Object(App\Controllers\Visiteur))
#2 C:\2022\ppe_chopesgames\system\CodeIgniter.php(318): CodeIgniter\CodeIgniter->handleRequest(NULL, Object(Config\Cache), false)
#3 C:\2022\ppe_chopesgames\public\index.php(37): CodeIgniter\CodeIgniter->run()
#4 C:\2022\ppe_chopesgames\system\Commands\Server\rewrite.php(43): require_once('C:\\2022\\ppe_cho...')
#5 {main}
CRITICAL - 2021-11-21 08:48:12 --> Undefined variable: session
#0 C:\2022\ppe_chopesgames\app\Controllers\Visiteur.php(213): CodeIgniter\Debug\Exceptions->errorHandler(8, 'Undefined varia...', 'C:\\2022\\ppe_cho...', 213, Array)
#1 C:\2022\ppe_chopesgames\system\CodeIgniter.php(824): App\Controllers\Visiteur->s_enregistrer()
#2 C:\2022\ppe_chopesgames\system\CodeIgniter.php(410): CodeIgniter\CodeIgniter->runController(Object(App\Controllers\Visiteur))
#3 C:\2022\ppe_chopesgames\system\CodeIgniter.php(318): CodeIgniter\CodeIgniter->handleRequest(NULL, Object(Config\Cache), false)
#4 C:\2022\ppe_chopesgames\public\index.php(37): CodeIgniter\CodeIgniter->run()
#5 C:\2022\ppe_chopesgames\system\Commands\Server\rewrite.php(43): require_once('C:\\2022\\ppe_cho...')
#6 {main}
CRITICAL - 2021-11-21 09:01:20 --> Undefined index: txtNom
#0 C:\2022\ppe_chopesgames\app\Controllers\Visiteur.php(219): CodeIgniter\Debug\Exceptions->errorHandler(8, 'Undefined index...', 'C:\\2022\\ppe_cho...', 219, Array)
#1 C:\2022\ppe_chopesgames\system\CodeIgniter.php(824): App\Controllers\Visiteur->s_enregistrer()
#2 C:\2022\ppe_chopesgames\system\CodeIgniter.php(410): CodeIgniter\CodeIgniter->runController(Object(App\Controllers\Visiteur))
#3 C:\2022\ppe_chopesgames\system\CodeIgniter.php(318): CodeIgniter\CodeIgniter->handleRequest(NULL, Object(Config\Cache), false)
#4 C:\2022\ppe_chopesgames\public\index.php(37): CodeIgniter\CodeIgniter->run()
#5 C:\2022\ppe_chopesgames\system\Commands\Server\rewrite.php(43): require_once('C:\\2022\\ppe_cho...')
#6 {main}
CRITICAL - 2021-11-21 09:18:39 --> Undefined variable: txtPrenom
#0 C:\2022\ppe_chopesgames\app\Views\visiteur\s_enregistrer.php(15): CodeIgniter\Debug\Exceptions->errorHandler(8, 'Undefined varia...', 'C:\\2022\\ppe_cho...', 15, Array)
#1 C:\2022\ppe_chopesgames\system\View\View.php(214): include('C:\\2022\\ppe_cho...')
#2 C:\2022\ppe_chopesgames\system\View\View.php(217): CodeIgniter\View\View->CodeIgniter\View\{closure}()
#3 C:\2022\ppe_chopesgames\system\Common.php(1097): CodeIgniter\View\View->render('visiteur/s_enre...', Array, true)
#4 C:\2022\ppe_chopesgames\app\Controllers\Visiteur.php(222): view('visiteur/s_enre...', Array)
#5 C:\2022\ppe_chopesgames\system\CodeIgniter.php(824): App\Controllers\Visiteur->s_enregistrer()
#6 C:\2022\ppe_chopesgames\system\CodeIgniter.php(410): CodeIgniter\CodeIgniter->runController(Object(App\Controllers\Visiteur))
#7 C:\2022\ppe_chopesgames\system\CodeIgniter.php(318): CodeIgniter\CodeIgniter->handleRequest(NULL, Object(Config\Cache), false)
#8 C:\2022\ppe_chopesgames\public\index.php(37): CodeIgniter\CodeIgniter->run()
#9 C:\2022\ppe_chopesgames\system\Commands\Server\rewrite.php(43): require_once('C:\\2022\\ppe_cho...')
#10 {main}
CRITICAL - 2021-11-21 09:19:30 --> Undefined variable: txtNom
#0 C:\2022\ppe_chopesgames\app\Views\visiteur\s_enregistrer.php(12): CodeIgniter\Debug\Exceptions->errorHandler(8, 'Undefined varia...', 'C:\\2022\\ppe_cho...', 12, Array)
#1 C:\2022\ppe_chopesgames\system\View\View.php(214): include('C:\\2022\\ppe_cho...')
#2 C:\2022\ppe_chopesgames\system\View\View.php(217): CodeIgniter\View\View->CodeIgniter\View\{closure}()
#3 C:\2022\ppe_chopesgames\system\Common.php(1097): CodeIgniter\View\View->render('visiteur/s_enre...', Array, true)
#4 C:\2022\ppe_chopesgames\app\Controllers\Visiteur.php(222): view('visiteur/s_enre...', Array)
#5 C:\2022\ppe_chopesgames\system\CodeIgniter.php(824): App\Controllers\Visiteur->s_enregistrer()
#6 C:\2022\ppe_chopesgames\system\CodeIgniter.php(410): CodeIgniter\CodeIgniter->runController(Object(App\Controllers\Visiteur))
#7 C:\2022\ppe_chopesgames\system\CodeIgniter.php(318): CodeIgniter\CodeIgniter->handleRequest(NULL, Object(Config\Cache), false)
#8 C:\2022\ppe_chopesgames\public\index.php(37): CodeIgniter\CodeIgniter->run()
#9 C:\2022\ppe_chopesgames\system\Commands\Server\rewrite.php(43): require_once('C:\\2022\\ppe_cho...')
#10 {main}
CRITICAL - 2021-11-21 09:27:31 --> Undefined variable: txtPrenom
#0 C:\2022\ppe_chopesgames\app\Views\visiteur\s_enregistrer.php(16): CodeIgniter\Debug\Exceptions->errorHandler(8, 'Undefined varia...', 'C:\\2022\\ppe_cho...', 16, Array)
#1 C:\2022\ppe_chopesgames\system\View\View.php(214): include('C:\\2022\\ppe_cho...')
#2 C:\2022\ppe_chopesgames\system\View\View.php(217): CodeIgniter\View\View->CodeIgniter\View\{closure}()
#3 C:\2022\ppe_chopesgames\system\Common.php(1097): CodeIgniter\View\View->render('visiteur/s_enre...', Array, true)
#4 C:\2022\ppe_chopesgames\app\Controllers\Visiteur.php(222): view('visiteur/s_enre...', Array)
#5 C:\2022\ppe_chopesgames\system\CodeIgniter.php(824): App\Controllers\Visiteur->s_enregistrer()
#6 C:\2022\ppe_chopesgames\system\CodeIgniter.php(410): CodeIgniter\CodeIgniter->runController(Object(App\Controllers\Visiteur))
#7 C:\2022\ppe_chopesgames\system\CodeIgniter.php(318): CodeIgniter\CodeIgniter->handleRequest(NULL, Object(Config\Cache), false)
#8 C:\2022\ppe_chopesgames\public\index.php(37): CodeIgniter\CodeIgniter->run()
#9 C:\2022\ppe_chopesgames\system\Commands\Server\rewrite.php(43): require_once('C:\\2022\\ppe_cho...')
#10 {main}
CRITICAL - 2021-11-21 09:30:43 --> Undefined variable: txtNom
#0 C:\2022\ppe_chopesgames\app\Views\visiteur\s_enregistrer.php(13): CodeIgniter\Debug\Exceptions->errorHandler(8, 'Undefined varia...', 'C:\\2022\\ppe_cho...', 13, Array)
#1 C:\2022\ppe_chopesgames\system\View\View.php(214): include('C:\\2022\\ppe_cho...')
#2 C:\2022\ppe_chopesgames\system\View\View.php(217): CodeIgniter\View\View->CodeIgniter\View\{closure}()
#3 C:\2022\ppe_chopesgames\system\Common.php(1097): CodeIgniter\View\View->render('visiteur/s_enre...', Array, true)
#4 C:\2022\ppe_chopesgames\app\Controllers\Visiteur.php(222): view('visiteur/s_enre...', Array)
#5 C:\2022\ppe_chopesgames\system\CodeIgniter.php(824): App\Controllers\Visiteur->s_enregistrer()
#6 C:\2022\ppe_chopesgames\system\CodeIgniter.php(410): CodeIgniter\CodeIgniter->runController(Object(App\Controllers\Visiteur))
#7 C:\2022\ppe_chopesgames\system\CodeIgniter.php(318): CodeIgniter\CodeIgniter->handleRequest(NULL, Object(Config\Cache), false)
#8 C:\2022\ppe_chopesgames\public\index.php(37): CodeIgniter\CodeIgniter->run()
#9 C:\2022\ppe_chopesgames\system\Commands\Server\rewrite.php(43): require_once('C:\\2022\\ppe_cho...')
#10 {main}
CRITICAL - 2021-11-21 09:38:03 --> syntax error, unexpected 'echo' (T_ECHO), expecting function (T_FUNCTION) or const (T_CONST)
#0 C:\2022\ppe_chopesgames\system\Router\Router.php(176): CodeIgniter\Router\Router->autoRoute('Visiteur/s_enre...')
#1 C:\2022\ppe_chopesgames\system\CodeIgniter.php(718): CodeIgniter\Router\Router->handle('Visiteur/s_enre...')
#2 C:\2022\ppe_chopesgames\system\CodeIgniter.php(359): CodeIgniter\CodeIgniter->tryToRouteIt(Object(CodeIgniter\Router\RouteCollection))
#3 C:\2022\ppe_chopesgames\system\CodeIgniter.php(318): CodeIgniter\CodeIgniter->handleRequest(NULL, Object(Config\Cache), false)
#4 C:\2022\ppe_chopesgames\public\index.php(37): CodeIgniter\CodeIgniter->run()
#5 C:\2022\ppe_chopesgames\system\Commands\Server\rewrite.php(43): require_once('C:\\2022\\ppe_cho...')
#6 {main}
CRITICAL - 2021-11-21 09:47:17 --> strpos(): Offset not contained in string
#0 [internal function]: CodeIgniter\Debug\Exceptions->errorHandler(2, 'strpos(): Offse...', 'C:\\2022\\ppe_cho...', 702, Array)
#1 C:\2022\ppe_chopesgames\system\Validation\Validation.php(702): strpos('required|valid_...', '|', 22)
#2 C:\2022\ppe_chopesgames\system\Validation\Validation.php(138): CodeIgniter\Validation\Validation->splitRules(Array)
#3 C:\2022\ppe_chopesgames\system\Controller.php(160): CodeIgniter\Validation\Validation->run()
#4 C:\2022\ppe_chopesgames\app\Controllers\Visiteur.php(214): CodeIgniter\Controller->validate(Array, Array)
#5 C:\2022\ppe_chopesgames\system\CodeIgniter.php(824): App\Controllers\Visiteur->s_enregistrer()
#6 C:\2022\ppe_chopesgames\system\CodeIgniter.php(410): CodeIgniter\CodeIgniter->runController(Object(App\Controllers\Visiteur))
#7 C:\2022\ppe_chopesgames\system\CodeIgniter.php(318): CodeIgniter\CodeIgniter->handleRequest(NULL, Object(Config\Cache), false)
#8 C:\2022\ppe_chopesgames\public\index.php(37): CodeIgniter\CodeIgniter->run()
#9 C:\2022\ppe_chopesgames\system\Commands\Server\rewrite.php(43): require_once('C:\\2022\\ppe_cho...')
#10 {main}
CRITICAL - 2021-11-21 09:48:40 --> There is no data to update.
#0 C:\2022\ppe_chopesgames\system\BaseModel.php(1574): CodeIgniter\Database\Exceptions\DataException::forEmptyDataset('update')
#1 C:\2022\ppe_chopesgames\system\BaseModel.php(832): CodeIgniter\BaseModel->transformDataToArray(NULL, 'update')
#2 C:\2022\ppe_chopesgames\system\Model.php(646): CodeIgniter\BaseModel->update(Array, NULL)
#3 C:\2022\ppe_chopesgames\app\Controllers\Visiteur.php(249): CodeIgniter\Model->update(Array)
#4 C:\2022\ppe_chopesgames\system\CodeIgniter.php(824): App\Controllers\Visiteur->s_enregistrer()
#5 C:\2022\ppe_chopesgames\system\CodeIgniter.php(410): CodeIgniter\CodeIgniter->runController(Object(App\Controllers\Visiteur))
#6 C:\2022\ppe_chopesgames\system\CodeIgniter.php(318): CodeIgniter\CodeIgniter->handleRequest(NULL, Object(Config\Cache), false)
#7 C:\2022\ppe_chopesgames\public\index.php(37): CodeIgniter\CodeIgniter->run()
#8 C:\2022\ppe_chopesgames\system\Commands\Server\rewrite.php(43): require_once('C:\\2022\\ppe_cho...')
#9 {main}
CRITICAL - 2021-11-21 10:06:08 --> Return value of CodeIgniter\BaseModel::transformDataToArray() must be of the type array, string returned
#0 C:\2022\ppe_chopesgames\system\BaseModel.php(832): CodeIgniter\BaseModel->transformDataToArray('id=15', 'update')
#1 C:\2022\ppe_chopesgames\system\Model.php(646): CodeIgniter\BaseModel->update(Array, 'id=15')
#2 C:\2022\ppe_chopesgames\app\Controllers\Visiteur.php(249): CodeIgniter\Model->update(Array, 'id=15')
#3 C:\2022\ppe_chopesgames\system\CodeIgniter.php(824): App\Controllers\Visiteur->s_enregistrer()
#4 C:\2022\ppe_chopesgames\system\CodeIgniter.php(410): CodeIgniter\CodeIgniter->runController(Object(App\Controllers\Visiteur))
#5 C:\2022\ppe_chopesgames\system\CodeIgniter.php(318): CodeIgniter\CodeIgniter->handleRequest(NULL, Object(Config\Cache), false)
#6 C:\2022\ppe_chopesgames\public\index.php(37): CodeIgniter\CodeIgniter->run()
#7 C:\2022\ppe_chopesgames\system\Commands\Server\rewrite.php(43): require_once('C:\\2022\\ppe_cho...')
#8 {main}
CRITICAL - 2021-11-21 10:10:31 --> Return value of CodeIgniter\BaseModel::transformDataToArray() must be of the type array, string returned
#0 C:\2022\ppe_chopesgames\system\BaseModel.php(832): CodeIgniter\BaseModel->transformDataToArray('id=15', 'update')
#1 C:\2022\ppe_chopesgames\system\Model.php(646): CodeIgniter\BaseModel->update(Array, 'id=15')
#2 C:\2022\ppe_chopesgames\app\Controllers\Visiteur.php(249): CodeIgniter\Model->update(Array, 'id=15')
#3 C:\2022\ppe_chopesgames\system\CodeIgniter.php(824): App\Controllers\Visiteur->s_enregistrer()
#4 C:\2022\ppe_chopesgames\system\CodeIgniter.php(410): CodeIgniter\CodeIgniter->runController(Object(App\Controllers\Visiteur))
#5 C:\2022\ppe_chopesgames\system\CodeIgniter.php(318): CodeIgniter\CodeIgniter->handleRequest(NULL, Object(Config\Cache), false)
#6 C:\2022\ppe_chopesgames\public\index.php(37): CodeIgniter\CodeIgniter->run()
#7 C:\2022\ppe_chopesgames\system\Commands\Server\rewrite.php(43): require_once('C:\\2022\\ppe_cho...')
#8 {main}
CRITICAL - 2021-11-21 10:11:19 --> Return value of CodeIgniter\BaseModel::transformDataToArray() must be of the type array, string returned
#0 C:\2022\ppe_chopesgames\system\BaseModel.php(832): CodeIgniter\BaseModel->transformDataToArray('id=15', 'update')
#1 C:\2022\ppe_chopesgames\system\Model.php(646): CodeIgniter\BaseModel->update(Array, 'id=15')
#2 C:\2022\ppe_chopesgames\app\Controllers\Visiteur.php(249): CodeIgniter\Model->update(Array, 'id=15')
#3 C:\2022\ppe_chopesgames\system\CodeIgniter.php(824): App\Controllers\Visiteur->s_enregistrer()
#4 C:\2022\ppe_chopesgames\system\CodeIgniter.php(410): CodeIgniter\CodeIgniter->runController(Object(App\Controllers\Visiteur))
#5 C:\2022\ppe_chopesgames\system\CodeIgniter.php(318): CodeIgniter\CodeIgniter->handleRequest(NULL, Object(Config\Cache), false)
#6 C:\2022\ppe_chopesgames\public\index.php(37): CodeIgniter\CodeIgniter->run()
#7 C:\2022\ppe_chopesgames\system\Commands\Server\rewrite.php(43): require_once('C:\\2022\\ppe_cho...')
#8 {main}
CRITICAL - 2021-11-21 10:13:24 --> There is no data to update.
#0 C:\2022\ppe_chopesgames\system\BaseModel.php(846): CodeIgniter\Database\Exceptions\DataException::forEmptyDataset('update')
#1 C:\2022\ppe_chopesgames\system\Model.php(646): CodeIgniter\BaseModel->update(Array, Array)
#2 C:\2022\ppe_chopesgames\app\Controllers\Visiteur.php(249): CodeIgniter\Model->update(Array, Array)
#3 C:\2022\ppe_chopesgames\system\CodeIgniter.php(824): App\Controllers\Visiteur->s_enregistrer()
#4 C:\2022\ppe_chopesgames\system\CodeIgniter.php(410): CodeIgniter\CodeIgniter->runController(Object(App\Controllers\Visiteur))
#5 C:\2022\ppe_chopesgames\system\CodeIgniter.php(318): CodeIgniter\CodeIgniter->handleRequest(NULL, Object(Config\Cache), false)
#6 C:\2022\ppe_chopesgames\public\index.php(37): CodeIgniter\CodeIgniter->run()
#7 C:\2022\ppe_chopesgames\system\Commands\Server\rewrite.php(43): require_once('C:\\2022\\ppe_cho...')
#8 {main}
CRITICAL - 2021-11-21 10:17:25 --> Return value of CodeIgniter\BaseModel::transformDataToArray() must be of the type array, string returned
#0 C:\2022\ppe_chopesgames\system\BaseModel.php(832): CodeIgniter\BaseModel->transformDataToArray('id = 15', 'update')
#1 C:\2022\ppe_chopesgames\system\Model.php(646): CodeIgniter\BaseModel->update(Array, 'id = 15')
#2 C:\2022\ppe_chopesgames\app\Controllers\Visiteur.php(250): CodeIgniter\Model->update(Array, 'id = 15')
#3 C:\2022\ppe_chopesgames\system\CodeIgniter.php(824): App\Controllers\Visiteur->s_enregistrer()
#4 C:\2022\ppe_chopesgames\system\CodeIgniter.php(410): CodeIgniter\CodeIgniter->runController(Object(App\Controllers\Visiteur))
#5 C:\2022\ppe_chopesgames\system\CodeIgniter.php(318): CodeIgniter\CodeIgniter->handleRequest(NULL, Object(Config\Cache), false)
#6 C:\2022\ppe_chopesgames\public\index.php(37): CodeIgniter\CodeIgniter->run()
#7 C:\2022\ppe_chopesgames\system\Commands\Server\rewrite.php(43): require_once('C:\\2022\\ppe_cho...')
#8 {main}
CRITICAL - 2021-11-21 10:31:00 --> There is no data to update.
#0 C:\2022\ppe_chopesgames\system\BaseModel.php(1574): CodeIgniter\Database\Exceptions\DataException::forEmptyDataset('update')
#1 C:\2022\ppe_chopesgames\system\BaseModel.php(832): CodeIgniter\BaseModel->transformDataToArray(NULL, 'update')
#2 C:\2022\ppe_chopesgames\system\Model.php(646): CodeIgniter\BaseModel->update(Array, NULL)
#3 C:\2022\ppe_chopesgames\app\Controllers\Visiteur.php(255): CodeIgniter\Model->update(Array)
#4 C:\2022\ppe_chopesgames\system\CodeIgniter.php(824): App\Controllers\Visiteur->s_enregistrer()
#5 C:\2022\ppe_chopesgames\system\CodeIgniter.php(410): CodeIgniter\CodeIgniter->runController(Object(App\Controllers\Visiteur))
#6 C:\2022\ppe_chopesgames\system\CodeIgniter.php(318): CodeIgniter\CodeIgniter->handleRequest(NULL, Object(Config\Cache), false)
#7 C:\2022\ppe_chopesgames\public\index.php(37): CodeIgniter\CodeIgniter->run()
#8 C:\2022\ppe_chopesgames\system\Commands\Server\rewrite.php(43): require_once('C:\\2022\\ppe_cho...')
#9 {main}
CRITICAL - 2021-11-21 11:36:08 --> Undefined index: SITE
#0 C:\2022\ppe_chopesgames\app\Controllers\Client.php(40): CodeIgniter\Debug\Exceptions->errorHandler(8, 'Undefined index...', 'C:\\2022\\ppe_cho...', 40, Array)
#1 C:\2022\ppe_chopesgames\system\CodeIgniter.php(824): App\Controllers\client->validation_commande()
#2 C:\2022\ppe_chopesgames\system\CodeIgniter.php(410): CodeIgniter\CodeIgniter->runController(Object(App\Controllers\client))
#3 C:\2022\ppe_chopesgames\system\CodeIgniter.php(318): CodeIgniter\CodeIgniter->handleRequest(NULL, Object(Config\Cache), false)
#4 C:\2022\ppe_chopesgames\public\index.php(37): CodeIgniter\CodeIgniter->run()
#5 C:\2022\ppe_chopesgames\system\Commands\Server\rewrite.php(43): require_once('C:\\2022\\ppe_cho...')
#6 {main}
CRITICAL - 2021-11-21 11:40:26 --> Call to undefined function App\Controllers\php_url()
#0 C:\2022\ppe_chopesgames\system\CodeIgniter.php(824): App\Controllers\client->validation_commande()
#1 C:\2022\ppe_chopesgames\system\CodeIgniter.php(410): CodeIgniter\CodeIgniter->runController(Object(App\Controllers\client))
#2 C:\2022\ppe_chopesgames\system\CodeIgniter.php(318): CodeIgniter\CodeIgniter->handleRequest(NULL, Object(Config\Cache), false)
#3 C:\2022\ppe_chopesgames\public\index.php(37): CodeIgniter\CodeIgniter->run()
#4 C:\2022\ppe_chopesgames\system\Commands\Server\rewrite.php(43): require_once('C:\\2022\\ppe_cho...')
#5 {main}
CRITICAL - 2021-11-21 11:41:41 --> Class 'App\Controllers\DOMDocument' not found
#0 C:\2022\ppe_chopesgames\system\CodeIgniter.php(824): App\Controllers\client->validation_commande()
#1 C:\2022\ppe_chopesgames\system\CodeIgniter.php(410): CodeIgniter\CodeIgniter->runController(Object(App\Controllers\client))
#2 C:\2022\ppe_chopesgames\system\CodeIgniter.php(318): CodeIgniter\CodeIgniter->handleRequest(NULL, Object(Config\Cache), false)
#3 C:\2022\ppe_chopesgames\public\index.php(37): CodeIgniter\CodeIgniter->run()
#4 C:\2022\ppe_chopesgames\system\Commands\Server\rewrite.php(43): require_once('C:\\2022\\ppe_cho...')
#5 {main}
CRITICAL - 2021-11-21 11:44:43 --> syntax error, unexpected end of file
#0 C:\2022\ppe_chopesgames\system\View\View.php(217): CodeIgniter\View\View->CodeIgniter\View\{closure}()
#1 C:\2022\ppe_chopesgames\system\Common.php(1097): CodeIgniter\View\View->render('Client/validati...', Array, true)
#2 C:\2022\ppe_chopesgames\app\Controllers\Client.php(179): view('Client/validati...', Array)
#3 C:\2022\ppe_chopesgames\system\CodeIgniter.php(824): App\Controllers\client->validation_commande()
#4 C:\2022\ppe_chopesgames\system\CodeIgniter.php(410): CodeIgniter\CodeIgniter->runController(Object(App\Controllers\client))
#5 C:\2022\ppe_chopesgames\system\CodeIgniter.php(318): CodeIgniter\CodeIgniter->handleRequest(NULL, Object(Config\Cache), false)
#6 C:\2022\ppe_chopesgames\public\index.php(37): CodeIgniter\CodeIgniter->run()
#7 C:\2022\ppe_chopesgames\system\Commands\Server\rewrite.php(43): require_once('C:\\2022\\ppe_cho...')
#8 {main}
CRITICAL - 2021-11-21 11:56:51 --> Undefined variable: id
#0 C:\2022\ppe_chopesgames\app\Views\client\validation_commande.php(22): CodeIgniter\Debug\Exceptions->errorHandler(8, 'Undefined varia...', 'C:\\2022\\ppe_cho...', 22, Array)
#1 C:\2022\ppe_chopesgames\system\View\View.php(214): include('C:\\2022\\ppe_cho...')
#2 C:\2022\ppe_chopesgames\system\View\View.php(217): CodeIgniter\View\View->CodeIgniter\View\{closure}()
#3 C:\2022\ppe_chopesgames\system\Common.php(1097): CodeIgniter\View\View->render('Client/validati...', Array, true)
#4 C:\2022\ppe_chopesgames\app\Controllers\Client.php(179): view('Client/validati...', Array)
#5 C:\2022\ppe_chopesgames\system\CodeIgniter.php(824): App\Controllers\client->validation_commande()
#6 C:\2022\ppe_chopesgames\system\CodeIgniter.php(410): CodeIgniter\CodeIgniter->runController(Object(App\Controllers\client))
#7 C:\2022\ppe_chopesgames\system\CodeIgniter.php(318): CodeIgniter\CodeIgniter->handleRequest(NULL, Object(Config\Cache), false)
#8 C:\2022\ppe_chopesgames\public\index.php(37): CodeIgniter\CodeIgniter->run()
#9 C:\2022\ppe_chopesgames\system\Commands\Server\rewrite.php(43): require_once('C:\\2022\\ppe_cho...')
#10 {main}
CRITICAL - 2021-11-21 14:28:12 --> array_values() expects parameter 1 to be array, null given
#0 [internal function]: CodeIgniter\Debug\Exceptions->errorHandler(2, 'array_values() ...', 'C:\\2022\\ppe_cho...', 54, Array)
#1 C:\2022\ppe_chopesgames\app\Controllers\Client.php(54): array_values(NULL)
#2 C:\2022\ppe_chopesgames\system\CodeIgniter.php(824): App\Controllers\client->validation_commande()
#3 C:\2022\ppe_chopesgames\system\CodeIgniter.php(410): CodeIgniter\CodeIgniter->runController(Object(App\Controllers\client))
#4 C:\2022\ppe_chopesgames\system\CodeIgniter.php(318): CodeIgniter\CodeIgniter->handleRequest(NULL, Object(Config\Cache), false)
#5 C:\2022\ppe_chopesgames\public\index.php(37): CodeIgniter\CodeIgniter->run()
#6 C:\2022\ppe_chopesgames\system\Commands\Server\rewrite.php(43): require_once('C:\\2022\\ppe_cho...')
#7 {main}
CRITICAL - 2021-11-21 14:28:50 --> array_values() expects parameter 1 to be array, null given
#0 [internal function]: CodeIgniter\Debug\Exceptions->errorHandler(2, 'array_values() ...', 'C:\\2022\\ppe_cho...', 54, Array)
#1 C:\2022\ppe_chopesgames\app\Controllers\Client.php(54): array_values(NULL)
#2 C:\2022\ppe_chopesgames\system\CodeIgniter.php(824): App\Controllers\client->validation_commande()
#3 C:\2022\ppe_chopesgames\system\CodeIgniter.php(410): CodeIgniter\CodeIgniter->runController(Object(App\Controllers\client))
#4 C:\2022\ppe_chopesgames\system\CodeIgniter.php(318): CodeIgniter\CodeIgniter->handleRequest(NULL, Object(Config\Cache), false)
#5 C:\2022\ppe_chopesgames\public\index.php(37): CodeIgniter\CodeIgniter->run()
#6 C:\2022\ppe_chopesgames\system\Commands\Server\rewrite.php(43): require_once('C:\\2022\\ppe_cho...')
#7 {main}
CRITICAL - 2021-11-21 14:28:53 --> array_values() expects parameter 1 to be array, null given
#0 [internal function]: CodeIgniter\Debug\Exceptions->errorHandler(2, 'array_values() ...', 'C:\\2022\\ppe_cho...', 54, Array)
#1 C:\2022\ppe_chopesgames\app\Controllers\Client.php(54): array_values(NULL)
#2 C:\2022\ppe_chopesgames\system\CodeIgniter.php(824): App\Controllers\client->validation_commande()
#3 C:\2022\ppe_chopesgames\system\CodeIgniter.php(410): CodeIgniter\CodeIgniter->runController(Object(App\Controllers\client))
#4 C:\2022\ppe_chopesgames\system\CodeIgniter.php(318): CodeIgniter\CodeIgniter->handleRequest(NULL, Object(Config\Cache), false)
#5 C:\2022\ppe_chopesgames\public\index.php(37): CodeIgniter\CodeIgniter->run()
#6 C:\2022\ppe_chopesgames\system\Commands\Server\rewrite.php(43): require_once('C:\\2022\\ppe_cho...')
#7 {main}
CRITICAL - 2021-11-21 14:28:58 --> array_values() expects parameter 1 to be array, null given
#0 [internal function]: CodeIgniter\Debug\Exceptions->errorHandler(2, 'array_values() ...', 'C:\\2022\\ppe_cho...', 54, Array)
#1 C:\2022\ppe_chopesgames\app\Controllers\Client.php(54): array_values(NULL)
#2 C:\2022\ppe_chopesgames\system\CodeIgniter.php(824): App\Controllers\client->validation_commande()
#3 C:\2022\ppe_chopesgames\system\CodeIgniter.php(410): CodeIgniter\CodeIgniter->runController(Object(App\Controllers\client))
#4 C:\2022\ppe_chopesgames\system\CodeIgniter.php(318): CodeIgniter\CodeIgniter->handleRequest(NULL, Object(Config\Cache), false)
#5 C:\2022\ppe_chopesgames\public\index.php(37): CodeIgniter\CodeIgniter->run()
#6 C:\2022\ppe_chopesgames\system\Commands\Server\rewrite.php(43): require_once('C:\\2022\\ppe_cho...')
#7 {main}
CRITICAL - 2021-11-21 15:16:09 --> Invalid file: visiteur/connexion_administrateur.php
#0 C:\2022\ppe_chopesgames\system\View\View.php(198): CodeIgniter\Exceptions\FrameworkException::forInvalidFile('visiteur/connex...')
#1 C:\2022\ppe_chopesgames\system\Common.php(1097): CodeIgniter\View\View->render('visiteur/connex...', Array, true)
#2 C:\2022\ppe_chopesgames\app\Controllers\Visiteur.php(345): view('visiteur/connex...', Array)
#3 C:\2022\ppe_chopesgames\system\CodeIgniter.php(824): App\Controllers\Visiteur->connexion_administrateur()
#4 C:\2022\ppe_chopesgames\system\CodeIgniter.php(410): CodeIgniter\CodeIgniter->runController(Object(App\Controllers\Visiteur))
#5 C:\2022\ppe_chopesgames\system\CodeIgniter.php(318): CodeIgniter\CodeIgniter->handleRequest(NULL, Object(Config\Cache), false)
#6 C:\2022\ppe_chopesgames\public\index.php(37): CodeIgniter\CodeIgniter->run()
#7 C:\2022\ppe_chopesgames\system\Commands\Server\rewrite.php(43): require_once('C:\\2022\\ppe_cho...')
#8 {main}
