ERROR - 2021-12-01 13:22:42 --> Champ 'NOLIGNE' inconnu dans where clause
CRITICAL - 2021-12-01 13:22:42 --> Champ 'NOLIGNE' inconnu dans where clause
#0 C:\2022\ppe_chopesgames\system\Database\MySQLi\Connection.php(292): mysqli->query('SELECT COUNT(*)...', 0)
#1 C:\2022\ppe_chopesgames\system\Database\BaseConnection.php(670): CodeIgniter\Database\MySQLi\Connection->execute('SELECT COUNT(*)...')
#2 C:\2022\ppe_chopesgames\system\Database\BaseConnection.php(598): CodeIgniter\Database\BaseConnection->simpleQuery('SELECT COUNT(*)...')
#3 C:\2022\ppe_chopesgames\system\Database\BaseBuilder.php(1527): CodeIgniter\Database\BaseConnection->query('SELECT COUNT(*)...', Array, false)
#4 C:\2022\ppe_chopesgames\system\Model.php(509): CodeIgniter\Database\BaseBuilder->countAllResults(true)
#5 C:\2022\ppe_chopesgames\system\Model.php(592): CodeIgniter\Model->countAllResults()
#6 C:\2022\ppe_chopesgames\system\BaseModel.php(655): CodeIgniter\Model->shouldUpdate(Array)
#7 C:\2022\ppe_chopesgames\app\Controllers\Client.php(237): CodeIgniter\BaseModel->save(Array)
#8 C:\2022\ppe_chopesgames\system\CodeIgniter.php(824): App\Controllers\client->paiement_accepte()
#9 C:\2022\ppe_chopesgames\system\CodeIgniter.php(410): CodeIgniter\CodeIgniter->runController(Object(App\Controllers\client))
#10 C:\2022\ppe_chopesgames\system\CodeIgniter.php(318): CodeIgniter\CodeIgniter->handleRequest(NULL, Object(Config\Cache), false)
#11 C:\2022\ppe_chopesgames\public\index.php(37): CodeIgniter\CodeIgniter->run()
#12 C:\2022\ppe_chopesgames\system\Commands\Server\rewrite.php(43): require_once('C:\\2022\\ppe_cho...')
#13 {main}
ERROR - 2021-12-01 13:23:31 --> Champ 'id' inconnu dans where clause
CRITICAL - 2021-12-01 13:23:31 --> Champ 'id' inconnu dans where clause
#0 C:\2022\ppe_chopesgames\system\Database\MySQLi\Connection.php(292): mysqli->query('SELECT COUNT(*)...', 0)
#1 C:\2022\ppe_chopesgames\system\Database\BaseConnection.php(670): CodeIgniter\Database\MySQLi\Connection->execute('SELECT COUNT(*)...')
#2 C:\2022\ppe_chopesgames\system\Database\BaseConnection.php(598): CodeIgniter\Database\BaseConnection->simpleQuery('SELECT COUNT(*)...')
#3 C:\2022\ppe_chopesgames\system\Database\BaseBuilder.php(1527): CodeIgniter\Database\BaseConnection->query('SELECT COUNT(*)...', Array, false)
#4 C:\2022\ppe_chopesgames\system\Model.php(509): CodeIgniter\Database\BaseBuilder->countAllResults(true)
#5 C:\2022\ppe_chopesgames\system\Model.php(592): CodeIgniter\Model->countAllResults()
#6 C:\2022\ppe_chopesgames\system\BaseModel.php(655): CodeIgniter\Model->shouldUpdate(Array)
#7 C:\2022\ppe_chopesgames\app\Controllers\Client.php(237): CodeIgniter\BaseModel->save(Array)
#8 C:\2022\ppe_chopesgames\system\CodeIgniter.php(824): App\Controllers\client->paiement_accepte()
#9 C:\2022\ppe_chopesgames\system\CodeIgniter.php(410): CodeIgniter\CodeIgniter->runController(Object(App\Controllers\client))
#10 C:\2022\ppe_chopesgames\system\CodeIgniter.php(318): CodeIgniter\CodeIgniter->handleRequest(NULL, Object(Config\Cache), false)
#11 C:\2022\ppe_chopesgames\public\index.php(37): CodeIgniter\CodeIgniter->run()
#12 C:\2022\ppe_chopesgames\system\Commands\Server\rewrite.php(43): require_once('C:\\2022\\ppe_cho...')
#13 {main}
