CRITICAL - 2021-11-19 03:42:39 --> Call to undefined method App\Models\ModeleCategorie::findBy
#0 C:\2022\ppe_chopesgames\app\Models\ModeleCategorie.php(13): CodeIgniter\Model->__call('findBy', Array)
#1 C:\2022\ppe_chopesgames\app\Controllers\Visiteur.php(22): App\Models\ModeleCategorie->retourner_categories()
#2 C:\2022\ppe_chopesgames\system\CodeIgniter.php(824): App\Controllers\Visiteur->lister_les_produits()
#3 C:\2022\ppe_chopesgames\system\CodeIgniter.php(410): CodeIgniter\CodeIgniter->runController(Object(App\Controllers\Visiteur))
#4 C:\2022\ppe_chopesgames\system\CodeIgniter.php(318): CodeIgniter\CodeIgniter->handleRequest(NULL, Object(Config\Cache), false)
#5 C:\2022\ppe_chopesgames\public\index.php(37): CodeIgniter\CodeIgniter->run()
#6 C:\2022\ppe_chopesgames\system\Commands\Server\rewrite.php(43): require_once('C:\\2022\\ppe_cho...')
#7 {main}
ERROR - 2021-11-19 03:49:44 --> Error connecting to the database: Accès refusé pour l'utilisateur: ''@'@localhost' (mot de passe: OUI)
CRITICAL - 2021-11-19 03:49:44 --> Unable to connect to the database.
Main connection [MySQLi]: Accès refusé pour l'utilisateur: ''@'@localhost' (mot de passe: OUI)
#0 C:\2022\ppe_chopesgames\system\Database\BaseConnection.php(577): CodeIgniter\Database\BaseConnection->initialize()
#1 C:\2022\ppe_chopesgames\system\Database\BaseBuilder.php(1443): CodeIgniter\Database\BaseConnection->query('SELECT *\nFROM `...', Array, false)
#2 C:\2022\ppe_chopesgames\system\Model.php(183): CodeIgniter\Database\BaseBuilder->get()
#3 C:\2022\ppe_chopesgames\system\BaseModel.php(584): CodeIgniter\Model->doFindAll(0, 0)
#4 C:\2022\ppe_chopesgames\app\Models\ModeleCategorie.php(14): CodeIgniter\BaseModel->findAll()
#5 C:\2022\ppe_chopesgames\app\Controllers\Visiteur.php(22): App\Models\ModeleCategorie->retourner_categories()
#6 C:\2022\ppe_chopesgames\system\CodeIgniter.php(824): App\Controllers\Visiteur->lister_les_produits()
#7 C:\2022\ppe_chopesgames\system\CodeIgniter.php(410): CodeIgniter\CodeIgniter->runController(Object(App\Controllers\Visiteur))
#8 C:\2022\ppe_chopesgames\system\CodeIgniter.php(318): CodeIgniter\CodeIgniter->handleRequest(NULL, Object(Config\Cache), false)
#9 C:\2022\ppe_chopesgames\public\index.php(37): CodeIgniter\CodeIgniter->run()
#10 C:\2022\ppe_chopesgames\system\Commands\Server\rewrite.php(43): require_once('C:\\2022\\ppe_cho...')
#11 {main}
ERROR - 2021-11-19 03:51:48 --> La table 'ppe_chopesgames.categories' n'existe pas
CRITICAL - 2021-11-19 03:51:48 --> La table 'ppe_chopesgames.categories' n'existe pas
#0 C:\2022\ppe_chopesgames\system\Database\MySQLi\Connection.php(292): mysqli->query('SELECT *\nFROM `...', 0)
#1 C:\2022\ppe_chopesgames\system\Database\BaseConnection.php(670): CodeIgniter\Database\MySQLi\Connection->execute('SELECT *\nFROM `...')
#2 C:\2022\ppe_chopesgames\system\Database\BaseConnection.php(598): CodeIgniter\Database\BaseConnection->simpleQuery('SELECT *\nFROM `...')
#3 C:\2022\ppe_chopesgames\system\Database\BaseBuilder.php(1443): CodeIgniter\Database\BaseConnection->query('SELECT *\nFROM `...', Array, false)
#4 C:\2022\ppe_chopesgames\system\Model.php(183): CodeIgniter\Database\BaseBuilder->get()
#5 C:\2022\ppe_chopesgames\system\BaseModel.php(584): CodeIgniter\Model->doFindAll(0, 0)
#6 C:\2022\ppe_chopesgames\app\Models\ModeleCategorie.php(14): CodeIgniter\BaseModel->findAll()
#7 C:\2022\ppe_chopesgames\app\Controllers\Visiteur.php(22): App\Models\ModeleCategorie->retourner_categories()
#8 C:\2022\ppe_chopesgames\system\CodeIgniter.php(824): App\Controllers\Visiteur->lister_les_produits()
#9 C:\2022\ppe_chopesgames\system\CodeIgniter.php(410): CodeIgniter\CodeIgniter->runController(Object(App\Controllers\Visiteur))
#10 C:\2022\ppe_chopesgames\system\CodeIgniter.php(318): CodeIgniter\CodeIgniter->handleRequest(NULL, Object(Config\Cache), false)
#11 C:\2022\ppe_chopesgames\public\index.php(37): CodeIgniter\CodeIgniter->run()
#12 C:\2022\ppe_chopesgames\system\Commands\Server\rewrite.php(43): require_once('C:\\2022\\ppe_cho...')
#13 {main}
ERROR - 2021-11-19 03:52:36 --> Champ 'NOM' inconnu dans order clause
CRITICAL - 2021-11-19 03:52:36 --> Champ 'NOM' inconnu dans order clause
#0 C:\2022\ppe_chopesgames\system\Database\MySQLi\Connection.php(292): mysqli->query('SELECT *\nFROM `...', 0)
#1 C:\2022\ppe_chopesgames\system\Database\BaseConnection.php(670): CodeIgniter\Database\MySQLi\Connection->execute('SELECT *\nFROM `...')
#2 C:\2022\ppe_chopesgames\system\Database\BaseConnection.php(598): CodeIgniter\Database\BaseConnection->simpleQuery('SELECT *\nFROM `...')
#3 C:\2022\ppe_chopesgames\system\Database\BaseBuilder.php(1443): CodeIgniter\Database\BaseConnection->query('SELECT *\nFROM `...', Array, false)
#4 C:\2022\ppe_chopesgames\system\Model.php(183): CodeIgniter\Database\BaseBuilder->get()
#5 C:\2022\ppe_chopesgames\system\BaseModel.php(584): CodeIgniter\Model->doFindAll(0, 0)
#6 C:\2022\ppe_chopesgames\app\Models\ModeleMarque.php(16): CodeIgniter\BaseModel->findAll()
#7 C:\2022\ppe_chopesgames\app\Controllers\Visiteur.php(24): App\Models\ModeleMarque->retourner_marques()
#8 C:\2022\ppe_chopesgames\system\CodeIgniter.php(824): App\Controllers\Visiteur->lister_les_produits()
#9 C:\2022\ppe_chopesgames\system\CodeIgniter.php(410): CodeIgniter\CodeIgniter->runController(Object(App\Controllers\Visiteur))
#10 C:\2022\ppe_chopesgames\system\CodeIgniter.php(318): CodeIgniter\CodeIgniter->handleRequest(NULL, Object(Config\Cache), false)
#11 C:\2022\ppe_chopesgames\public\index.php(37): CodeIgniter\CodeIgniter->run()
#12 C:\2022\ppe_chopesgames\system\Commands\Server\rewrite.php(43): require_once('C:\\2022\\ppe_cho...')
#13 {main}
CRITICAL - 2021-11-19 03:54:38 --> Undefined property: CodeIgniter\View\View::$cart
#0 C:\2022\ppe_chopesgames\app\Views\templates\header.php(66): CodeIgniter\Debug\Exceptions->errorHandler(8, 'Undefined prope...', 'C:\\2022\\ppe_cho...', 66, Array)
#1 C:\2022\ppe_chopesgames\system\View\View.php(214): include('C:\\2022\\ppe_cho...')
#2 C:\2022\ppe_chopesgames\system\View\View.php(217): CodeIgniter\View\View->CodeIgniter\View\{closure}()
#3 C:\2022\ppe_chopesgames\system\Common.php(1097): CodeIgniter\View\View->render('templates/heade...', Array, true)
#4 C:\2022\ppe_chopesgames\app\Controllers\Visiteur.php(30): view('templates/heade...', Array)
#5 C:\2022\ppe_chopesgames\system\CodeIgniter.php(824): App\Controllers\Visiteur->lister_les_produits()
#6 C:\2022\ppe_chopesgames\system\CodeIgniter.php(410): CodeIgniter\CodeIgniter->runController(Object(App\Controllers\Visiteur))
#7 C:\2022\ppe_chopesgames\system\CodeIgniter.php(318): CodeIgniter\CodeIgniter->handleRequest(NULL, Object(Config\Cache), false)
#8 C:\2022\ppe_chopesgames\public\index.php(37): CodeIgniter\CodeIgniter->run()
#9 C:\2022\ppe_chopesgames\system\Commands\Server\rewrite.php(43): require_once('C:\\2022\\ppe_cho...')
#10 {main}
CRITICAL - 2021-11-19 03:55:32 --> Undefined property: CodeIgniter\View\View::$cart
#0 C:\2022\ppe_chopesgames\app\Views\templates\header.php(66): CodeIgniter\Debug\Exceptions->errorHandler(8, 'Undefined prope...', 'C:\\2022\\ppe_cho...', 66, Array)
#1 C:\2022\ppe_chopesgames\system\View\View.php(214): include('C:\\2022\\ppe_cho...')
#2 C:\2022\ppe_chopesgames\system\View\View.php(217): CodeIgniter\View\View->CodeIgniter\View\{closure}()
#3 C:\2022\ppe_chopesgames\system\Common.php(1097): CodeIgniter\View\View->render('templates/heade...', Array, true)
#4 C:\2022\ppe_chopesgames\app\Controllers\Visiteur.php(30): view('templates/heade...', Array)
#5 C:\2022\ppe_chopesgames\system\CodeIgniter.php(824): App\Controllers\Visiteur->lister_les_produits()
#6 C:\2022\ppe_chopesgames\system\CodeIgniter.php(410): CodeIgniter\CodeIgniter->runController(Object(App\Controllers\Visiteur))
#7 C:\2022\ppe_chopesgames\system\CodeIgniter.php(318): CodeIgniter\CodeIgniter->handleRequest(NULL, Object(Config\Cache), false)
#8 C:\2022\ppe_chopesgames\public\index.php(37): CodeIgniter\CodeIgniter->run()
#9 C:\2022\ppe_chopesgames\system\Commands\Server\rewrite.php(43): require_once('C:\\2022\\ppe_cho...')
#10 {main}
CRITICAL - 2021-11-19 03:59:09 --> Undefined property: CodeIgniter\View\View::$session
#0 C:\2022\ppe_chopesgames\app\Views\templates\header.php(70): CodeIgniter\Debug\Exceptions->errorHandler(8, 'Undefined prope...', 'C:\\2022\\ppe_cho...', 70, Array)
#1 C:\2022\ppe_chopesgames\system\View\View.php(214): include('C:\\2022\\ppe_cho...')
#2 C:\2022\ppe_chopesgames\system\View\View.php(217): CodeIgniter\View\View->CodeIgniter\View\{closure}()
#3 C:\2022\ppe_chopesgames\system\Common.php(1097): CodeIgniter\View\View->render('templates/heade...', Array, true)
#4 C:\2022\ppe_chopesgames\app\Controllers\Visiteur.php(30): view('templates/heade...', Array)
#5 C:\2022\ppe_chopesgames\system\CodeIgniter.php(824): App\Controllers\Visiteur->lister_les_produits()
#6 C:\2022\ppe_chopesgames\system\CodeIgniter.php(410): CodeIgniter\CodeIgniter->runController(Object(App\Controllers\Visiteur))
#7 C:\2022\ppe_chopesgames\system\CodeIgniter.php(318): CodeIgniter\CodeIgniter->handleRequest(NULL, Object(Config\Cache), false)
#8 C:\2022\ppe_chopesgames\public\index.php(37): CodeIgniter\CodeIgniter->run()
#9 C:\2022\ppe_chopesgames\system\Commands\Server\rewrite.php(43): require_once('C:\\2022\\ppe_cho...')
#10 {main}
CRITICAL - 2021-11-19 04:00:23 --> Undefined property: CodeIgniter\View\View::$session
#0 C:\2022\ppe_chopesgames\app\Views\templates\header.php(78): CodeIgniter\Debug\Exceptions->errorHandler(8, 'Undefined prope...', 'C:\\2022\\ppe_cho...', 78, Array)
#1 C:\2022\ppe_chopesgames\system\View\View.php(214): include('C:\\2022\\ppe_cho...')
#2 C:\2022\ppe_chopesgames\system\View\View.php(217): CodeIgniter\View\View->CodeIgniter\View\{closure}()
#3 C:\2022\ppe_chopesgames\system\Common.php(1097): CodeIgniter\View\View->render('templates/heade...', Array, true)
#4 C:\2022\ppe_chopesgames\app\Controllers\Visiteur.php(30): view('templates/heade...', Array)
#5 C:\2022\ppe_chopesgames\system\CodeIgniter.php(824): App\Controllers\Visiteur->lister_les_produits()
#6 C:\2022\ppe_chopesgames\system\CodeIgniter.php(410): CodeIgniter\CodeIgniter->runController(Object(App\Controllers\Visiteur))
#7 C:\2022\ppe_chopesgames\system\CodeIgniter.php(318): CodeIgniter\CodeIgniter->handleRequest(NULL, Object(Config\Cache), false)
#8 C:\2022\ppe_chopesgames\public\index.php(37): CodeIgniter\CodeIgniter->run()
#9 C:\2022\ppe_chopesgames\system\Commands\Server\rewrite.php(43): require_once('C:\\2022\\ppe_cho...')
#10 {main}
CRITICAL - 2021-11-19 04:01:11 --> Undefined property: CodeIgniter\View\View::$session
#0 C:\2022\ppe_chopesgames\app\Views\templates\header.php(92): CodeIgniter\Debug\Exceptions->errorHandler(8, 'Undefined prope...', 'C:\\2022\\ppe_cho...', 92, Array)
#1 C:\2022\ppe_chopesgames\system\View\View.php(214): include('C:\\2022\\ppe_cho...')
#2 C:\2022\ppe_chopesgames\system\View\View.php(217): CodeIgniter\View\View->CodeIgniter\View\{closure}()
#3 C:\2022\ppe_chopesgames\system\Common.php(1097): CodeIgniter\View\View->render('templates/heade...', Array, true)
#4 C:\2022\ppe_chopesgames\app\Controllers\Visiteur.php(30): view('templates/heade...', Array)
#5 C:\2022\ppe_chopesgames\system\CodeIgniter.php(824): App\Controllers\Visiteur->lister_les_produits()
#6 C:\2022\ppe_chopesgames\system\CodeIgniter.php(410): CodeIgniter\CodeIgniter->runController(Object(App\Controllers\Visiteur))
#7 C:\2022\ppe_chopesgames\system\CodeIgniter.php(318): CodeIgniter\CodeIgniter->handleRequest(NULL, Object(Config\Cache), false)
#8 C:\2022\ppe_chopesgames\public\index.php(37): CodeIgniter\CodeIgniter->run()
#9 C:\2022\ppe_chopesgames\system\Commands\Server\rewrite.php(43): require_once('C:\\2022\\ppe_cho...')
#10 {main}
CRITICAL - 2021-11-19 04:01:52 --> Trying to get property 'NOPRODUIT' of non-object
#0 C:\2022\ppe_chopesgames\app\Views\visiteur\lister_les_produits.php(16): CodeIgniter\Debug\Exceptions->errorHandler(8, 'Trying to get p...', 'C:\\2022\\ppe_cho...', 16, Array)
#1 C:\2022\ppe_chopesgames\system\View\View.php(214): include('C:\\2022\\ppe_cho...')
#2 C:\2022\ppe_chopesgames\system\View\View.php(217): CodeIgniter\View\View->CodeIgniter\View\{closure}()
#3 C:\2022\ppe_chopesgames\system\Common.php(1097): CodeIgniter\View\View->render('visiteur/lister...', Array, true)
#4 C:\2022\ppe_chopesgames\app\Controllers\Visiteur.php(31): view('visiteur/lister...', Array)
#5 C:\2022\ppe_chopesgames\system\CodeIgniter.php(824): App\Controllers\Visiteur->lister_les_produits()
#6 C:\2022\ppe_chopesgames\system\CodeIgniter.php(410): CodeIgniter\CodeIgniter->runController(Object(App\Controllers\Visiteur))
#7 C:\2022\ppe_chopesgames\system\CodeIgniter.php(318): CodeIgniter\CodeIgniter->handleRequest(NULL, Object(Config\Cache), false)
#8 C:\2022\ppe_chopesgames\public\index.php(37): CodeIgniter\CodeIgniter->run()
#9 C:\2022\ppe_chopesgames\system\Commands\Server\rewrite.php(43): require_once('C:\\2022\\ppe_cho...')
#10 {main}
CRITICAL - 2021-11-19 04:34:03 --> Undefined property: CodeIgniter\View\View::$session
#0 C:\2022\ppe_chopesgames\app\Views\visiteur\lister_les_produits.php(23): CodeIgniter\Debug\Exceptions->errorHandler(8, 'Undefined prope...', 'C:\\2022\\ppe_cho...', 23, Array)
#1 C:\2022\ppe_chopesgames\system\View\View.php(214): include('C:\\2022\\ppe_cho...')
#2 C:\2022\ppe_chopesgames\system\View\View.php(217): CodeIgniter\View\View->CodeIgniter\View\{closure}()
#3 C:\2022\ppe_chopesgames\system\Common.php(1097): CodeIgniter\View\View->render('visiteur/lister...', Array, true)
#4 C:\2022\ppe_chopesgames\app\Controllers\Visiteur.php(31): view('visiteur/lister...', Array)
#5 C:\2022\ppe_chopesgames\system\CodeIgniter.php(824): App\Controllers\Visiteur->lister_les_produits()
#6 C:\2022\ppe_chopesgames\system\CodeIgniter.php(410): CodeIgniter\CodeIgniter->runController(Object(App\Controllers\Visiteur))
#7 C:\2022\ppe_chopesgames\system\CodeIgniter.php(318): CodeIgniter\CodeIgniter->handleRequest(NULL, Object(Config\Cache), false)
#8 C:\2022\ppe_chopesgames\public\index.php(37): CodeIgniter\CodeIgniter->run()
#9 C:\2022\ppe_chopesgames\system\Commands\Server\rewrite.php(43): require_once('C:\\2022\\ppe_cho...')
#10 {main}
CRITICAL - 2021-11-19 04:37:10 --> Undefined variable: session
#0 C:\2022\ppe_chopesgames\app\Views\visiteur\lister_les_produits.php(23): CodeIgniter\Debug\Exceptions->errorHandler(8, 'Undefined varia...', 'C:\\2022\\ppe_cho...', 23, Array)
#1 C:\2022\ppe_chopesgames\system\View\View.php(214): include('C:\\2022\\ppe_cho...')
#2 C:\2022\ppe_chopesgames\system\View\View.php(217): CodeIgniter\View\View->CodeIgniter\View\{closure}()
#3 C:\2022\ppe_chopesgames\system\Common.php(1097): CodeIgniter\View\View->render('visiteur/lister...', Array, true)
#4 C:\2022\ppe_chopesgames\app\Controllers\Visiteur.php(31): view('visiteur/lister...', Array)
#5 C:\2022\ppe_chopesgames\system\CodeIgniter.php(824): App\Controllers\Visiteur->lister_les_produits()
#6 C:\2022\ppe_chopesgames\system\CodeIgniter.php(410): CodeIgniter\CodeIgniter->runController(Object(App\Controllers\Visiteur))
#7 C:\2022\ppe_chopesgames\system\CodeIgniter.php(318): CodeIgniter\CodeIgniter->handleRequest(NULL, Object(Config\Cache), false)
#8 C:\2022\ppe_chopesgames\public\index.php(37): CodeIgniter\CodeIgniter->run()
#9 C:\2022\ppe_chopesgames\system\Commands\Server\rewrite.php(43): require_once('C:\\2022\\ppe_cho...')
#10 {main}
CRITICAL - 2021-11-19 04:38:23 --> Undefined variable: session
#0 C:\2022\ppe_chopesgames\app\Views\visiteur\lister_les_produits.php(23): CodeIgniter\Debug\Exceptions->errorHandler(8, 'Undefined varia...', 'C:\\2022\\ppe_cho...', 23, Array)
#1 C:\2022\ppe_chopesgames\system\View\View.php(214): include('C:\\2022\\ppe_cho...')
#2 C:\2022\ppe_chopesgames\system\View\View.php(217): CodeIgniter\View\View->CodeIgniter\View\{closure}()
#3 C:\2022\ppe_chopesgames\system\Common.php(1097): CodeIgniter\View\View->render('visiteur/lister...', Array, true)
#4 C:\2022\ppe_chopesgames\app\Controllers\Visiteur.php(31): view('visiteur/lister...', Array)
#5 C:\2022\ppe_chopesgames\system\CodeIgniter.php(824): App\Controllers\Visiteur->lister_les_produits()
#6 C:\2022\ppe_chopesgames\system\CodeIgniter.php(410): CodeIgniter\CodeIgniter->runController(Object(App\Controllers\Visiteur))
#7 C:\2022\ppe_chopesgames\system\CodeIgniter.php(318): CodeIgniter\CodeIgniter->handleRequest(NULL, Object(Config\Cache), false)
#8 C:\2022\ppe_chopesgames\public\index.php(37): CodeIgniter\CodeIgniter->run()
#9 C:\2022\ppe_chopesgames\system\Commands\Server\rewrite.php(43): require_once('C:\\2022\\ppe_cho...')
#10 {main}
CRITICAL - 2021-11-19 04:39:05 --> Undefined variable: session
#0 C:\2022\ppe_chopesgames\app\Views\visiteur\lister_les_produits.php(23): CodeIgniter\Debug\Exceptions->errorHandler(8, 'Undefined varia...', 'C:\\2022\\ppe_cho...', 23, Array)
#1 C:\2022\ppe_chopesgames\system\View\View.php(214): include('C:\\2022\\ppe_cho...')
#2 C:\2022\ppe_chopesgames\system\View\View.php(217): CodeIgniter\View\View->CodeIgniter\View\{closure}()
#3 C:\2022\ppe_chopesgames\system\Common.php(1097): CodeIgniter\View\View->render('visiteur/lister...', Array, true)
#4 C:\2022\ppe_chopesgames\app\Controllers\Visiteur.php(32): view('visiteur/lister...', Array)
#5 C:\2022\ppe_chopesgames\system\CodeIgniter.php(824): App\Controllers\Visiteur->lister_les_produits()
#6 C:\2022\ppe_chopesgames\system\CodeIgniter.php(410): CodeIgniter\CodeIgniter->runController(Object(App\Controllers\Visiteur))
#7 C:\2022\ppe_chopesgames\system\CodeIgniter.php(318): CodeIgniter\CodeIgniter->handleRequest(NULL, Object(Config\Cache), false)
#8 C:\2022\ppe_chopesgames\public\index.php(37): CodeIgniter\CodeIgniter->run()
#9 C:\2022\ppe_chopesgames\system\Commands\Server\rewrite.php(43): require_once('C:\\2022\\ppe_cho...')
#10 {main}
CRITICAL - 2021-11-19 07:05:57 --> Undefined variable: session
#0 C:\2022\ppe_chopesgames\app\Views\visiteur\lister_les_produits.php(23): CodeIgniter\Debug\Exceptions->errorHandler(8, 'Undefined varia...', 'C:\\2022\\ppe_cho...', 23, Array)
#1 C:\2022\ppe_chopesgames\system\View\View.php(214): include('C:\\2022\\ppe_cho...')
#2 C:\2022\ppe_chopesgames\system\View\View.php(217): CodeIgniter\View\View->CodeIgniter\View\{closure}()
#3 C:\2022\ppe_chopesgames\system\Common.php(1097): CodeIgniter\View\View->render('visiteur/lister...', Array, true)
#4 C:\2022\ppe_chopesgames\app\Controllers\Visiteur.php(32): view('visiteur/lister...', Array)
#5 C:\2022\ppe_chopesgames\system\CodeIgniter.php(824): App\Controllers\Visiteur->lister_les_produits()
#6 C:\2022\ppe_chopesgames\system\CodeIgniter.php(410): CodeIgniter\CodeIgniter->runController(Object(App\Controllers\Visiteur))
#7 C:\2022\ppe_chopesgames\system\CodeIgniter.php(318): CodeIgniter\CodeIgniter->handleRequest(NULL, Object(Config\Cache), false)
#8 C:\2022\ppe_chopesgames\public\index.php(37): CodeIgniter\CodeIgniter->run()
#9 C:\2022\ppe_chopesgames\system\Commands\Server\rewrite.php(43): require_once('C:\\2022\\ppe_cho...')
#10 {main}
CRITICAL - 2021-11-19 07:12:01 --> Undefined variable: session
#0 C:\2022\ppe_chopesgames\app\Views\visiteur\lister_les_produits.php(23): CodeIgniter\Debug\Exceptions->errorHandler(8, 'Undefined varia...', 'C:\\2022\\ppe_cho...', 23, Array)
#1 C:\2022\ppe_chopesgames\system\View\View.php(214): include('C:\\2022\\ppe_cho...')
#2 C:\2022\ppe_chopesgames\system\View\View.php(217): CodeIgniter\View\View->CodeIgniter\View\{closure}()
#3 C:\2022\ppe_chopesgames\system\Common.php(1097): CodeIgniter\View\View->render('visiteur/lister...', Array, true)
#4 C:\2022\ppe_chopesgames\app\Controllers\Visiteur.php(32): view('visiteur/lister...', Array)
#5 C:\2022\ppe_chopesgames\system\CodeIgniter.php(824): App\Controllers\Visiteur->lister_les_produits()
#6 C:\2022\ppe_chopesgames\system\CodeIgniter.php(410): CodeIgniter\CodeIgniter->runController(Object(App\Controllers\Visiteur))
#7 C:\2022\ppe_chopesgames\system\CodeIgniter.php(318): CodeIgniter\CodeIgniter->handleRequest(NULL, Object(Config\Cache), false)
#8 C:\2022\ppe_chopesgames\public\index.php(37): CodeIgniter\CodeIgniter->run()
#9 C:\2022\ppe_chopesgames\system\Commands\Server\rewrite.php(43): require_once('C:\\2022\\ppe_cho...')
#10 {main}
CRITICAL - 2021-11-19 07:12:05 --> Undefined variable: session
#0 C:\2022\ppe_chopesgames\app\Views\visiteur\lister_les_produits.php(23): CodeIgniter\Debug\Exceptions->errorHandler(8, 'Undefined varia...', 'C:\\2022\\ppe_cho...', 23, Array)
#1 C:\2022\ppe_chopesgames\system\View\View.php(214): include('C:\\2022\\ppe_cho...')
#2 C:\2022\ppe_chopesgames\system\View\View.php(217): CodeIgniter\View\View->CodeIgniter\View\{closure}()
#3 C:\2022\ppe_chopesgames\system\Common.php(1097): CodeIgniter\View\View->render('visiteur/lister...', Array, true)
#4 C:\2022\ppe_chopesgames\app\Controllers\Visiteur.php(32): view('visiteur/lister...', Array)
#5 C:\2022\ppe_chopesgames\system\CodeIgniter.php(824): App\Controllers\Visiteur->lister_les_produits()
#6 C:\2022\ppe_chopesgames\system\CodeIgniter.php(410): CodeIgniter\CodeIgniter->runController(Object(App\Controllers\Visiteur))
#7 C:\2022\ppe_chopesgames\system\CodeIgniter.php(318): CodeIgniter\CodeIgniter->handleRequest(NULL, Object(Config\Cache), false)
#8 C:\2022\ppe_chopesgames\public\index.php(37): CodeIgniter\CodeIgniter->run()
#9 C:\2022\ppe_chopesgames\system\Commands\Server\rewrite.php(43): require_once('C:\\2022\\ppe_cho...')
#10 {main}
CRITICAL - 2021-11-19 07:12:53 --> Trying to get property 'PRIXHT' of non-object
#0 C:\2022\ppe_chopesgames\app\Views\visiteur\lister_les_produits.php(28): CodeIgniter\Debug\Exceptions->errorHandler(8, 'Trying to get p...', 'C:\\2022\\ppe_cho...', 28, Array)
#1 C:\2022\ppe_chopesgames\system\View\View.php(214): include('C:\\2022\\ppe_cho...')
#2 C:\2022\ppe_chopesgames\system\View\View.php(217): CodeIgniter\View\View->CodeIgniter\View\{closure}()
#3 C:\2022\ppe_chopesgames\system\Common.php(1097): CodeIgniter\View\View->render('visiteur/lister...', Array, true)
#4 C:\2022\ppe_chopesgames\app\Controllers\Visiteur.php(32): view('visiteur/lister...', Array)
#5 C:\2022\ppe_chopesgames\system\CodeIgniter.php(824): App\Controllers\Visiteur->lister_les_produits()
#6 C:\2022\ppe_chopesgames\system\CodeIgniter.php(410): CodeIgniter\CodeIgniter->runController(Object(App\Controllers\Visiteur))
#7 C:\2022\ppe_chopesgames\system\CodeIgniter.php(318): CodeIgniter\CodeIgniter->handleRequest(NULL, Object(Config\Cache), false)
#8 C:\2022\ppe_chopesgames\public\index.php(37): CodeIgniter\CodeIgniter->run()
#9 C:\2022\ppe_chopesgames\system\Commands\Server\rewrite.php(43): require_once('C:\\2022\\ppe_cho...')
#10 {main}
CRITICAL - 2021-11-19 07:14:46 --> Trying to get property 'DISPONIBLE' of non-object
#0 C:\2022\ppe_chopesgames\app\Views\visiteur\lister_les_produits.php(39): CodeIgniter\Debug\Exceptions->errorHandler(8, 'Trying to get p...', 'C:\\2022\\ppe_cho...', 39, Array)
#1 C:\2022\ppe_chopesgames\system\View\View.php(214): include('C:\\2022\\ppe_cho...')
#2 C:\2022\ppe_chopesgames\system\View\View.php(217): CodeIgniter\View\View->CodeIgniter\View\{closure}()
#3 C:\2022\ppe_chopesgames\system\Common.php(1097): CodeIgniter\View\View->render('visiteur/lister...', Array, true)
#4 C:\2022\ppe_chopesgames\app\Controllers\Visiteur.php(32): view('visiteur/lister...', Array)
#5 C:\2022\ppe_chopesgames\system\CodeIgniter.php(824): App\Controllers\Visiteur->lister_les_produits()
#6 C:\2022\ppe_chopesgames\system\CodeIgniter.php(410): CodeIgniter\CodeIgniter->runController(Object(App\Controllers\Visiteur))
#7 C:\2022\ppe_chopesgames\system\CodeIgniter.php(318): CodeIgniter\CodeIgniter->handleRequest(NULL, Object(Config\Cache), false)
#8 C:\2022\ppe_chopesgames\public\index.php(37): CodeIgniter\CodeIgniter->run()
#9 C:\2022\ppe_chopesgames\system\Commands\Server\rewrite.php(43): require_once('C:\\2022\\ppe_cho...')
#10 {main}
CRITICAL - 2021-11-19 07:25:44 --> syntax error, unexpected end of file, expecting elseif (T_ELSEIF) or else (T_ELSE) or endif (T_ENDIF)
#0 C:\2022\ppe_chopesgames\system\View\View.php(217): CodeIgniter\View\View->CodeIgniter\View\{closure}()
#1 C:\2022\ppe_chopesgames\system\Common.php(1097): CodeIgniter\View\View->render('templates/heade...', Array, true)
#2 C:\2022\ppe_chopesgames\app\Controllers\Visiteur.php(31): view('templates/heade...', Array)
#3 C:\2022\ppe_chopesgames\system\CodeIgniter.php(824): App\Controllers\Visiteur->lister_les_produits()
#4 C:\2022\ppe_chopesgames\system\CodeIgniter.php(410): CodeIgniter\CodeIgniter->runController(Object(App\Controllers\Visiteur))
#5 C:\2022\ppe_chopesgames\system\CodeIgniter.php(318): CodeIgniter\CodeIgniter->handleRequest(NULL, Object(Config\Cache), false)
#6 C:\2022\ppe_chopesgames\public\index.php(37): CodeIgniter\CodeIgniter->run()
#7 C:\2022\ppe_chopesgames\system\Commands\Server\rewrite.php(43): require_once('C:\\2022\\ppe_cho...')
#8 {main}
CRITICAL - 2021-11-19 07:44:09 --> syntax error, unexpected 'integrity' (T_STRING), expecting ',' or ';'
#0 C:\2022\ppe_chopesgames\system\View\View.php(217): CodeIgniter\View\View->CodeIgniter\View\{closure}()
#1 C:\2022\ppe_chopesgames\system\Common.php(1097): CodeIgniter\View\View->render('templates/heade...', Array, true)
#2 C:\2022\ppe_chopesgames\app\Controllers\Visiteur.php(31): view('templates/heade...', Array)
#3 C:\2022\ppe_chopesgames\system\CodeIgniter.php(824): App\Controllers\Visiteur->lister_les_produits()
#4 C:\2022\ppe_chopesgames\system\CodeIgniter.php(410): CodeIgniter\CodeIgniter->runController(Object(App\Controllers\Visiteur))
#5 C:\2022\ppe_chopesgames\system\CodeIgniter.php(318): CodeIgniter\CodeIgniter->handleRequest(NULL, Object(Config\Cache), false)
#6 C:\2022\ppe_chopesgames\public\index.php(37): CodeIgniter\CodeIgniter->run()
#7 C:\2022\ppe_chopesgames\system\Commands\Server\rewrite.php(43): require_once('C:\\2022\\ppe_cho...')
#8 {main}
CRITICAL - 2021-11-19 07:46:37 --> Call to undefined function js_url()
#0 C:\2022\ppe_chopesgames\system\View\View.php(214): include()
#1 C:\2022\ppe_chopesgames\system\View\View.php(217): CodeIgniter\View\View->CodeIgniter\View\{closure}()
#2 C:\2022\ppe_chopesgames\system\Common.php(1097): CodeIgniter\View\View->render('templates/heade...', Array, true)
#3 C:\2022\ppe_chopesgames\app\Controllers\Visiteur.php(31): view('templates/heade...', Array)
#4 C:\2022\ppe_chopesgames\system\CodeIgniter.php(824): App\Controllers\Visiteur->lister_les_produits()
#5 C:\2022\ppe_chopesgames\system\CodeIgniter.php(410): CodeIgniter\CodeIgniter->runController(Object(App\Controllers\Visiteur))
#6 C:\2022\ppe_chopesgames\system\CodeIgniter.php(318): CodeIgniter\CodeIgniter->handleRequest(NULL, Object(Config\Cache), false)
#7 C:\2022\ppe_chopesgames\public\index.php(37): CodeIgniter\CodeIgniter->run()
#8 C:\2022\ppe_chopesgames\system\Commands\Server\rewrite.php(43): require_once('C:\\2022\\ppe_cho...')
#9 {main}
CRITICAL - 2021-11-19 07:50:24 --> Call to undefined function js_url()
#0 C:\2022\ppe_chopesgames\system\View\View.php(214): include()
#1 C:\2022\ppe_chopesgames\system\View\View.php(217): CodeIgniter\View\View->CodeIgniter\View\{closure}()
#2 C:\2022\ppe_chopesgames\system\Common.php(1097): CodeIgniter\View\View->render('templates/heade...', Array, true)
#3 C:\2022\ppe_chopesgames\app\Controllers\Visiteur.php(31): view('templates/heade...', Array)
#4 C:\2022\ppe_chopesgames\system\CodeIgniter.php(824): App\Controllers\Visiteur->lister_les_produits()
#5 C:\2022\ppe_chopesgames\system\CodeIgniter.php(410): CodeIgniter\CodeIgniter->runController(Object(App\Controllers\Visiteur))
#6 C:\2022\ppe_chopesgames\system\CodeIgniter.php(318): CodeIgniter\CodeIgniter->handleRequest(NULL, Object(Config\Cache), false)
#7 C:\2022\ppe_chopesgames\public\index.php(37): CodeIgniter\CodeIgniter->run()
#8 C:\2022\ppe_chopesgames\system\Commands\Server\rewrite.php(43): require_once('C:\\2022\\ppe_cho...')
#9 {main}
CRITICAL - 2021-11-19 07:52:13 --> Call to undefined function js_url()
#0 C:\2022\ppe_chopesgames\system\View\View.php(214): include()
#1 C:\2022\ppe_chopesgames\system\View\View.php(217): CodeIgniter\View\View->CodeIgniter\View\{closure}()
#2 C:\2022\ppe_chopesgames\system\Common.php(1097): CodeIgniter\View\View->render('templates/heade...', Array, true)
#3 C:\2022\ppe_chopesgames\app\Controllers\Visiteur.php(31): view('templates/heade...', Array)
#4 C:\2022\ppe_chopesgames\system\CodeIgniter.php(824): App\Controllers\Visiteur->lister_les_produits()
#5 C:\2022\ppe_chopesgames\system\CodeIgniter.php(410): CodeIgniter\CodeIgniter->runController(Object(App\Controllers\Visiteur))
#6 C:\2022\ppe_chopesgames\system\CodeIgniter.php(318): CodeIgniter\CodeIgniter->handleRequest(NULL, Object(Config\Cache), false)
#7 C:\2022\ppe_chopesgames\public\index.php(37): CodeIgniter\CodeIgniter->run()
#8 C:\2022\ppe_chopesgames\system\Commands\Server\rewrite.php(43): require_once('C:\\2022\\ppe_cho...')
#9 {main}
CRITICAL - 2021-11-19 07:57:57 --> Call to undefined function js_url()
#0 C:\2022\ppe_chopesgames\system\View\View.php(214): include()
#1 C:\2022\ppe_chopesgames\system\View\View.php(217): CodeIgniter\View\View->CodeIgniter\View\{closure}()
#2 C:\2022\ppe_chopesgames\system\Common.php(1097): CodeIgniter\View\View->render('templates/heade...', Array, true)
#3 C:\2022\ppe_chopesgames\app\Controllers\Visiteur.php(31): view('templates/heade...', Array)
#4 C:\2022\ppe_chopesgames\system\CodeIgniter.php(824): App\Controllers\Visiteur->lister_les_produits()
#5 C:\2022\ppe_chopesgames\system\CodeIgniter.php(410): CodeIgniter\CodeIgniter->runController(Object(App\Controllers\Visiteur))
#6 C:\2022\ppe_chopesgames\system\CodeIgniter.php(318): CodeIgniter\CodeIgniter->handleRequest(NULL, Object(Config\Cache), false)
#7 C:\2022\ppe_chopesgames\public\index.php(37): CodeIgniter\CodeIgniter->run()
#8 C:\2022\ppe_chopesgames\system\Commands\Server\rewrite.php(43): require_once('C:\\2022\\ppe_cho...')
#9 {main}
CRITICAL - 2021-11-19 07:57:58 --> Call to undefined function js_url()
#0 C:\2022\ppe_chopesgames\system\View\View.php(214): include()
#1 C:\2022\ppe_chopesgames\system\View\View.php(217): CodeIgniter\View\View->CodeIgniter\View\{closure}()
#2 C:\2022\ppe_chopesgames\system\Common.php(1097): CodeIgniter\View\View->render('templates/heade...', Array, true)
#3 C:\2022\ppe_chopesgames\app\Controllers\Visiteur.php(31): view('templates/heade...', Array)
#4 C:\2022\ppe_chopesgames\system\CodeIgniter.php(824): App\Controllers\Visiteur->lister_les_produits()
#5 C:\2022\ppe_chopesgames\system\CodeIgniter.php(410): CodeIgniter\CodeIgniter->runController(Object(App\Controllers\Visiteur))
#6 C:\2022\ppe_chopesgames\system\CodeIgniter.php(318): CodeIgniter\CodeIgniter->handleRequest(NULL, Object(Config\Cache), false)
#7 C:\2022\ppe_chopesgames\public\index.php(37): CodeIgniter\CodeIgniter->run()
#8 C:\2022\ppe_chopesgames\system\Commands\Server\rewrite.php(43): require_once('C:\\2022\\ppe_cho...')
#9 {main}
CRITICAL - 2021-11-19 07:59:01 --> Call to undefined function img_class()
#0 C:\2022\ppe_chopesgames\system\View\View.php(214): include()
#1 C:\2022\ppe_chopesgames\system\View\View.php(217): CodeIgniter\View\View->CodeIgniter\View\{closure}()
#2 C:\2022\ppe_chopesgames\system\Common.php(1097): CodeIgniter\View\View->render('visiteur/lister...', Array, true)
#3 C:\2022\ppe_chopesgames\app\Controllers\Visiteur.php(32): view('visiteur/lister...', Array)
#4 C:\2022\ppe_chopesgames\system\CodeIgniter.php(824): App\Controllers\Visiteur->lister_les_produits()
#5 C:\2022\ppe_chopesgames\system\CodeIgniter.php(410): CodeIgniter\CodeIgniter->runController(Object(App\Controllers\Visiteur))
#6 C:\2022\ppe_chopesgames\system\CodeIgniter.php(318): CodeIgniter\CodeIgniter->handleRequest(NULL, Object(Config\Cache), false)
#7 C:\2022\ppe_chopesgames\public\index.php(37): CodeIgniter\CodeIgniter->run()
#8 C:\2022\ppe_chopesgames\system\Commands\Server\rewrite.php(43): require_once('C:\\2022\\ppe_cho...')
#9 {main}
CRITICAL - 2021-11-19 14:50:07 --> Call to undefined function img_class()
#0 C:\2022\ppe_chopesgames\system\View\View.php(214): include()
#1 C:\2022\ppe_chopesgames\system\View\View.php(217): CodeIgniter\View\View->CodeIgniter\View\{closure}()
#2 C:\2022\ppe_chopesgames\system\Common.php(1097): CodeIgniter\View\View->render('visiteur/lister...', Array, true)
#3 C:\2022\ppe_chopesgames\app\Controllers\Visiteur.php(33): view('visiteur/lister...', Array)
#4 C:\2022\ppe_chopesgames\system\CodeIgniter.php(824): App\Controllers\Visiteur->lister_les_produits()
#5 C:\2022\ppe_chopesgames\system\CodeIgniter.php(410): CodeIgniter\CodeIgniter->runController(Object(App\Controllers\Visiteur))
#6 C:\2022\ppe_chopesgames\system\CodeIgniter.php(318): CodeIgniter\CodeIgniter->handleRequest(NULL, Object(Config\Cache), false)
#7 C:\2022\ppe_chopesgames\public\index.php(37): CodeIgniter\CodeIgniter->run()
#8 C:\2022\ppe_chopesgames\system\Commands\Server\rewrite.php(43): require_once('C:\\2022\\ppe_cho...')
#9 {main}
CRITICAL - 2021-11-19 14:50:07 --> Call to undefined function img_class()
#0 C:\2022\ppe_chopesgames\system\View\View.php(214): include()
#1 C:\2022\ppe_chopesgames\system\View\View.php(217): CodeIgniter\View\View->CodeIgniter\View\{closure}()
#2 C:\2022\ppe_chopesgames\system\Common.php(1097): CodeIgniter\View\View->render('visiteur/lister...', Array, true)
#3 C:\2022\ppe_chopesgames\app\Controllers\Visiteur.php(33): view('visiteur/lister...', Array)
#4 C:\2022\ppe_chopesgames\system\CodeIgniter.php(824): App\Controllers\Visiteur->lister_les_produits()
#5 C:\2022\ppe_chopesgames\system\CodeIgniter.php(410): CodeIgniter\CodeIgniter->runController(Object(App\Controllers\Visiteur))
#6 C:\2022\ppe_chopesgames\system\CodeIgniter.php(318): CodeIgniter\CodeIgniter->handleRequest(NULL, Object(Config\Cache), false)
#7 C:\2022\ppe_chopesgames\public\index.php(37): CodeIgniter\CodeIgniter->run()
#8 C:\2022\ppe_chopesgames\system\Commands\Server\rewrite.php(43): require_once('C:\\2022\\ppe_cho...')
#9 {main}
CRITICAL - 2021-11-19 15:01:47 --> Call to undefined function App\Controllers\pager()
#0 C:\2022\ppe_chopesgames\system\CodeIgniter.php(824): App\Controllers\Visiteur->lister_les_produits()
#1 C:\2022\ppe_chopesgames\system\CodeIgniter.php(410): CodeIgniter\CodeIgniter->runController(Object(App\Controllers\Visiteur))
#2 C:\2022\ppe_chopesgames\system\CodeIgniter.php(318): CodeIgniter\CodeIgniter->handleRequest(NULL, Object(Config\Cache), false)
#3 C:\2022\ppe_chopesgames\public\index.php(37): CodeIgniter\CodeIgniter->run()
#4 C:\2022\ppe_chopesgames\system\Commands\Server\rewrite.php(43): require_once('C:\\2022\\ppe_cho...')
#5 {main}
CRITICAL - 2021-11-19 15:09:24 --> Undefined variable: TitreDeLaPage
#0 C:\2022\ppe_chopesgames\app\Views\visiteur\lister_les_produits.php(3): CodeIgniter\Debug\Exceptions->errorHandler(8, 'Undefined varia...', 'C:\\2022\\ppe_cho...', 3, Array)
#1 C:\2022\ppe_chopesgames\system\View\View.php(214): include('C:\\2022\\ppe_cho...')
#2 C:\2022\ppe_chopesgames\system\View\View.php(217): CodeIgniter\View\View->CodeIgniter\View\{closure}()
#3 C:\2022\ppe_chopesgames\system\Common.php(1097): CodeIgniter\View\View->render('visiteur/lister...', Array, true)
#4 C:\2022\ppe_chopesgames\app\Controllers\Visiteur.php(36): view('visiteur/lister...', Array)
#5 C:\2022\ppe_chopesgames\system\CodeIgniter.php(824): App\Controllers\Visiteur->lister_les_produits()
#6 C:\2022\ppe_chopesgames\system\CodeIgniter.php(410): CodeIgniter\CodeIgniter->runController(Object(App\Controllers\Visiteur))
#7 C:\2022\ppe_chopesgames\system\CodeIgniter.php(318): CodeIgniter\CodeIgniter->handleRequest(NULL, Object(Config\Cache), false)
#8 C:\2022\ppe_chopesgames\public\index.php(37): CodeIgniter\CodeIgniter->run()
#9 C:\2022\ppe_chopesgames\system\Commands\Server\rewrite.php(43): require_once('C:\\2022\\ppe_cho...')
#10 {main}
