CRITICAL - 2021-11-20 03:31:31 -->  route cannot be found while reverse-routing.
#0 C:\2022\ppe_chopesgames\system\HTTP\RedirectResponse.php(56): CodeIgniter\HTTP\Exceptions\HTTPException::forInvalidRedirectRoute('')
#1 C:\2022\ppe_chopesgames\system\Common.php(840): CodeIgniter\HTTP\RedirectResponse->route(false)
#2 C:\2022\ppe_chopesgames\app\Controllers\Visiteur.php(45): redirect('Visiteur/erreur...', 'refresh')
#3 C:\2022\ppe_chopesgames\system\CodeIgniter.php(824): App\Controllers\Visiteur->voir_un_produit('1')
#4 C:\2022\ppe_chopesgames\system\CodeIgniter.php(410): CodeIgniter\CodeIgniter->runController(Object(App\Controllers\Visiteur))
#5 C:\2022\ppe_chopesgames\system\CodeIgniter.php(318): CodeIgniter\CodeIgniter->handleRequest(NULL, Object(Config\Cache), false)
#6 C:\2022\ppe_chopesgames\public\index.php(37): CodeIgniter\CodeIgniter->run()
#7 C:\2022\ppe_chopesgames\system\Commands\Server\rewrite.php(43): require_once('C:\\2022\\ppe_cho...')
#8 {main}
CRITICAL - 2021-11-20 03:32:21 -->  route cannot be found while reverse-routing.
#0 C:\2022\ppe_chopesgames\system\HTTP\RedirectResponse.php(56): CodeIgniter\HTTP\Exceptions\HTTPException::forInvalidRedirectRoute('')
#1 C:\2022\ppe_chopesgames\system\Common.php(840): CodeIgniter\HTTP\RedirectResponse->route(false)
#2 C:\2022\ppe_chopesgames\app\Controllers\Visiteur.php(45): redirect('Visiteur/erreur...', 'refresh')
#3 C:\2022\ppe_chopesgames\system\CodeIgniter.php(824): App\Controllers\Visiteur->voir_un_produit('4')
#4 C:\2022\ppe_chopesgames\system\CodeIgniter.php(410): CodeIgniter\CodeIgniter->runController(Object(App\Controllers\Visiteur))
#5 C:\2022\ppe_chopesgames\system\CodeIgniter.php(318): CodeIgniter\CodeIgniter->handleRequest(NULL, Object(Config\Cache), false)
#6 C:\2022\ppe_chopesgames\public\index.php(37): CodeIgniter\CodeIgniter->run()
#7 C:\2022\ppe_chopesgames\system\Commands\Server\rewrite.php(43): require_once('C:\\2022\\ppe_cho...')
#8 {main}
CRITICAL - 2021-11-20 03:33:14 -->  route cannot be found while reverse-routing.
#0 C:\2022\ppe_chopesgames\system\HTTP\RedirectResponse.php(56): CodeIgniter\HTTP\Exceptions\HTTPException::forInvalidRedirectRoute('')
#1 C:\2022\ppe_chopesgames\system\Common.php(840): CodeIgniter\HTTP\RedirectResponse->route(false)
#2 C:\2022\ppe_chopesgames\app\Controllers\Visiteur.php(45): redirect('Visiteur/erreur...', 'refresh')
#3 C:\2022\ppe_chopesgames\system\CodeIgniter.php(824): App\Controllers\Visiteur->voir_un_produit('6')
#4 C:\2022\ppe_chopesgames\system\CodeIgniter.php(410): CodeIgniter\CodeIgniter->runController(Object(App\Controllers\Visiteur))
#5 C:\2022\ppe_chopesgames\system\CodeIgniter.php(318): CodeIgniter\CodeIgniter->handleRequest(NULL, Object(Config\Cache), false)
#6 C:\2022\ppe_chopesgames\public\index.php(37): CodeIgniter\CodeIgniter->run()
#7 C:\2022\ppe_chopesgames\system\Commands\Server\rewrite.php(43): require_once('C:\\2022\\ppe_cho...')
#8 {main}
CRITICAL - 2021-11-20 03:34:29 --> Invalid file: Visiteur/erreur404.php
#0 C:\2022\ppe_chopesgames\system\View\View.php(198): CodeIgniter\Exceptions\FrameworkException::forInvalidFile('Visiteur/erreur...')
#1 C:\2022\ppe_chopesgames\system\Common.php(1097): CodeIgniter\View\View->render('Visiteur/erreur...', Array, true)
#2 C:\2022\ppe_chopesgames\app\Controllers\Visiteur.php(45): view('Visiteur/erreur...')
#3 C:\2022\ppe_chopesgames\system\CodeIgniter.php(824): App\Controllers\Visiteur->voir_un_produit('6')
#4 C:\2022\ppe_chopesgames\system\CodeIgniter.php(410): CodeIgniter\CodeIgniter->runController(Object(App\Controllers\Visiteur))
#5 C:\2022\ppe_chopesgames\system\CodeIgniter.php(318): CodeIgniter\CodeIgniter->handleRequest(NULL, Object(Config\Cache), false)
#6 C:\2022\ppe_chopesgames\public\index.php(37): CodeIgniter\CodeIgniter->run()
#7 C:\2022\ppe_chopesgames\system\Commands\Server\rewrite.php(43): require_once('C:\\2022\\ppe_cho...')
#8 {main}
CRITICAL - 2021-11-20 03:35:28 --> Undefined index: unProduit
#0 C:\2022\ppe_chopesgames\app\Controllers\Visiteur.php(49): CodeIgniter\Debug\Exceptions->errorHandler(8, 'Undefined index...', 'C:\\2022\\ppe_cho...', 49, Array)
#1 C:\2022\ppe_chopesgames\system\CodeIgniter.php(824): App\Controllers\Visiteur->voir_un_produit('6')
#2 C:\2022\ppe_chopesgames\system\CodeIgniter.php(410): CodeIgniter\CodeIgniter->runController(Object(App\Controllers\Visiteur))
#3 C:\2022\ppe_chopesgames\system\CodeIgniter.php(318): CodeIgniter\CodeIgniter->handleRequest(NULL, Object(Config\Cache), false)
#4 C:\2022\ppe_chopesgames\public\index.php(37): CodeIgniter\CodeIgniter->run()
#5 C:\2022\ppe_chopesgames\system\Commands\Server\rewrite.php(43): require_once('C:\\2022\\ppe_cho...')
#6 {main}
CRITICAL - 2021-11-20 03:36:01 --> Undefined property: CodeIgniter\View\View::$session
#0 C:\2022\ppe_chopesgames\app\Views\visiteur\voir_un_produit.php(18): CodeIgniter\Debug\Exceptions->errorHandler(8, 'Undefined prope...', 'C:\\2022\\ppe_cho...', 18, Array)
#1 C:\2022\ppe_chopesgames\system\View\View.php(214): include('C:\\2022\\ppe_cho...')
#2 C:\2022\ppe_chopesgames\system\View\View.php(217): CodeIgniter\View\View->CodeIgniter\View\{closure}()
#3 C:\2022\ppe_chopesgames\system\Common.php(1097): CodeIgniter\View\View->render('visiteur/voir_u...', Array, true)
#4 C:\2022\ppe_chopesgames\app\Controllers\Visiteur.php(61): view('visiteur/voir_u...', Array)
#5 C:\2022\ppe_chopesgames\system\CodeIgniter.php(824): App\Controllers\Visiteur->voir_un_produit('6')
#6 C:\2022\ppe_chopesgames\system\CodeIgniter.php(410): CodeIgniter\CodeIgniter->runController(Object(App\Controllers\Visiteur))
#7 C:\2022\ppe_chopesgames\system\CodeIgniter.php(318): CodeIgniter\CodeIgniter->handleRequest(NULL, Object(Config\Cache), false)
#8 C:\2022\ppe_chopesgames\public\index.php(37): CodeIgniter\CodeIgniter->run()
#9 C:\2022\ppe_chopesgames\system\Commands\Server\rewrite.php(43): require_once('C:\\2022\\ppe_cho...')
#10 {main}
CRITICAL - 2021-11-20 03:37:10 --> Trying to get property 'DETAIL' of non-object
#0 C:\2022\ppe_chopesgames\app\Views\visiteur\voir_un_produit.php(43): CodeIgniter\Debug\Exceptions->errorHandler(8, 'Trying to get p...', 'C:\\2022\\ppe_cho...', 43, Array)
#1 C:\2022\ppe_chopesgames\system\View\View.php(214): include('C:\\2022\\ppe_cho...')
#2 C:\2022\ppe_chopesgames\system\View\View.php(217): CodeIgniter\View\View->CodeIgniter\View\{closure}()
#3 C:\2022\ppe_chopesgames\system\Common.php(1097): CodeIgniter\View\View->render('visiteur/voir_u...', Array, true)
#4 C:\2022\ppe_chopesgames\app\Controllers\Visiteur.php(61): view('visiteur/voir_u...', Array)
#5 C:\2022\ppe_chopesgames\system\CodeIgniter.php(824): App\Controllers\Visiteur->voir_un_produit('6')
#6 C:\2022\ppe_chopesgames\system\CodeIgniter.php(410): CodeIgniter\CodeIgniter->runController(Object(App\Controllers\Visiteur))
#7 C:\2022\ppe_chopesgames\system\CodeIgniter.php(318): CodeIgniter\CodeIgniter->handleRequest(NULL, Object(Config\Cache), false)
#8 C:\2022\ppe_chopesgames\public\index.php(37): CodeIgniter\CodeIgniter->run()
#9 C:\2022\ppe_chopesgames\system\Commands\Server\rewrite.php(43): require_once('C:\\2022\\ppe_cho...')
#10 {main}
CRITICAL - 2021-11-20 04:03:44 --> Call to undefined method CodeIgniter\Pager\Pager::setSurroundCount()
#0 C:\2022\ppe_chopesgames\system\View\View.php(214): include()
#1 C:\2022\ppe_chopesgames\system\View\View.php(217): CodeIgniter\View\View->CodeIgniter\View\{closure}()
#2 C:\2022\ppe_chopesgames\system\Common.php(1097): CodeIgniter\View\View->render('visiteur/lister...', Array, true)
#3 C:\2022\ppe_chopesgames\app\Controllers\Visiteur.php(33): view('visiteur/lister...', Array)
#4 C:\2022\ppe_chopesgames\system\CodeIgniter.php(824): App\Controllers\Visiteur->lister_les_produits()
#5 C:\2022\ppe_chopesgames\system\CodeIgniter.php(410): CodeIgniter\CodeIgniter->runController(Object(App\Controllers\Visiteur))
#6 C:\2022\ppe_chopesgames\system\CodeIgniter.php(318): CodeIgniter\CodeIgniter->handleRequest(NULL, Object(Config\Cache), false)
#7 C:\2022\ppe_chopesgames\public\index.php(37): CodeIgniter\CodeIgniter->run()
#8 C:\2022\ppe_chopesgames\system\Commands\Server\rewrite.php(43): require_once('C:\\2022\\ppe_cho...')
#9 {main}
CRITICAL - 2021-11-20 04:04:09 --> Call to undefined method CodeIgniter\Pager\Pager::hasPrevious()
#0 C:\2022\ppe_chopesgames\system\View\View.php(214): include()
#1 C:\2022\ppe_chopesgames\system\View\View.php(217): CodeIgniter\View\View->CodeIgniter\View\{closure}()
#2 C:\2022\ppe_chopesgames\system\Common.php(1097): CodeIgniter\View\View->render('visiteur/lister...', Array, true)
#3 C:\2022\ppe_chopesgames\app\Controllers\Visiteur.php(33): view('visiteur/lister...', Array)
#4 C:\2022\ppe_chopesgames\system\CodeIgniter.php(824): App\Controllers\Visiteur->lister_les_produits()
#5 C:\2022\ppe_chopesgames\system\CodeIgniter.php(410): CodeIgniter\CodeIgniter->runController(Object(App\Controllers\Visiteur))
#6 C:\2022\ppe_chopesgames\system\CodeIgniter.php(318): CodeIgniter\CodeIgniter->handleRequest(NULL, Object(Config\Cache), false)
#7 C:\2022\ppe_chopesgames\public\index.php(37): CodeIgniter\CodeIgniter->run()
#8 C:\2022\ppe_chopesgames\system\Commands\Server\rewrite.php(43): require_once('C:\\2022\\ppe_cho...')
#9 {main}
CRITICAL - 2021-11-20 05:04:54 --> Undefined variable: routes
#0 C:\2022\ppe_chopesgames\app\Controllers\Visiteur.php(45): CodeIgniter\Debug\Exceptions->errorHandler(8, 'Undefined varia...', 'C:\\2022\\ppe_cho...', 45, Array)
#1 C:\2022\ppe_chopesgames\system\CodeIgniter.php(824): App\Controllers\Visiteur->voir_un_produit('644')
#2 C:\2022\ppe_chopesgames\system\CodeIgniter.php(410): CodeIgniter\CodeIgniter->runController(Object(App\Controllers\Visiteur))
#3 C:\2022\ppe_chopesgames\system\CodeIgniter.php(318): CodeIgniter\CodeIgniter->handleRequest(NULL, Object(Config\Cache), false)
#4 C:\2022\ppe_chopesgames\public\index.php(37): CodeIgniter\CodeIgniter->run()
#5 C:\2022\ppe_chopesgames\system\Commands\Server\rewrite.php(43): require_once('C:\\2022\\ppe_cho...')
#6 {main}
CRITICAL - 2021-11-20 05:22:33 --> Invalid file: Visiteur::erreur404.php
#0 C:\2022\ppe_chopesgames\system\View\View.php(198): CodeIgniter\Exceptions\FrameworkException::forInvalidFile('Visiteur::erreu...')
#1 C:\2022\ppe_chopesgames\system\Common.php(1097): CodeIgniter\View\View->render('Visiteur::erreu...', Array, true)
#2 C:\2022\ppe_chopesgames\app\Controllers\Visiteur.php(45): view('Visiteur::erreu...')
#3 C:\2022\ppe_chopesgames\system\CodeIgniter.php(824): App\Controllers\Visiteur->voir_un_produit('644')
#4 C:\2022\ppe_chopesgames\system\CodeIgniter.php(410): CodeIgniter\CodeIgniter->runController(Object(App\Controllers\Visiteur))
#5 C:\2022\ppe_chopesgames\system\CodeIgniter.php(318): CodeIgniter\CodeIgniter->handleRequest(NULL, Object(Config\Cache), false)
#6 C:\2022\ppe_chopesgames\public\index.php(37): CodeIgniter\CodeIgniter->run()
#7 C:\2022\ppe_chopesgames\system\Commands\Server\rewrite.php(43): require_once('C:\\2022\\ppe_cho...')
#8 {main}
CRITICAL - 2021-11-20 05:23:12 --> Invalid file: Visiteur/erreur404.php
#0 C:\2022\ppe_chopesgames\system\View\View.php(198): CodeIgniter\Exceptions\FrameworkException::forInvalidFile('Visiteur/erreur...')
#1 C:\2022\ppe_chopesgames\system\Common.php(1097): CodeIgniter\View\View->render('Visiteur/erreur...', Array, true)
#2 C:\2022\ppe_chopesgames\app\Controllers\Visiteur.php(45): view('Visiteur/erreur...')
#3 C:\2022\ppe_chopesgames\system\CodeIgniter.php(824): App\Controllers\Visiteur->voir_un_produit('644')
#4 C:\2022\ppe_chopesgames\system\CodeIgniter.php(410): CodeIgniter\CodeIgniter->runController(Object(App\Controllers\Visiteur))
#5 C:\2022\ppe_chopesgames\system\CodeIgniter.php(318): CodeIgniter\CodeIgniter->handleRequest(NULL, Object(Config\Cache), false)
#6 C:\2022\ppe_chopesgames\public\index.php(37): CodeIgniter\CodeIgniter->run()
#7 C:\2022\ppe_chopesgames\system\Commands\Server\rewrite.php(43): require_once('C:\\2022\\ppe_cho...')
#8 {main}
CRITICAL - 2021-11-20 05:23:54 --> Argument 2 passed to anchor() must be of the type string, null given, called in C:\2022\ppe_chopesgames\app\Views\visiteur\voir_un_produit.php on line 17
#0 C:\2022\ppe_chopesgames\app\Views\visiteur\voir_un_produit.php(17): anchor('Visiteur/lister...', NULL)
#1 C:\2022\ppe_chopesgames\system\View\View.php(214): include('C:\\2022\\ppe_cho...')
#2 C:\2022\ppe_chopesgames\system\View\View.php(217): CodeIgniter\View\View->CodeIgniter\View\{closure}()
#3 C:\2022\ppe_chopesgames\system\Common.php(1097): CodeIgniter\View\View->render('visiteur/voir_u...', Array, true)
#4 C:\2022\ppe_chopesgames\app\Controllers\Visiteur.php(62): view('visiteur/voir_u...', Array)
#5 C:\2022\ppe_chopesgames\system\CodeIgniter.php(824): App\Controllers\Visiteur->voir_un_produit('644')
#6 C:\2022\ppe_chopesgames\system\CodeIgniter.php(410): CodeIgniter\CodeIgniter->runController(Object(App\Controllers\Visiteur))
#7 C:\2022\ppe_chopesgames\system\CodeIgniter.php(318): CodeIgniter\CodeIgniter->handleRequest(NULL, Object(Config\Cache), false)
#8 C:\2022\ppe_chopesgames\public\index.php(37): CodeIgniter\CodeIgniter->run()
#9 C:\2022\ppe_chopesgames\system\Commands\Server\rewrite.php(43): require_once('C:\\2022\\ppe_cho...')
#10 {main}
CRITICAL - 2021-11-20 06:55:46 --> Undefined property: App\Controllers\Visiteur::$load
#0 C:\2022\ppe_chopesgames\app\Controllers\Visiteur.php(19): CodeIgniter\Debug\Exceptions->errorHandler(8, 'Undefined prope...', 'C:\\2022\\ppe_cho...', 19, Array)
#1 C:\2022\ppe_chopesgames\system\CodeIgniter.php(824): App\Controllers\Visiteur->accueil()
#2 C:\2022\ppe_chopesgames\system\CodeIgniter.php(410): CodeIgniter\CodeIgniter->runController(Object(App\Controllers\Visiteur))
#3 C:\2022\ppe_chopesgames\system\CodeIgniter.php(318): CodeIgniter\CodeIgniter->handleRequest(NULL, Object(Config\Cache), false)
#4 C:\2022\ppe_chopesgames\public\index.php(37): CodeIgniter\CodeIgniter->run()
#5 C:\2022\ppe_chopesgames\system\Commands\Server\rewrite.php(43): require_once('C:\\2022\\ppe_cho...')
#6 {main}
CRITICAL - 2021-11-20 06:56:02 --> Undefined property: App\Controllers\Visiteur::$load
#0 C:\2022\ppe_chopesgames\app\Controllers\Visiteur.php(26): CodeIgniter\Debug\Exceptions->errorHandler(8, 'Undefined prope...', 'C:\\2022\\ppe_cho...', 26, Array)
#1 C:\2022\ppe_chopesgames\system\CodeIgniter.php(824): App\Controllers\Visiteur->accueil()
#2 C:\2022\ppe_chopesgames\system\CodeIgniter.php(410): CodeIgniter\CodeIgniter->runController(Object(App\Controllers\Visiteur))
#3 C:\2022\ppe_chopesgames\system\CodeIgniter.php(318): CodeIgniter\CodeIgniter->handleRequest(NULL, Object(Config\Cache), false)
#4 C:\2022\ppe_chopesgames\public\index.php(37): CodeIgniter\CodeIgniter->run()
#5 C:\2022\ppe_chopesgames\system\Commands\Server\rewrite.php(43): require_once('C:\\2022\\ppe_cho...')
#6 {main}
CRITICAL - 2021-11-20 06:56:40 --> Invalid file: visiteur/accueil.php
#0 C:\2022\ppe_chopesgames\system\View\View.php(198): CodeIgniter\Exceptions\FrameworkException::forInvalidFile('visiteur/accuei...')
#1 C:\2022\ppe_chopesgames\system\Common.php(1097): CodeIgniter\View\View->render('visiteur/accuei...', Array, true)
#2 C:\2022\ppe_chopesgames\app\Controllers\Visiteur.php(27): view('visiteur/accuei...', Array)
#3 C:\2022\ppe_chopesgames\system\CodeIgniter.php(824): App\Controllers\Visiteur->accueil()
#4 C:\2022\ppe_chopesgames\system\CodeIgniter.php(410): CodeIgniter\CodeIgniter->runController(Object(App\Controllers\Visiteur))
#5 C:\2022\ppe_chopesgames\system\CodeIgniter.php(318): CodeIgniter\CodeIgniter->handleRequest(NULL, Object(Config\Cache), false)
#6 C:\2022\ppe_chopesgames\public\index.php(37): CodeIgniter\CodeIgniter->run()
#7 C:\2022\ppe_chopesgames\system\Commands\Server\rewrite.php(43): require_once('C:\\2022\\ppe_cho...')
#8 {main}
CRITICAL - 2021-11-20 07:01:57 --> Trying to get property 'NOMARQUE' of non-object
#0 C:\2022\ppe_chopesgames\app\Views\visiteur\accueil.php(51): CodeIgniter\Debug\Exceptions->errorHandler(8, 'Trying to get p...', 'C:\\2022\\ppe_cho...', 51, Array)
#1 C:\2022\ppe_chopesgames\system\View\View.php(214): include('C:\\2022\\ppe_cho...')
#2 C:\2022\ppe_chopesgames\system\View\View.php(217): CodeIgniter\View\View->CodeIgniter\View\{closure}()
#3 C:\2022\ppe_chopesgames\system\Common.php(1097): CodeIgniter\View\View->render('visiteur/accuei...', Array, true)
#4 C:\2022\ppe_chopesgames\app\Controllers\Visiteur.php(27): view('visiteur/accuei...', Array)
#5 C:\2022\ppe_chopesgames\system\CodeIgniter.php(824): App\Controllers\Visiteur->accueil()
#6 C:\2022\ppe_chopesgames\system\CodeIgniter.php(410): CodeIgniter\CodeIgniter->runController(Object(App\Controllers\Visiteur))
#7 C:\2022\ppe_chopesgames\system\CodeIgniter.php(318): CodeIgniter\CodeIgniter->handleRequest(NULL, Object(Config\Cache), false)
#8 C:\2022\ppe_chopesgames\public\index.php(37): CodeIgniter\CodeIgniter->run()
#9 C:\2022\ppe_chopesgames\system\Commands\Server\rewrite.php(43): require_once('C:\\2022\\ppe_cho...')
#10 {main}
CRITICAL - 2021-11-20 08:29:45 --> Trying to get property 'NOPRODUIT' of non-object
#0 C:\2022\ppe_chopesgames\app\Controllers\Visiteur.php(84): CodeIgniter\Debug\Exceptions->errorHandler(8, 'Trying to get p...', 'C:\\2022\\ppe_cho...', 84, Array)
#1 C:\2022\ppe_chopesgames\system\CodeIgniter.php(824): App\Controllers\Visiteur->ajouter_au_panier('3')
#2 C:\2022\ppe_chopesgames\system\CodeIgniter.php(410): CodeIgniter\CodeIgniter->runController(Object(App\Controllers\Visiteur))
#3 C:\2022\ppe_chopesgames\system\CodeIgniter.php(318): CodeIgniter\CodeIgniter->handleRequest(NULL, Object(Config\Cache), false)
#4 C:\2022\ppe_chopesgames\public\index.php(37): CodeIgniter\CodeIgniter->run()
#5 C:\2022\ppe_chopesgames\system\Commands\Server\rewrite.php(43): require_once('C:\\2022\\ppe_cho...')
#6 {main}
CRITICAL - 2021-11-20 08:31:27 --> Undefined index: quantity
#0 C:\2022\ppe_chopesgames\app\Controllers\Visiteur.php(100): CodeIgniter\Debug\Exceptions->errorHandler(8, 'Undefined index...', 'C:\\2022\\ppe_cho...', 100, Array)
#1 C:\2022\ppe_chopesgames\system\CodeIgniter.php(824): App\Controllers\Visiteur->ajouter_au_panier('Visiteur', 'Visiteur', 'afficher_panier')
#2 C:\2022\ppe_chopesgames\system\CodeIgniter.php(410): CodeIgniter\CodeIgniter->runController(Object(App\Controllers\Visiteur))
#3 C:\2022\ppe_chopesgames\system\CodeIgniter.php(318): CodeIgniter\CodeIgniter->handleRequest(NULL, Object(Config\Cache), false)
#4 C:\2022\ppe_chopesgames\public\index.php(37): CodeIgniter\CodeIgniter->run()
#5 C:\2022\ppe_chopesgames\system\Commands\Server\rewrite.php(43): require_once('C:\\2022\\ppe_cho...')
#6 {main}
CRITICAL - 2021-11-20 08:38:21 --> Call to undefined function form_open()
#0 C:\2022\ppe_chopesgames\system\View\View.php(214): include()
#1 C:\2022\ppe_chopesgames\system\View\View.php(217): CodeIgniter\View\View->CodeIgniter\View\{closure}()
#2 C:\2022\ppe_chopesgames\system\Common.php(1097): CodeIgniter\View\View->render('visiteur/affich...', Array, true)
#3 C:\2022\ppe_chopesgames\app\Controllers\Visiteur.php(128): view('visiteur/affich...', Array)
#4 C:\2022\ppe_chopesgames\system\CodeIgniter.php(824): App\Controllers\Visiteur->afficher_panier()
#5 C:\2022\ppe_chopesgames\system\CodeIgniter.php(410): CodeIgniter\CodeIgniter->runController(Object(App\Controllers\Visiteur))
#6 C:\2022\ppe_chopesgames\system\CodeIgniter.php(318): CodeIgniter\CodeIgniter->handleRequest(NULL, Object(Config\Cache), false)
#7 C:\2022\ppe_chopesgames\public\index.php(37): CodeIgniter\CodeIgniter->run()
#8 C:\2022\ppe_chopesgames\system\Commands\Server\rewrite.php(43): require_once('C:\\2022\\ppe_cho...')
#9 {main}
CRITICAL - 2021-11-20 08:39:19 --> Undefined index: rowid
#0 C:\2022\ppe_chopesgames\app\Views\visiteur\afficher_panier.php(25): CodeIgniter\Debug\Exceptions->errorHandler(8, 'Undefined index...', 'C:\\2022\\ppe_cho...', 25, Array)
#1 C:\2022\ppe_chopesgames\system\View\View.php(214): include('C:\\2022\\ppe_cho...')
#2 C:\2022\ppe_chopesgames\system\View\View.php(217): CodeIgniter\View\View->CodeIgniter\View\{closure}()
#3 C:\2022\ppe_chopesgames\system\Common.php(1097): CodeIgniter\View\View->render('visiteur/affich...', Array, true)
#4 C:\2022\ppe_chopesgames\app\Controllers\Visiteur.php(128): view('visiteur/affich...', Array)
#5 C:\2022\ppe_chopesgames\system\CodeIgniter.php(824): App\Controllers\Visiteur->afficher_panier()
#6 C:\2022\ppe_chopesgames\system\CodeIgniter.php(410): CodeIgniter\CodeIgniter->runController(Object(App\Controllers\Visiteur))
#7 C:\2022\ppe_chopesgames\system\CodeIgniter.php(318): CodeIgniter\CodeIgniter->handleRequest(NULL, Object(Config\Cache), false)
#8 C:\2022\ppe_chopesgames\public\index.php(37): CodeIgniter\CodeIgniter->run()
#9 C:\2022\ppe_chopesgames\system\Commands\Server\rewrite.php(43): require_once('C:\\2022\\ppe_cho...')
#10 {main}
CRITICAL - 2021-11-20 08:41:41 --> Undefined property: CodeIgniter\View\View::$cart
#0 C:\2022\ppe_chopesgames\app\Views\visiteur\afficher_panier.php(34): CodeIgniter\Debug\Exceptions->errorHandler(8, 'Undefined prope...', 'C:\\2022\\ppe_cho...', 34, Array)
#1 C:\2022\ppe_chopesgames\system\View\View.php(214): include('C:\\2022\\ppe_cho...')
#2 C:\2022\ppe_chopesgames\system\View\View.php(217): CodeIgniter\View\View->CodeIgniter\View\{closure}()
#3 C:\2022\ppe_chopesgames\system\Common.php(1097): CodeIgniter\View\View->render('visiteur/affich...', Array, true)
#4 C:\2022\ppe_chopesgames\app\Controllers\Visiteur.php(128): view('visiteur/affich...', Array)
#5 C:\2022\ppe_chopesgames\system\CodeIgniter.php(824): App\Controllers\Visiteur->afficher_panier()
#6 C:\2022\ppe_chopesgames\system\CodeIgniter.php(410): CodeIgniter\CodeIgniter->runController(Object(App\Controllers\Visiteur))
#7 C:\2022\ppe_chopesgames\system\CodeIgniter.php(318): CodeIgniter\CodeIgniter->handleRequest(NULL, Object(Config\Cache), false)
#8 C:\2022\ppe_chopesgames\public\index.php(37): CodeIgniter\CodeIgniter->run()
#9 C:\2022\ppe_chopesgames\system\Commands\Server\rewrite.php(43): require_once('C:\\2022\\ppe_cho...')
#10 {main}
CRITICAL - 2021-11-20 08:42:36 --> Call to undefined function format_number()
#0 C:\2022\ppe_chopesgames\system\View\View.php(214): include()
#1 C:\2022\ppe_chopesgames\system\View\View.php(217): CodeIgniter\View\View->CodeIgniter\View\{closure}()
#2 C:\2022\ppe_chopesgames\system\Common.php(1097): CodeIgniter\View\View->render('visiteur/affich...', Array, true)
#3 C:\2022\ppe_chopesgames\app\Controllers\Visiteur.php(128): view('visiteur/affich...', Array)
#4 C:\2022\ppe_chopesgames\system\CodeIgniter.php(824): App\Controllers\Visiteur->afficher_panier()
#5 C:\2022\ppe_chopesgames\system\CodeIgniter.php(410): CodeIgniter\CodeIgniter->runController(Object(App\Controllers\Visiteur))
#6 C:\2022\ppe_chopesgames\system\CodeIgniter.php(318): CodeIgniter\CodeIgniter->handleRequest(NULL, Object(Config\Cache), false)
#7 C:\2022\ppe_chopesgames\public\index.php(37): CodeIgniter\CodeIgniter->run()
#8 C:\2022\ppe_chopesgames\system\Commands\Server\rewrite.php(43): require_once('C:\\2022\\ppe_cho...')
#9 {main}
CRITICAL - 2021-11-20 08:43:15 --> Undefined index: subtotal
#0 C:\2022\ppe_chopesgames\app\Views\visiteur\afficher_panier.php(36): CodeIgniter\Debug\Exceptions->errorHandler(8, 'Undefined index...', 'C:\\2022\\ppe_cho...', 36, Array)
#1 C:\2022\ppe_chopesgames\system\View\View.php(214): include('C:\\2022\\ppe_cho...')
#2 C:\2022\ppe_chopesgames\system\View\View.php(217): CodeIgniter\View\View->CodeIgniter\View\{closure}()
#3 C:\2022\ppe_chopesgames\system\Common.php(1097): CodeIgniter\View\View->render('visiteur/affich...', Array, true)
#4 C:\2022\ppe_chopesgames\app\Controllers\Visiteur.php(128): view('visiteur/affich...', Array)
#5 C:\2022\ppe_chopesgames\system\CodeIgniter.php(824): App\Controllers\Visiteur->afficher_panier()
#6 C:\2022\ppe_chopesgames\system\CodeIgniter.php(410): CodeIgniter\CodeIgniter->runController(Object(App\Controllers\Visiteur))
#7 C:\2022\ppe_chopesgames\system\CodeIgniter.php(318): CodeIgniter\CodeIgniter->handleRequest(NULL, Object(Config\Cache), false)
#8 C:\2022\ppe_chopesgames\public\index.php(37): CodeIgniter\CodeIgniter->run()
#9 C:\2022\ppe_chopesgames\system\Commands\Server\rewrite.php(43): require_once('C:\\2022\\ppe_cho...')
#10 {main}
CRITICAL - 2021-11-20 08:43:37 --> Undefined index: rowid
#0 C:\2022\ppe_chopesgames\app\Views\visiteur\afficher_panier.php(37): CodeIgniter\Debug\Exceptions->errorHandler(8, 'Undefined index...', 'C:\\2022\\ppe_cho...', 37, Array)
#1 C:\2022\ppe_chopesgames\system\View\View.php(214): include('C:\\2022\\ppe_cho...')
#2 C:\2022\ppe_chopesgames\system\View\View.php(217): CodeIgniter\View\View->CodeIgniter\View\{closure}()
#3 C:\2022\ppe_chopesgames\system\Common.php(1097): CodeIgniter\View\View->render('visiteur/affich...', Array, true)
#4 C:\2022\ppe_chopesgames\app\Controllers\Visiteur.php(128): view('visiteur/affich...', Array)
#5 C:\2022\ppe_chopesgames\system\CodeIgniter.php(824): App\Controllers\Visiteur->afficher_panier()
#6 C:\2022\ppe_chopesgames\system\CodeIgniter.php(410): CodeIgniter\CodeIgniter->runController(Object(App\Controllers\Visiteur))
#7 C:\2022\ppe_chopesgames\system\CodeIgniter.php(318): CodeIgniter\CodeIgniter->handleRequest(NULL, Object(Config\Cache), false)
#8 C:\2022\ppe_chopesgames\public\index.php(37): CodeIgniter\CodeIgniter->run()
#9 C:\2022\ppe_chopesgames\system\Commands\Server\rewrite.php(43): require_once('C:\\2022\\ppe_cho...')
#10 {main}
CRITICAL - 2021-11-20 08:44:06 --> Undefined property: CodeIgniter\View\View::$cart
#0 C:\2022\ppe_chopesgames\app\Views\visiteur\afficher_panier.php(55): CodeIgniter\Debug\Exceptions->errorHandler(8, 'Undefined prope...', 'C:\\2022\\ppe_cho...', 55, Array)
#1 C:\2022\ppe_chopesgames\system\View\View.php(214): include('C:\\2022\\ppe_cho...')
#2 C:\2022\ppe_chopesgames\system\View\View.php(217): CodeIgniter\View\View->CodeIgniter\View\{closure}()
#3 C:\2022\ppe_chopesgames\system\Common.php(1097): CodeIgniter\View\View->render('visiteur/affich...', Array, true)
#4 C:\2022\ppe_chopesgames\app\Controllers\Visiteur.php(128): view('visiteur/affich...', Array)
#5 C:\2022\ppe_chopesgames\system\CodeIgniter.php(824): App\Controllers\Visiteur->afficher_panier()
#6 C:\2022\ppe_chopesgames\system\CodeIgniter.php(410): CodeIgniter\CodeIgniter->runController(Object(App\Controllers\Visiteur))
#7 C:\2022\ppe_chopesgames\system\CodeIgniter.php(318): CodeIgniter\CodeIgniter->handleRequest(NULL, Object(Config\Cache), false)
#8 C:\2022\ppe_chopesgames\public\index.php(37): CodeIgniter\CodeIgniter->run()
#9 C:\2022\ppe_chopesgames\system\Commands\Server\rewrite.php(43): require_once('C:\\2022\\ppe_cho...')
#10 {main}
CRITICAL - 2021-11-20 08:54:57 --> Too few arguments to function App\Controllers\Visiteur::suppression_item_panier(), 0 passed in C:\2022\ppe_chopesgames\system\CodeIgniter.php on line 824 and exactly 1 expected
#0 C:\2022\ppe_chopesgames\system\CodeIgniter.php(824): App\Controllers\Visiteur->suppression_item_panier()
#1 C:\2022\ppe_chopesgames\system\CodeIgniter.php(410): CodeIgniter\CodeIgniter->runController(Object(App\Controllers\Visiteur))
#2 C:\2022\ppe_chopesgames\system\CodeIgniter.php(318): CodeIgniter\CodeIgniter->handleRequest(NULL, Object(Config\Cache), false)
#3 C:\2022\ppe_chopesgames\public\index.php(37): CodeIgniter\CodeIgniter->run()
#4 C:\2022\ppe_chopesgames\system\Commands\Server\rewrite.php(43): require_once('C:\\2022\\ppe_cho...')
#5 {main}
CRITICAL - 2021-11-20 08:56:01 --> Undefined variable: session
#0 C:\2022\ppe_chopesgames\app\Controllers\Visiteur.php(136): CodeIgniter\Debug\Exceptions->errorHandler(8, 'Undefined varia...', 'C:\\2022\\ppe_cho...', 136, Array)
#1 C:\2022\ppe_chopesgames\system\CodeIgniter.php(824): App\Controllers\Visiteur->suppression_item_panier()
#2 C:\2022\ppe_chopesgames\system\CodeIgniter.php(410): CodeIgniter\CodeIgniter->runController(Object(App\Controllers\Visiteur))
#3 C:\2022\ppe_chopesgames\system\CodeIgniter.php(318): CodeIgniter\CodeIgniter->handleRequest(NULL, Object(Config\Cache), false)
#4 C:\2022\ppe_chopesgames\public\index.php(37): CodeIgniter\CodeIgniter->run()
#5 C:\2022\ppe_chopesgames\system\Commands\Server\rewrite.php(43): require_once('C:\\2022\\ppe_cho...')
#6 {main}
CRITICAL - 2021-11-20 09:06:41 --> Undefined variable: i
#0 C:\2022\ppe_chopesgames\app\Views\visiteur\afficher_panier.php(35): CodeIgniter\Debug\Exceptions->errorHandler(8, 'Undefined varia...', 'C:\\2022\\ppe_cho...', 35, Array)
#1 C:\2022\ppe_chopesgames\system\View\View.php(214): include('C:\\2022\\ppe_cho...')
#2 C:\2022\ppe_chopesgames\system\View\View.php(217): CodeIgniter\View\View->CodeIgniter\View\{closure}()
#3 C:\2022\ppe_chopesgames\system\Common.php(1097): CodeIgniter\View\View->render('visiteur/affich...', Array, true)
#4 C:\2022\ppe_chopesgames\app\Controllers\Visiteur.php(126): view('visiteur/affich...', Array)
#5 C:\2022\ppe_chopesgames\system\CodeIgniter.php(824): App\Controllers\Visiteur->afficher_panier()
#6 C:\2022\ppe_chopesgames\system\CodeIgniter.php(410): CodeIgniter\CodeIgniter->runController(Object(App\Controllers\Visiteur))
#7 C:\2022\ppe_chopesgames\system\CodeIgniter.php(318): CodeIgniter\CodeIgniter->handleRequest(NULL, Object(Config\Cache), false)
#8 C:\2022\ppe_chopesgames\public\index.php(37): CodeIgniter\CodeIgniter->run()
#9 C:\2022\ppe_chopesgames\system\Commands\Server\rewrite.php(43): require_once('C:\\2022\\ppe_cho...')
#10 {main}
CRITICAL - 2021-11-20 09:06:55 --> Undefined variable: i
#0 C:\2022\ppe_chopesgames\app\Views\visiteur\afficher_panier.php(35): CodeIgniter\Debug\Exceptions->errorHandler(8, 'Undefined varia...', 'C:\\2022\\ppe_cho...', 35, Array)
#1 C:\2022\ppe_chopesgames\system\View\View.php(214): include('C:\\2022\\ppe_cho...')
#2 C:\2022\ppe_chopesgames\system\View\View.php(217): CodeIgniter\View\View->CodeIgniter\View\{closure}()
#3 C:\2022\ppe_chopesgames\system\Common.php(1097): CodeIgniter\View\View->render('visiteur/affich...', Array, true)
#4 C:\2022\ppe_chopesgames\app\Controllers\Visiteur.php(126): view('visiteur/affich...', Array)
#5 C:\2022\ppe_chopesgames\system\CodeIgniter.php(824): App\Controllers\Visiteur->afficher_panier()
#6 C:\2022\ppe_chopesgames\system\CodeIgniter.php(410): CodeIgniter\CodeIgniter->runController(Object(App\Controllers\Visiteur))
#7 C:\2022\ppe_chopesgames\system\CodeIgniter.php(318): CodeIgniter\CodeIgniter->handleRequest(NULL, Object(Config\Cache), false)
#8 C:\2022\ppe_chopesgames\public\index.php(37): CodeIgniter\CodeIgniter->run()
#9 C:\2022\ppe_chopesgames\system\Commands\Server\rewrite.php(43): require_once('C:\\2022\\ppe_cho...')
#10 {main}
CRITICAL - 2021-11-20 09:31:03 --> Undefined property: App\Controllers\Visiteur::$cart
#0 C:\2022\ppe_chopesgames\app\Controllers\Visiteur.php(144): CodeIgniter\Debug\Exceptions->errorHandler(8, 'Undefined prope...', 'C:\\2022\\ppe_cho...', 144, Array)
#1 C:\2022\ppe_chopesgames\system\CodeIgniter.php(824): App\Controllers\Visiteur->mise_a_jour_panier()
#2 C:\2022\ppe_chopesgames\system\CodeIgniter.php(410): CodeIgniter\CodeIgniter->runController(Object(App\Controllers\Visiteur))
#3 C:\2022\ppe_chopesgames\system\CodeIgniter.php(318): CodeIgniter\CodeIgniter->handleRequest(NULL, Object(Config\Cache), false)
#4 C:\2022\ppe_chopesgames\public\index.php(37): CodeIgniter\CodeIgniter->run()
#5 C:\2022\ppe_chopesgames\system\Commands\Server\rewrite.php(43): require_once('C:\\2022\\ppe_cho...')
#6 {main}
CRITICAL - 2021-11-20 10:12:18 --> Cannot use isset() on the result of an expression (you can use "null !== expression" instead)
#0 [internal function]: CodeIgniter\Debug\Exceptions->shutdownHandler()
#1 {main}
CRITICAL - 2021-11-20 10:13:13 --> Array to string conversion
#0 C:\2022\ppe_chopesgames\app\Views\visiteur\afficher_panier.php(35): CodeIgniter\Debug\Exceptions->errorHandler(8, 'Array to string...', 'C:\\2022\\ppe_cho...', 35, Array)
#1 C:\2022\ppe_chopesgames\system\View\View.php(214): include('C:\\2022\\ppe_cho...')
#2 C:\2022\ppe_chopesgames\system\View\View.php(217): CodeIgniter\View\View->CodeIgniter\View\{closure}()
#3 C:\2022\ppe_chopesgames\system\Common.php(1097): CodeIgniter\View\View->render('visiteur/affich...', Array, true)
#4 C:\2022\ppe_chopesgames\app\Controllers\Visiteur.php(125): view('visiteur/affich...', Array)
#5 C:\2022\ppe_chopesgames\system\CodeIgniter.php(824): App\Controllers\Visiteur->afficher_panier()
#6 C:\2022\ppe_chopesgames\system\CodeIgniter.php(410): CodeIgniter\CodeIgniter->runController(Object(App\Controllers\Visiteur))
#7 C:\2022\ppe_chopesgames\system\CodeIgniter.php(318): CodeIgniter\CodeIgniter->handleRequest(NULL, Object(Config\Cache), false)
#8 C:\2022\ppe_chopesgames\public\index.php(37): CodeIgniter\CodeIgniter->run()
#9 C:\2022\ppe_chopesgames\system\Commands\Server\rewrite.php(43): require_once('C:\\2022\\ppe_cho...')
#10 {main}
CRITICAL - 2021-11-20 11:43:25 --> Undefined variable: TitreDeLaPage
#0 C:\2022\ppe_chopesgames\app\Views\visiteur\lister_les_produits.php(3): CodeIgniter\Debug\Exceptions->errorHandler(8, 'Undefined varia...', 'C:\\2022\\ppe_cho...', 3, Array)
#1 C:\2022\ppe_chopesgames\system\View\View.php(214): include('C:\\2022\\ppe_cho...')
#2 C:\2022\ppe_chopesgames\system\View\View.php(217): CodeIgniter\View\View->CodeIgniter\View\{closure}()
#3 C:\2022\ppe_chopesgames\system\Common.php(1097): CodeIgniter\View\View->render('visiteur/lister...', Array, true)
#4 C:\2022\ppe_chopesgames\app\Controllers\Visiteur.php(49): view('visiteur/lister...', Array)
#5 C:\2022\ppe_chopesgames\system\CodeIgniter.php(824): App\Controllers\Visiteur->lister_les_produits()
#6 C:\2022\ppe_chopesgames\system\CodeIgniter.php(410): CodeIgniter\CodeIgniter->runController(Object(App\Controllers\Visiteur))
#7 C:\2022\ppe_chopesgames\system\CodeIgniter.php(318): CodeIgniter\CodeIgniter->handleRequest(NULL, Object(Config\Cache), false)
#8 C:\2022\ppe_chopesgames\public\index.php(37): CodeIgniter\CodeIgniter->run()
#9 C:\2022\ppe_chopesgames\system\Commands\Server\rewrite.php(43): require_once('C:\\2022\\ppe_cho...')
#10 {main}
CRITICAL - 2021-11-20 11:50:08 --> array_values() expects parameter 1 to be array, null given
#0 [internal function]: CodeIgniter\Debug\Exceptions->errorHandler(2, 'array_values() ...', 'C:\\2022\\ppe_cho...', 66, Array)
#1 C:\2022\ppe_chopesgames\app\Views\templates\header.php(66): array_values(NULL)
#2 C:\2022\ppe_chopesgames\system\View\View.php(214): include('C:\\2022\\ppe_cho...')
#3 C:\2022\ppe_chopesgames\system\View\View.php(217): CodeIgniter\View\View->CodeIgniter\View\{closure}()
#4 C:\2022\ppe_chopesgames\system\Common.php(1097): CodeIgniter\View\View->render('templates/heade...', Array, true)
#5 C:\2022\ppe_chopesgames\app\Controllers\Visiteur.php(49): view('templates/heade...', Array)
#6 C:\2022\ppe_chopesgames\system\CodeIgniter.php(824): App\Controllers\Visiteur->lister_les_produits()
#7 C:\2022\ppe_chopesgames\system\CodeIgniter.php(410): CodeIgniter\CodeIgniter->runController(Object(App\Controllers\Visiteur))
#8 C:\2022\ppe_chopesgames\system\CodeIgniter.php(318): CodeIgniter\CodeIgniter->handleRequest(NULL, Object(Config\Cache), false)
#9 C:\2022\ppe_chopesgames\public\index.php(37): CodeIgniter\CodeIgniter->run()
#10 C:\2022\ppe_chopesgames\system\Commands\Server\rewrite.php(43): require_once('C:\\2022\\ppe_cho...')
#11 {main}
CRITICAL - 2021-11-20 11:51:03 --> Function name must be a string
#0 C:\2022\ppe_chopesgames\system\View\View.php(214): include()
#1 C:\2022\ppe_chopesgames\system\View\View.php(217): CodeIgniter\View\View->CodeIgniter\View\{closure}()
#2 C:\2022\ppe_chopesgames\system\Common.php(1097): CodeIgniter\View\View->render('templates/heade...', Array, true)
#3 C:\2022\ppe_chopesgames\app\Controllers\Visiteur.php(49): view('templates/heade...', Array)
#4 C:\2022\ppe_chopesgames\system\CodeIgniter.php(824): App\Controllers\Visiteur->lister_les_produits()
#5 C:\2022\ppe_chopesgames\system\CodeIgniter.php(410): CodeIgniter\CodeIgniter->runController(Object(App\Controllers\Visiteur))
#6 C:\2022\ppe_chopesgames\system\CodeIgniter.php(318): CodeIgniter\CodeIgniter->handleRequest(NULL, Object(Config\Cache), false)
#7 C:\2022\ppe_chopesgames\public\index.php(37): CodeIgniter\CodeIgniter->run()
#8 C:\2022\ppe_chopesgames\system\Commands\Server\rewrite.php(43): require_once('C:\\2022\\ppe_cho...')
#9 {main}
CRITICAL - 2021-11-20 11:54:06 --> Function name must be a string
#0 C:\2022\ppe_chopesgames\system\View\View.php(214): include()
#1 C:\2022\ppe_chopesgames\system\View\View.php(217): CodeIgniter\View\View->CodeIgniter\View\{closure}()
#2 C:\2022\ppe_chopesgames\system\Common.php(1097): CodeIgniter\View\View->render('templates/heade...', Array, true)
#3 C:\2022\ppe_chopesgames\app\Controllers\Visiteur.php(49): view('templates/heade...', Array)
#4 C:\2022\ppe_chopesgames\system\CodeIgniter.php(824): App\Controllers\Visiteur->lister_les_produits()
#5 C:\2022\ppe_chopesgames\system\CodeIgniter.php(410): CodeIgniter\CodeIgniter->runController(Object(App\Controllers\Visiteur))
#6 C:\2022\ppe_chopesgames\system\CodeIgniter.php(318): CodeIgniter\CodeIgniter->handleRequest(NULL, Object(Config\Cache), false)
#7 C:\2022\ppe_chopesgames\public\index.php(37): CodeIgniter\CodeIgniter->run()
#8 C:\2022\ppe_chopesgames\system\Commands\Server\rewrite.php(43): require_once('C:\\2022\\ppe_cho...')
#9 {main}
CRITICAL - 2021-11-20 11:54:10 --> Function name must be a string
#0 C:\2022\ppe_chopesgames\system\View\View.php(214): include()
#1 C:\2022\ppe_chopesgames\system\View\View.php(217): CodeIgniter\View\View->CodeIgniter\View\{closure}()
#2 C:\2022\ppe_chopesgames\system\Common.php(1097): CodeIgniter\View\View->render('templates/heade...', Array, true)
#3 C:\2022\ppe_chopesgames\app\Controllers\Visiteur.php(49): view('templates/heade...', Array)
#4 C:\2022\ppe_chopesgames\system\CodeIgniter.php(824): App\Controllers\Visiteur->lister_les_produits()
#5 C:\2022\ppe_chopesgames\system\CodeIgniter.php(410): CodeIgniter\CodeIgniter->runController(Object(App\Controllers\Visiteur))
#6 C:\2022\ppe_chopesgames\system\CodeIgniter.php(318): CodeIgniter\CodeIgniter->handleRequest(NULL, Object(Config\Cache), false)
#7 C:\2022\ppe_chopesgames\public\index.php(37): CodeIgniter\CodeIgniter->run()
#8 C:\2022\ppe_chopesgames\system\Commands\Server\rewrite.php(43): require_once('C:\\2022\\ppe_cho...')
#9 {main}
CRITICAL - 2021-11-20 11:54:42 --> Function name must be a string
#0 C:\2022\ppe_chopesgames\system\View\View.php(214): include()
#1 C:\2022\ppe_chopesgames\system\View\View.php(217): CodeIgniter\View\View->CodeIgniter\View\{closure}()
#2 C:\2022\ppe_chopesgames\system\Common.php(1097): CodeIgniter\View\View->render('templates/heade...', Array, true)
#3 C:\2022\ppe_chopesgames\app\Controllers\Visiteur.php(49): view('templates/heade...', Array)
#4 C:\2022\ppe_chopesgames\system\CodeIgniter.php(824): App\Controllers\Visiteur->lister_les_produits()
#5 C:\2022\ppe_chopesgames\system\CodeIgniter.php(410): CodeIgniter\CodeIgniter->runController(Object(App\Controllers\Visiteur))
#6 C:\2022\ppe_chopesgames\system\CodeIgniter.php(318): CodeIgniter\CodeIgniter->handleRequest(NULL, Object(Config\Cache), false)
#7 C:\2022\ppe_chopesgames\public\index.php(37): CodeIgniter\CodeIgniter->run()
#8 C:\2022\ppe_chopesgames\system\Commands\Server\rewrite.php(43): require_once('C:\\2022\\ppe_cho...')
#9 {main}
CRITICAL - 2021-11-20 11:58:07 --> array_values() expects parameter 1 to be array, null given
#0 [internal function]: CodeIgniter\Debug\Exceptions->errorHandler(2, 'array_values() ...', 'C:\\2022\\ppe_cho...', 3, Array)
#1 C:\2022\ppe_chopesgames\app\Views\templates\header.php(3): array_values(NULL)
#2 C:\2022\ppe_chopesgames\system\View\View.php(214): include('C:\\2022\\ppe_cho...')
#3 C:\2022\ppe_chopesgames\system\View\View.php(217): CodeIgniter\View\View->CodeIgniter\View\{closure}()
#4 C:\2022\ppe_chopesgames\system\Common.php(1097): CodeIgniter\View\View->render('templates/heade...', Array, true)
#5 C:\2022\ppe_chopesgames\app\Controllers\Visiteur.php(49): view('templates/heade...', Array)
#6 C:\2022\ppe_chopesgames\system\CodeIgniter.php(824): App\Controllers\Visiteur->lister_les_produits()
#7 C:\2022\ppe_chopesgames\system\CodeIgniter.php(410): CodeIgniter\CodeIgniter->runController(Object(App\Controllers\Visiteur))
#8 C:\2022\ppe_chopesgames\system\CodeIgniter.php(318): CodeIgniter\CodeIgniter->handleRequest(NULL, Object(Config\Cache), false)
#9 C:\2022\ppe_chopesgames\public\index.php(37): CodeIgniter\CodeIgniter->run()
#10 C:\2022\ppe_chopesgames\system\Commands\Server\rewrite.php(43): require_once('C:\\2022\\ppe_cho...')
#11 {main}
CRITICAL - 2021-11-20 11:59:00 --> Cannot use object of type CodeIgniter\Session\Session as array
#0 C:\2022\ppe_chopesgames\system\View\View.php(214): include()
#1 C:\2022\ppe_chopesgames\system\View\View.php(217): CodeIgniter\View\View->CodeIgniter\View\{closure}()
#2 C:\2022\ppe_chopesgames\system\Common.php(1097): CodeIgniter\View\View->render('templates/heade...', Array, true)
#3 C:\2022\ppe_chopesgames\app\Controllers\Visiteur.php(49): view('templates/heade...', Array)
#4 C:\2022\ppe_chopesgames\system\CodeIgniter.php(824): App\Controllers\Visiteur->lister_les_produits()
#5 C:\2022\ppe_chopesgames\system\CodeIgniter.php(410): CodeIgniter\CodeIgniter->runController(Object(App\Controllers\Visiteur))
#6 C:\2022\ppe_chopesgames\system\CodeIgniter.php(318): CodeIgniter\CodeIgniter->handleRequest(NULL, Object(Config\Cache), false)
#7 C:\2022\ppe_chopesgames\public\index.php(37): CodeIgniter\CodeIgniter->run()
#8 C:\2022\ppe_chopesgames\system\Commands\Server\rewrite.php(43): require_once('C:\\2022\\ppe_cho...')
#9 {main}
CRITICAL - 2021-11-20 11:59:47 --> Function name must be a string
#0 C:\2022\ppe_chopesgames\system\View\View.php(214): include()
#1 C:\2022\ppe_chopesgames\system\View\View.php(217): CodeIgniter\View\View->CodeIgniter\View\{closure}()
#2 C:\2022\ppe_chopesgames\system\Common.php(1097): CodeIgniter\View\View->render('templates/heade...', Array, true)
#3 C:\2022\ppe_chopesgames\app\Controllers\Visiteur.php(49): view('templates/heade...', Array)
#4 C:\2022\ppe_chopesgames\system\CodeIgniter.php(824): App\Controllers\Visiteur->lister_les_produits()
#5 C:\2022\ppe_chopesgames\system\CodeIgniter.php(410): CodeIgniter\CodeIgniter->runController(Object(App\Controllers\Visiteur))
#6 C:\2022\ppe_chopesgames\system\CodeIgniter.php(318): CodeIgniter\CodeIgniter->handleRequest(NULL, Object(Config\Cache), false)
#7 C:\2022\ppe_chopesgames\public\index.php(37): CodeIgniter\CodeIgniter->run()
#8 C:\2022\ppe_chopesgames\system\Commands\Server\rewrite.php(43): require_once('C:\\2022\\ppe_cho...')
#9 {main}
CRITICAL - 2021-11-20 12:00:44 --> array_values() expects parameter 1 to be array, null given
#0 [internal function]: CodeIgniter\Debug\Exceptions->errorHandler(2, 'array_values() ...', 'C:\\2022\\ppe_cho...', 125, Array)
#1 C:\2022\ppe_chopesgames\app\Controllers\Visiteur.php(125): array_values(NULL)
#2 C:\2022\ppe_chopesgames\system\CodeIgniter.php(824): App\Controllers\Visiteur->afficher_panier()
#3 C:\2022\ppe_chopesgames\system\CodeIgniter.php(410): CodeIgniter\CodeIgniter->runController(Object(App\Controllers\Visiteur))
#4 C:\2022\ppe_chopesgames\system\CodeIgniter.php(318): CodeIgniter\CodeIgniter->handleRequest(NULL, Object(Config\Cache), false)
#5 C:\2022\ppe_chopesgames\public\index.php(37): CodeIgniter\CodeIgniter->run()
#6 C:\2022\ppe_chopesgames\system\Commands\Server\rewrite.php(43): require_once('C:\\2022\\ppe_cho...')
#7 {main}
CRITICAL - 2021-11-20 13:26:14 --> Function name must be a string
#0 C:\2022\ppe_chopesgames\system\View\View.php(214): include()
#1 C:\2022\ppe_chopesgames\system\View\View.php(217): CodeIgniter\View\View->CodeIgniter\View\{closure}()
#2 C:\2022\ppe_chopesgames\system\Common.php(1097): CodeIgniter\View\View->render('templates/heade...', Array, true)
#3 C:\2022\ppe_chopesgames\app\Controllers\Visiteur.php(128): view('templates/heade...', Array)
#4 C:\2022\ppe_chopesgames\system\CodeIgniter.php(824): App\Controllers\Visiteur->afficher_panier()
#5 C:\2022\ppe_chopesgames\system\CodeIgniter.php(410): CodeIgniter\CodeIgniter->runController(Object(App\Controllers\Visiteur))
#6 C:\2022\ppe_chopesgames\system\CodeIgniter.php(318): CodeIgniter\CodeIgniter->handleRequest(NULL, Object(Config\Cache), false)
#7 C:\2022\ppe_chopesgames\public\index.php(37): CodeIgniter\CodeIgniter->run()
#8 C:\2022\ppe_chopesgames\system\Commands\Server\rewrite.php(43): require_once('C:\\2022\\ppe_cho...')
#9 {main}
CRITICAL - 2021-11-20 13:27:39 --> Function name must be a string
#0 C:\2022\ppe_chopesgames\system\View\View.php(214): include()
#1 C:\2022\ppe_chopesgames\system\View\View.php(217): CodeIgniter\View\View->CodeIgniter\View\{closure}()
#2 C:\2022\ppe_chopesgames\system\Common.php(1097): CodeIgniter\View\View->render('templates/heade...', Array, true)
#3 C:\2022\ppe_chopesgames\app\Controllers\Visiteur.php(128): view('templates/heade...', Array)
#4 C:\2022\ppe_chopesgames\system\CodeIgniter.php(824): App\Controllers\Visiteur->afficher_panier()
#5 C:\2022\ppe_chopesgames\system\CodeIgniter.php(410): CodeIgniter\CodeIgniter->runController(Object(App\Controllers\Visiteur))
#6 C:\2022\ppe_chopesgames\system\CodeIgniter.php(318): CodeIgniter\CodeIgniter->handleRequest(NULL, Object(Config\Cache), false)
#7 C:\2022\ppe_chopesgames\public\index.php(37): CodeIgniter\CodeIgniter->run()
#8 C:\2022\ppe_chopesgames\system\Commands\Server\rewrite.php(43): require_once('C:\\2022\\ppe_cho...')
#9 {main}
CRITICAL - 2021-11-20 13:28:24 --> Function name must be a string
#0 C:\2022\ppe_chopesgames\system\View\View.php(214): include()
#1 C:\2022\ppe_chopesgames\system\View\View.php(217): CodeIgniter\View\View->CodeIgniter\View\{closure}()
#2 C:\2022\ppe_chopesgames\system\Common.php(1097): CodeIgniter\View\View->render('templates/heade...', Array, true)
#3 C:\2022\ppe_chopesgames\app\Controllers\Visiteur.php(128): view('templates/heade...', Array)
#4 C:\2022\ppe_chopesgames\system\CodeIgniter.php(824): App\Controllers\Visiteur->afficher_panier()
#5 C:\2022\ppe_chopesgames\system\CodeIgniter.php(410): CodeIgniter\CodeIgniter->runController(Object(App\Controllers\Visiteur))
#6 C:\2022\ppe_chopesgames\system\CodeIgniter.php(318): CodeIgniter\CodeIgniter->handleRequest(NULL, Object(Config\Cache), false)
#7 C:\2022\ppe_chopesgames\public\index.php(37): CodeIgniter\CodeIgniter->run()
#8 C:\2022\ppe_chopesgames\system\Commands\Server\rewrite.php(43): require_once('C:\\2022\\ppe_cho...')
#9 {main}
CRITICAL - 2021-11-20 13:33:11 --> Function name must be a string
#0 C:\2022\ppe_chopesgames\system\View\View.php(214): include()
#1 C:\2022\ppe_chopesgames\system\View\View.php(217): CodeIgniter\View\View->CodeIgniter\View\{closure}()
#2 C:\2022\ppe_chopesgames\system\Common.php(1097): CodeIgniter\View\View->render('templates/heade...', Array, true)
#3 C:\2022\ppe_chopesgames\app\Controllers\Visiteur.php(128): view('templates/heade...', Array)
#4 C:\2022\ppe_chopesgames\system\CodeIgniter.php(824): App\Controllers\Visiteur->afficher_panier()
#5 C:\2022\ppe_chopesgames\system\CodeIgniter.php(410): CodeIgniter\CodeIgniter->runController(Object(App\Controllers\Visiteur))
#6 C:\2022\ppe_chopesgames\system\CodeIgniter.php(318): CodeIgniter\CodeIgniter->handleRequest(NULL, Object(Config\Cache), false)
#7 C:\2022\ppe_chopesgames\public\index.php(37): CodeIgniter\CodeIgniter->run()
#8 C:\2022\ppe_chopesgames\system\Commands\Server\rewrite.php(43): require_once('C:\\2022\\ppe_cho...')
#9 {main}
CRITICAL - 2021-11-20 13:35:53 --> Function name must be a string
#0 C:\2022\ppe_chopesgames\system\View\View.php(214): include()
#1 C:\2022\ppe_chopesgames\system\View\View.php(217): CodeIgniter\View\View->CodeIgniter\View\{closure}()
#2 C:\2022\ppe_chopesgames\system\Common.php(1097): CodeIgniter\View\View->render('templates/heade...', Array, true)
#3 C:\2022\ppe_chopesgames\app\Controllers\Visiteur.php(49): view('templates/heade...', Array)
#4 C:\2022\ppe_chopesgames\system\CodeIgniter.php(824): App\Controllers\Visiteur->lister_les_produits()
#5 C:\2022\ppe_chopesgames\system\CodeIgniter.php(410): CodeIgniter\CodeIgniter->runController(Object(App\Controllers\Visiteur))
#6 C:\2022\ppe_chopesgames\system\CodeIgniter.php(318): CodeIgniter\CodeIgniter->handleRequest(NULL, Object(Config\Cache), false)
#7 C:\2022\ppe_chopesgames\public\index.php(37): CodeIgniter\CodeIgniter->run()
#8 C:\2022\ppe_chopesgames\system\Commands\Server\rewrite.php(43): require_once('C:\\2022\\ppe_cho...')
#9 {main}
CRITICAL - 2021-11-20 13:36:07 --> Function name must be a string
#0 C:\2022\ppe_chopesgames\system\View\View.php(214): include()
#1 C:\2022\ppe_chopesgames\system\View\View.php(217): CodeIgniter\View\View->CodeIgniter\View\{closure}()
#2 C:\2022\ppe_chopesgames\system\Common.php(1097): CodeIgniter\View\View->render('templates/heade...', Array, true)
#3 C:\2022\ppe_chopesgames\app\Controllers\Visiteur.php(128): view('templates/heade...', Array)
#4 C:\2022\ppe_chopesgames\system\CodeIgniter.php(824): App\Controllers\Visiteur->afficher_panier()
#5 C:\2022\ppe_chopesgames\system\CodeIgniter.php(410): CodeIgniter\CodeIgniter->runController(Object(App\Controllers\Visiteur))
#6 C:\2022\ppe_chopesgames\system\CodeIgniter.php(318): CodeIgniter\CodeIgniter->handleRequest(NULL, Object(Config\Cache), false)
#7 C:\2022\ppe_chopesgames\public\index.php(37): CodeIgniter\CodeIgniter->run()
#8 C:\2022\ppe_chopesgames\system\Commands\Server\rewrite.php(43): require_once('C:\\2022\\ppe_cho...')
#9 {main}
CRITICAL - 2021-11-20 13:36:09 --> Function name must be a string
#0 C:\2022\ppe_chopesgames\system\View\View.php(214): include()
#1 C:\2022\ppe_chopesgames\system\View\View.php(217): CodeIgniter\View\View->CodeIgniter\View\{closure}()
#2 C:\2022\ppe_chopesgames\system\Common.php(1097): CodeIgniter\View\View->render('templates/heade...', Array, true)
#3 C:\2022\ppe_chopesgames\app\Controllers\Visiteur.php(128): view('templates/heade...', Array)
#4 C:\2022\ppe_chopesgames\system\CodeIgniter.php(824): App\Controllers\Visiteur->afficher_panier()
#5 C:\2022\ppe_chopesgames\system\CodeIgniter.php(410): CodeIgniter\CodeIgniter->runController(Object(App\Controllers\Visiteur))
#6 C:\2022\ppe_chopesgames\system\CodeIgniter.php(318): CodeIgniter\CodeIgniter->handleRequest(NULL, Object(Config\Cache), false)
#7 C:\2022\ppe_chopesgames\public\index.php(37): CodeIgniter\CodeIgniter->run()
#8 C:\2022\ppe_chopesgames\system\Commands\Server\rewrite.php(43): require_once('C:\\2022\\ppe_cho...')
#9 {main}
CRITICAL - 2021-11-20 13:36:12 --> Function name must be a string
#0 C:\2022\ppe_chopesgames\system\View\View.php(214): include()
#1 C:\2022\ppe_chopesgames\system\View\View.php(217): CodeIgniter\View\View->CodeIgniter\View\{closure}()
#2 C:\2022\ppe_chopesgames\system\Common.php(1097): CodeIgniter\View\View->render('templates/heade...', Array, true)
#3 C:\2022\ppe_chopesgames\app\Controllers\Visiteur.php(49): view('templates/heade...', Array)
#4 C:\2022\ppe_chopesgames\system\CodeIgniter.php(824): App\Controllers\Visiteur->lister_les_produits()
#5 C:\2022\ppe_chopesgames\system\CodeIgniter.php(410): CodeIgniter\CodeIgniter->runController(Object(App\Controllers\Visiteur))
#6 C:\2022\ppe_chopesgames\system\CodeIgniter.php(318): CodeIgniter\CodeIgniter->handleRequest(NULL, Object(Config\Cache), false)
#7 C:\2022\ppe_chopesgames\public\index.php(37): CodeIgniter\CodeIgniter->run()
#8 C:\2022\ppe_chopesgames\system\Commands\Server\rewrite.php(43): require_once('C:\\2022\\ppe_cho...')
#9 {main}
CRITICAL - 2021-11-20 13:36:14 --> Function name must be a string
#0 C:\2022\ppe_chopesgames\system\View\View.php(214): include()
#1 C:\2022\ppe_chopesgames\system\View\View.php(217): CodeIgniter\View\View->CodeIgniter\View\{closure}()
#2 C:\2022\ppe_chopesgames\system\Common.php(1097): CodeIgniter\View\View->render('templates/heade...', Array, true)
#3 C:\2022\ppe_chopesgames\app\Controllers\Visiteur.php(128): view('templates/heade...', Array)
#4 C:\2022\ppe_chopesgames\system\CodeIgniter.php(824): App\Controllers\Visiteur->afficher_panier()
#5 C:\2022\ppe_chopesgames\system\CodeIgniter.php(410): CodeIgniter\CodeIgniter->runController(Object(App\Controllers\Visiteur))
#6 C:\2022\ppe_chopesgames\system\CodeIgniter.php(318): CodeIgniter\CodeIgniter->handleRequest(NULL, Object(Config\Cache), false)
#7 C:\2022\ppe_chopesgames\public\index.php(37): CodeIgniter\CodeIgniter->run()
#8 C:\2022\ppe_chopesgames\system\Commands\Server\rewrite.php(43): require_once('C:\\2022\\ppe_cho...')
#9 {main}
CRITICAL - 2021-11-20 13:38:07 --> Cannot use object of type CodeIgniter\Session\Session as array
#0 C:\2022\ppe_chopesgames\system\View\View.php(214): include()
#1 C:\2022\ppe_chopesgames\system\View\View.php(217): CodeIgniter\View\View->CodeIgniter\View\{closure}()
#2 C:\2022\ppe_chopesgames\system\Common.php(1097): CodeIgniter\View\View->render('templates/heade...', Array, true)
#3 C:\2022\ppe_chopesgames\app\Controllers\Visiteur.php(128): view('templates/heade...', Array)
#4 C:\2022\ppe_chopesgames\system\CodeIgniter.php(824): App\Controllers\Visiteur->afficher_panier()
#5 C:\2022\ppe_chopesgames\system\CodeIgniter.php(410): CodeIgniter\CodeIgniter->runController(Object(App\Controllers\Visiteur))
#6 C:\2022\ppe_chopesgames\system\CodeIgniter.php(318): CodeIgniter\CodeIgniter->handleRequest(NULL, Object(Config\Cache), false)
#7 C:\2022\ppe_chopesgames\public\index.php(37): CodeIgniter\CodeIgniter->run()
#8 C:\2022\ppe_chopesgames\system\Commands\Server\rewrite.php(43): require_once('C:\\2022\\ppe_cho...')
#9 {main}
CRITICAL - 2021-11-20 13:42:07 --> Function name must be a string
#0 C:\2022\ppe_chopesgames\system\View\View.php(214): include()
#1 C:\2022\ppe_chopesgames\system\View\View.php(217): CodeIgniter\View\View->CodeIgniter\View\{closure}()
#2 C:\2022\ppe_chopesgames\system\Common.php(1097): CodeIgniter\View\View->render('templates/heade...', Array, true)
#3 C:\2022\ppe_chopesgames\app\Controllers\Visiteur.php(128): view('templates/heade...', Array)
#4 C:\2022\ppe_chopesgames\system\CodeIgniter.php(824): App\Controllers\Visiteur->afficher_panier()
#5 C:\2022\ppe_chopesgames\system\CodeIgniter.php(410): CodeIgniter\CodeIgniter->runController(Object(App\Controllers\Visiteur))
#6 C:\2022\ppe_chopesgames\system\CodeIgniter.php(318): CodeIgniter\CodeIgniter->handleRequest(NULL, Object(Config\Cache), false)
#7 C:\2022\ppe_chopesgames\public\index.php(37): CodeIgniter\CodeIgniter->run()
#8 C:\2022\ppe_chopesgames\system\Commands\Server\rewrite.php(43): require_once('C:\\2022\\ppe_cho...')
#9 {main}
