CRITICAL - 2021-11-23 02:25:35 --> There is no data to insert.
#0 C:\2022\ppe_chopesgames\system\BaseModel.php(718): CodeIgniter\Database\Exceptions\DataException::forEmptyDataset('insert')
#1 C:\2022\ppe_chopesgames\system\Model.php(620): CodeIgniter\BaseModel->insert(Array, true)
#2 C:\2022\ppe_chopesgames\app\Controllers\Client.php(228): CodeIgniter\Model->insert(Array)
#3 C:\2022\ppe_chopesgames\system\CodeIgniter.php(824): App\Controllers\client->paiement_accepte()
#4 C:\2022\ppe_chopesgames\system\CodeIgniter.php(410): CodeIgniter\CodeIgniter->runController(Object(App\Controllers\client))
#5 C:\2022\ppe_chopesgames\system\CodeIgniter.php(318): CodeIgniter\CodeIgniter->handleRequest(NULL, Object(Config\Cache), false)
#6 C:\2022\ppe_chopesgames\public\index.php(37): CodeIgniter\CodeIgniter->run()
#7 C:\2022\ppe_chopesgames\system\Commands\Server\rewrite.php(43): require_once('C:\\2022\\ppe_cho...')
#8 {main}
CRITICAL - 2021-11-23 02:32:52 --> There is no data to insert.
#0 C:\2022\ppe_chopesgames\system\BaseModel.php(718): CodeIgniter\Database\Exceptions\DataException::forEmptyDataset('insert')
#1 C:\2022\ppe_chopesgames\system\Model.php(620): CodeIgniter\BaseModel->insert(Array, false)
#2 C:\2022\ppe_chopesgames\system\BaseModel.php(658): CodeIgniter\Model->insert(Array, false)
#3 C:\2022\ppe_chopesgames\app\Controllers\Client.php(229): CodeIgniter\BaseModel->save(Array)
#4 C:\2022\ppe_chopesgames\system\CodeIgniter.php(824): App\Controllers\client->paiement_accepte()
#5 C:\2022\ppe_chopesgames\system\CodeIgniter.php(410): CodeIgniter\CodeIgniter->runController(Object(App\Controllers\client))
#6 C:\2022\ppe_chopesgames\system\CodeIgniter.php(318): CodeIgniter\CodeIgniter->handleRequest(NULL, Object(Config\Cache), false)
#7 C:\2022\ppe_chopesgames\public\index.php(37): CodeIgniter\CodeIgniter->run()
#8 C:\2022\ppe_chopesgames\system\Commands\Server\rewrite.php(43): require_once('C:\\2022\\ppe_cho...')
#9 {main}
CRITICAL - 2021-11-23 02:36:18 --> There is no data to insert.
#0 C:\2022\ppe_chopesgames\system\BaseModel.php(718): CodeIgniter\Database\Exceptions\DataException::forEmptyDataset('insert')
#1 C:\2022\ppe_chopesgames\system\Model.php(620): CodeIgniter\BaseModel->insert(Array, false)
#2 C:\2022\ppe_chopesgames\system\BaseModel.php(658): CodeIgniter\Model->insert(Array, false)
#3 C:\2022\ppe_chopesgames\app\Controllers\Client.php(229): CodeIgniter\BaseModel->save(Array)
#4 C:\2022\ppe_chopesgames\system\CodeIgniter.php(824): App\Controllers\client->paiement_accepte()
#5 C:\2022\ppe_chopesgames\system\CodeIgniter.php(410): CodeIgniter\CodeIgniter->runController(Object(App\Controllers\client))
#6 C:\2022\ppe_chopesgames\system\CodeIgniter.php(318): CodeIgniter\CodeIgniter->handleRequest(NULL, Object(Config\Cache), false)
#7 C:\2022\ppe_chopesgames\public\index.php(37): CodeIgniter\CodeIgniter->run()
#8 C:\2022\ppe_chopesgames\system\Commands\Server\rewrite.php(43): require_once('C:\\2022\\ppe_cho...')
#9 {main}
CRITICAL - 2021-11-23 02:44:37 --> There is no data to insert.
#0 C:\2022\ppe_chopesgames\system\BaseModel.php(718): CodeIgniter\Database\Exceptions\DataException::forEmptyDataset('insert')
#1 C:\2022\ppe_chopesgames\system\Model.php(620): CodeIgniter\BaseModel->insert(Array, false)
#2 C:\2022\ppe_chopesgames\system\BaseModel.php(658): CodeIgniter\Model->insert(Array, false)
#3 C:\2022\ppe_chopesgames\app\Controllers\Client.php(229): CodeIgniter\BaseModel->save(Array)
#4 C:\2022\ppe_chopesgames\system\CodeIgniter.php(824): App\Controllers\client->paiement_accepte()
#5 C:\2022\ppe_chopesgames\system\CodeIgniter.php(410): CodeIgniter\CodeIgniter->runController(Object(App\Controllers\client))
#6 C:\2022\ppe_chopesgames\system\CodeIgniter.php(318): CodeIgniter\CodeIgniter->handleRequest(NULL, Object(Config\Cache), false)
#7 C:\2022\ppe_chopesgames\public\index.php(37): CodeIgniter\CodeIgniter->run()
#8 C:\2022\ppe_chopesgames\system\Commands\Server\rewrite.php(43): require_once('C:\\2022\\ppe_cho...')
#9 {main}
CRITICAL - 2021-11-23 02:47:39 --> There is no data to insert.
#0 C:\2022\ppe_chopesgames\system\BaseModel.php(718): CodeIgniter\Database\Exceptions\DataException::forEmptyDataset('insert')
#1 C:\2022\ppe_chopesgames\system\Model.php(620): CodeIgniter\BaseModel->insert(Array, false)
#2 C:\2022\ppe_chopesgames\system\BaseModel.php(658): CodeIgniter\Model->insert(Array, false)
#3 C:\2022\ppe_chopesgames\app\Controllers\Client.php(229): CodeIgniter\BaseModel->save(Array)
#4 C:\2022\ppe_chopesgames\system\CodeIgniter.php(824): App\Controllers\client->paiement_accepte()
#5 C:\2022\ppe_chopesgames\system\CodeIgniter.php(410): CodeIgniter\CodeIgniter->runController(Object(App\Controllers\client))
#6 C:\2022\ppe_chopesgames\system\CodeIgniter.php(318): CodeIgniter\CodeIgniter->handleRequest(NULL, Object(Config\Cache), false)
#7 C:\2022\ppe_chopesgames\public\index.php(37): CodeIgniter\CodeIgniter->run()
#8 C:\2022\ppe_chopesgames\system\Commands\Server\rewrite.php(43): require_once('C:\\2022\\ppe_cho...')
#9 {main}
CRITICAL - 2021-11-23 02:49:03 --> There is no data to insert.
#0 C:\2022\ppe_chopesgames\system\BaseModel.php(718): CodeIgniter\Database\Exceptions\DataException::forEmptyDataset('insert')
#1 C:\2022\ppe_chopesgames\system\Model.php(620): CodeIgniter\BaseModel->insert(Array, false)
#2 C:\2022\ppe_chopesgames\system\BaseModel.php(658): CodeIgniter\Model->insert(Array, false)
#3 C:\2022\ppe_chopesgames\app\Controllers\Client.php(229): CodeIgniter\BaseModel->save(Array)
#4 C:\2022\ppe_chopesgames\system\CodeIgniter.php(824): App\Controllers\client->paiement_accepte()
#5 C:\2022\ppe_chopesgames\system\CodeIgniter.php(410): CodeIgniter\CodeIgniter->runController(Object(App\Controllers\client))
#6 C:\2022\ppe_chopesgames\system\CodeIgniter.php(318): CodeIgniter\CodeIgniter->handleRequest(NULL, Object(Config\Cache), false)
#7 C:\2022\ppe_chopesgames\public\index.php(37): CodeIgniter\CodeIgniter->run()
#8 C:\2022\ppe_chopesgames\system\Commands\Server\rewrite.php(43): require_once('C:\\2022\\ppe_cho...')
#9 {main}
ERROR - 2021-11-23 02:52:42 --> Champ 'id' inconnu dans where clause
CRITICAL - 2021-11-23 02:52:42 --> Champ 'id' inconnu dans where clause
#0 C:\2022\ppe_chopesgames\system\Database\MySQLi\Connection.php(292): mysqli->query('SELECT COUNT(*)...', 0)
#1 C:\2022\ppe_chopesgames\system\Database\BaseConnection.php(670): CodeIgniter\Database\MySQLi\Connection->execute('SELECT COUNT(*)...')
#2 C:\2022\ppe_chopesgames\system\Database\BaseConnection.php(598): CodeIgniter\Database\BaseConnection->simpleQuery('SELECT COUNT(*)...')
#3 C:\2022\ppe_chopesgames\system\Database\BaseBuilder.php(1527): CodeIgniter\Database\BaseConnection->query('SELECT COUNT(*)...', Array, false)
#4 C:\2022\ppe_chopesgames\system\Model.php(509): CodeIgniter\Database\BaseBuilder->countAllResults(true)
#5 C:\2022\ppe_chopesgames\system\Model.php(592): CodeIgniter\Model->countAllResults()
#6 C:\2022\ppe_chopesgames\system\BaseModel.php(655): CodeIgniter\Model->shouldUpdate(Array)
#7 C:\2022\ppe_chopesgames\app\Controllers\Client.php(238): CodeIgniter\BaseModel->save(Array)
#8 C:\2022\ppe_chopesgames\system\CodeIgniter.php(824): App\Controllers\client->paiement_accepte()
#9 C:\2022\ppe_chopesgames\system\CodeIgniter.php(410): CodeIgniter\CodeIgniter->runController(Object(App\Controllers\client))
#10 C:\2022\ppe_chopesgames\system\CodeIgniter.php(318): CodeIgniter\CodeIgniter->handleRequest(NULL, Object(Config\Cache), false)
#11 C:\2022\ppe_chopesgames\public\index.php(37): CodeIgniter\CodeIgniter->run()
#12 C:\2022\ppe_chopesgames\system\Commands\Server\rewrite.php(43): require_once('C:\\2022\\ppe_cho...')
#13 {main}
ERROR - 2021-11-23 02:54:03 --> Champ 'id' inconnu dans where clause
CRITICAL - 2021-11-23 02:54:03 --> Champ 'id' inconnu dans where clause
#0 C:\2022\ppe_chopesgames\system\Database\MySQLi\Connection.php(292): mysqli->query('SELECT COUNT(*)...', 0)
#1 C:\2022\ppe_chopesgames\system\Database\BaseConnection.php(670): CodeIgniter\Database\MySQLi\Connection->execute('SELECT COUNT(*)...')
#2 C:\2022\ppe_chopesgames\system\Database\BaseConnection.php(598): CodeIgniter\Database\BaseConnection->simpleQuery('SELECT COUNT(*)...')
#3 C:\2022\ppe_chopesgames\system\Database\BaseBuilder.php(1527): CodeIgniter\Database\BaseConnection->query('SELECT COUNT(*)...', Array, false)
#4 C:\2022\ppe_chopesgames\system\Model.php(509): CodeIgniter\Database\BaseBuilder->countAllResults(true)
#5 C:\2022\ppe_chopesgames\system\Model.php(592): CodeIgniter\Model->countAllResults()
#6 C:\2022\ppe_chopesgames\system\BaseModel.php(655): CodeIgniter\Model->shouldUpdate(Array)
#7 C:\2022\ppe_chopesgames\app\Controllers\Client.php(238): CodeIgniter\BaseModel->save(Array)
#8 C:\2022\ppe_chopesgames\system\CodeIgniter.php(824): App\Controllers\client->paiement_accepte()
#9 C:\2022\ppe_chopesgames\system\CodeIgniter.php(410): CodeIgniter\CodeIgniter->runController(Object(App\Controllers\client))
#10 C:\2022\ppe_chopesgames\system\CodeIgniter.php(318): CodeIgniter\CodeIgniter->handleRequest(NULL, Object(Config\Cache), false)
#11 C:\2022\ppe_chopesgames\public\index.php(37): CodeIgniter\CodeIgniter->run()
#12 C:\2022\ppe_chopesgames\system\Commands\Server\rewrite.php(43): require_once('C:\\2022\\ppe_cho...')
#13 {main}
ERROR - 2021-11-23 02:57:41 --> Champ 'id' inconnu dans where clause
CRITICAL - 2021-11-23 02:57:41 --> Champ 'id' inconnu dans where clause
#0 C:\2022\ppe_chopesgames\system\Database\MySQLi\Connection.php(292): mysqli->query('SELECT COUNT(*)...', 0)
#1 C:\2022\ppe_chopesgames\system\Database\BaseConnection.php(670): CodeIgniter\Database\MySQLi\Connection->execute('SELECT COUNT(*)...')
#2 C:\2022\ppe_chopesgames\system\Database\BaseConnection.php(598): CodeIgniter\Database\BaseConnection->simpleQuery('SELECT COUNT(*)...')
#3 C:\2022\ppe_chopesgames\system\Database\BaseBuilder.php(1527): CodeIgniter\Database\BaseConnection->query('SELECT COUNT(*)...', Array, false)
#4 C:\2022\ppe_chopesgames\system\Model.php(509): CodeIgniter\Database\BaseBuilder->countAllResults(true)
#5 C:\2022\ppe_chopesgames\system\Model.php(592): CodeIgniter\Model->countAllResults()
#6 C:\2022\ppe_chopesgames\system\BaseModel.php(655): CodeIgniter\Model->shouldUpdate(Array)
#7 C:\2022\ppe_chopesgames\app\Controllers\Client.php(238): CodeIgniter\BaseModel->save(Array)
#8 C:\2022\ppe_chopesgames\system\CodeIgniter.php(824): App\Controllers\client->paiement_accepte()
#9 C:\2022\ppe_chopesgames\system\CodeIgniter.php(410): CodeIgniter\CodeIgniter->runController(Object(App\Controllers\client))
#10 C:\2022\ppe_chopesgames\system\CodeIgniter.php(318): CodeIgniter\CodeIgniter->handleRequest(NULL, Object(Config\Cache), false)
#11 C:\2022\ppe_chopesgames\public\index.php(37): CodeIgniter\CodeIgniter->run()
#12 C:\2022\ppe_chopesgames\system\Commands\Server\rewrite.php(43): require_once('C:\\2022\\ppe_cho...')
#13 {main}
ERROR - 2021-11-23 02:59:33 --> Champ 'id' inconnu dans where clause
CRITICAL - 2021-11-23 02:59:33 --> Champ 'id' inconnu dans where clause
#0 C:\2022\ppe_chopesgames\system\Database\MySQLi\Connection.php(292): mysqli->query('SELECT COUNT(*)...', 0)
#1 C:\2022\ppe_chopesgames\system\Database\BaseConnection.php(670): CodeIgniter\Database\MySQLi\Connection->execute('SELECT COUNT(*)...')
#2 C:\2022\ppe_chopesgames\system\Database\BaseConnection.php(598): CodeIgniter\Database\BaseConnection->simpleQuery('SELECT COUNT(*)...')
#3 C:\2022\ppe_chopesgames\system\Database\BaseBuilder.php(1527): CodeIgniter\Database\BaseConnection->query('SELECT COUNT(*)...', Array, false)
#4 C:\2022\ppe_chopesgames\system\Model.php(509): CodeIgniter\Database\BaseBuilder->countAllResults(true)
#5 C:\2022\ppe_chopesgames\system\Model.php(592): CodeIgniter\Model->countAllResults()
#6 C:\2022\ppe_chopesgames\system\BaseModel.php(655): CodeIgniter\Model->shouldUpdate(Array)
#7 C:\2022\ppe_chopesgames\app\Controllers\Client.php(238): CodeIgniter\BaseModel->save(Array)
#8 C:\2022\ppe_chopesgames\system\CodeIgniter.php(824): App\Controllers\client->paiement_accepte()
#9 C:\2022\ppe_chopesgames\system\CodeIgniter.php(410): CodeIgniter\CodeIgniter->runController(Object(App\Controllers\client))
#10 C:\2022\ppe_chopesgames\system\CodeIgniter.php(318): CodeIgniter\CodeIgniter->handleRequest(NULL, Object(Config\Cache), false)
#11 C:\2022\ppe_chopesgames\public\index.php(37): CodeIgniter\CodeIgniter->run()
#12 C:\2022\ppe_chopesgames\system\Commands\Server\rewrite.php(43): require_once('C:\\2022\\ppe_cho...')
#13 {main}
ERROR - 2021-11-23 03:01:29 --> Champ 'id' inconnu dans where clause
CRITICAL - 2021-11-23 03:01:29 --> Champ 'id' inconnu dans where clause
#0 C:\2022\ppe_chopesgames\system\Database\MySQLi\Connection.php(292): mysqli->query('SELECT COUNT(*)...', 0)
#1 C:\2022\ppe_chopesgames\system\Database\BaseConnection.php(670): CodeIgniter\Database\MySQLi\Connection->execute('SELECT COUNT(*)...')
#2 C:\2022\ppe_chopesgames\system\Database\BaseConnection.php(598): CodeIgniter\Database\BaseConnection->simpleQuery('SELECT COUNT(*)...')
#3 C:\2022\ppe_chopesgames\system\Database\BaseBuilder.php(1527): CodeIgniter\Database\BaseConnection->query('SELECT COUNT(*)...', Array, false)
#4 C:\2022\ppe_chopesgames\system\Model.php(509): CodeIgniter\Database\BaseBuilder->countAllResults(true)
#5 C:\2022\ppe_chopesgames\system\Model.php(592): CodeIgniter\Model->countAllResults()
#6 C:\2022\ppe_chopesgames\system\BaseModel.php(655): CodeIgniter\Model->shouldUpdate(Array)
#7 C:\2022\ppe_chopesgames\app\Controllers\Client.php(238): CodeIgniter\BaseModel->save(Array)
#8 C:\2022\ppe_chopesgames\system\CodeIgniter.php(824): App\Controllers\client->paiement_accepte()
#9 C:\2022\ppe_chopesgames\system\CodeIgniter.php(410): CodeIgniter\CodeIgniter->runController(Object(App\Controllers\client))
#10 C:\2022\ppe_chopesgames\system\CodeIgniter.php(318): CodeIgniter\CodeIgniter->handleRequest(NULL, Object(Config\Cache), false)
#11 C:\2022\ppe_chopesgames\public\index.php(37): CodeIgniter\CodeIgniter->run()
#12 C:\2022\ppe_chopesgames\system\Commands\Server\rewrite.php(43): require_once('C:\\2022\\ppe_cho...')
#13 {main}
ERROR - 2021-11-23 03:03:59 --> Champ 'id' inconnu dans where clause
CRITICAL - 2021-11-23 03:03:59 --> Champ 'id' inconnu dans where clause
#0 C:\2022\ppe_chopesgames\system\Database\MySQLi\Connection.php(292): mysqli->query('SELECT COUNT(*)...', 0)
#1 C:\2022\ppe_chopesgames\system\Database\BaseConnection.php(670): CodeIgniter\Database\MySQLi\Connection->execute('SELECT COUNT(*)...')
#2 C:\2022\ppe_chopesgames\system\Database\BaseConnection.php(598): CodeIgniter\Database\BaseConnection->simpleQuery('SELECT COUNT(*)...')
#3 C:\2022\ppe_chopesgames\system\Database\BaseBuilder.php(1527): CodeIgniter\Database\BaseConnection->query('SELECT COUNT(*)...', Array, false)
#4 C:\2022\ppe_chopesgames\system\Model.php(509): CodeIgniter\Database\BaseBuilder->countAllResults(true)
#5 C:\2022\ppe_chopesgames\system\Model.php(592): CodeIgniter\Model->countAllResults()
#6 C:\2022\ppe_chopesgames\system\BaseModel.php(655): CodeIgniter\Model->shouldUpdate(Array)
#7 C:\2022\ppe_chopesgames\app\Controllers\Client.php(239): CodeIgniter\BaseModel->save(Array)
#8 C:\2022\ppe_chopesgames\system\CodeIgniter.php(824): App\Controllers\client->paiement_accepte()
#9 C:\2022\ppe_chopesgames\system\CodeIgniter.php(410): CodeIgniter\CodeIgniter->runController(Object(App\Controllers\client))
#10 C:\2022\ppe_chopesgames\system\CodeIgniter.php(318): CodeIgniter\CodeIgniter->handleRequest(NULL, Object(Config\Cache), false)
#11 C:\2022\ppe_chopesgames\public\index.php(37): CodeIgniter\CodeIgniter->run()
#12 C:\2022\ppe_chopesgames\system\Commands\Server\rewrite.php(43): require_once('C:\\2022\\ppe_cho...')
#13 {main}
ERROR - 2021-11-23 03:04:59 --> Champ 'id' inconnu dans where clause
CRITICAL - 2021-11-23 03:04:59 --> Champ 'id' inconnu dans where clause
#0 C:\2022\ppe_chopesgames\system\Database\MySQLi\Connection.php(292): mysqli->query('SELECT COUNT(*)...', 0)
#1 C:\2022\ppe_chopesgames\system\Database\BaseConnection.php(670): CodeIgniter\Database\MySQLi\Connection->execute('SELECT COUNT(*)...')
#2 C:\2022\ppe_chopesgames\system\Database\BaseConnection.php(598): CodeIgniter\Database\BaseConnection->simpleQuery('SELECT COUNT(*)...')
#3 C:\2022\ppe_chopesgames\system\Database\BaseBuilder.php(1527): CodeIgniter\Database\BaseConnection->query('SELECT COUNT(*)...', Array, false)
#4 C:\2022\ppe_chopesgames\system\Model.php(509): CodeIgniter\Database\BaseBuilder->countAllResults(true)
#5 C:\2022\ppe_chopesgames\system\Model.php(592): CodeIgniter\Model->countAllResults()
#6 C:\2022\ppe_chopesgames\system\BaseModel.php(655): CodeIgniter\Model->shouldUpdate(Array)
#7 C:\2022\ppe_chopesgames\app\Controllers\Client.php(239): CodeIgniter\BaseModel->save(Array)
#8 C:\2022\ppe_chopesgames\system\CodeIgniter.php(824): App\Controllers\client->paiement_accepte()
#9 C:\2022\ppe_chopesgames\system\CodeIgniter.php(410): CodeIgniter\CodeIgniter->runController(Object(App\Controllers\client))
#10 C:\2022\ppe_chopesgames\system\CodeIgniter.php(318): CodeIgniter\CodeIgniter->handleRequest(NULL, Object(Config\Cache), false)
#11 C:\2022\ppe_chopesgames\public\index.php(37): CodeIgniter\CodeIgniter->run()
#12 C:\2022\ppe_chopesgames\system\Commands\Server\rewrite.php(43): require_once('C:\\2022\\ppe_cho...')
#13 {main}
CRITICAL - 2021-11-23 03:14:46 --> Undefined index: subtotal
#0 C:\2022\ppe_chopesgames\app\Controllers\Client.php(329): CodeIgniter\Debug\Exceptions->errorHandler(8, 'Undefined index...', 'C:\\2022\\ppe_cho...', 329, Array)
#1 C:\2022\ppe_chopesgames\system\CodeIgniter.php(824): App\Controllers\client->paiement_accepte()
#2 C:\2022\ppe_chopesgames\system\CodeIgniter.php(410): CodeIgniter\CodeIgniter->runController(Object(App\Controllers\client))
#3 C:\2022\ppe_chopesgames\system\CodeIgniter.php(318): CodeIgniter\CodeIgniter->handleRequest(NULL, Object(Config\Cache), false)
#4 C:\2022\ppe_chopesgames\public\index.php(37): CodeIgniter\CodeIgniter->run()
#5 C:\2022\ppe_chopesgames\system\Commands\Server\rewrite.php(43): require_once('C:\\2022\\ppe_cho...')
#6 {main}
ERROR - 2021-11-23 03:15:52 --> Email: sendWithMail throwed mail(): Failed to connect to mailserver at &quot;localhost&quot; port 25, verify your &quot;SMTP&quot; and &quot;smtp_port&quot; setting in php.ini or use ini_set()
ERROR - 2021-11-23 03:26:29 --> Email: sendWithMail throwed mail(): Failed to connect to mailserver at &quot;localhost&quot; port 25, verify your &quot;SMTP&quot; and &quot;smtp_port&quot; setting in php.ini or use ini_set()
