CRITICAL - 2022-04-13 16:08:56 --> Call to undefined method App\Models\ModeleMarque::retourner_marques
#0 C:\wamp64\www\ppe-chopesgames4\app\Controllers\AdministrateurSuper.php(66): CodeIgniter\Model->__call('retourner_marqu...', Array)
#1 C:\wamp64\www\ppe-chopesgames4\system\CodeIgniter.php(824): App\Controllers\AdministrateurSuper->ajouter_une_marque()
#2 C:\wamp64\www\ppe-chopesgames4\system\CodeIgniter.php(410): CodeIgniter\CodeIgniter->runController(Object(App\Controllers\AdministrateurSuper))
#3 C:\wamp64\www\ppe-chopesgames4\system\CodeIgniter.php(318): CodeIgniter\CodeIgniter->handleRequest(NULL, Object(Config\Cache), false)
#4 C:\wamp64\www\ppe-chopesgames4\public\index.php(37): CodeIgniter\CodeIgniter->run()
#5 {main}
CRITICAL - 2022-04-13 16:09:00 --> Call to undefined method App\Models\ModeleMarque::retourner_marques
#0 C:\wamp64\www\ppe-chopesgames4\app\Controllers\AdministrateurSuper.php(66): CodeIgniter\Model->__call('retourner_marqu...', Array)
#1 C:\wamp64\www\ppe-chopesgames4\system\CodeIgniter.php(824): App\Controllers\AdministrateurSuper->ajouter_une_marque()
#2 C:\wamp64\www\ppe-chopesgames4\system\CodeIgniter.php(410): CodeIgniter\CodeIgniter->runController(Object(App\Controllers\AdministrateurSuper))
#3 C:\wamp64\www\ppe-chopesgames4\system\CodeIgniter.php(318): CodeIgniter\CodeIgniter->handleRequest(NULL, Object(Config\Cache), false)
#4 C:\wamp64\www\ppe-chopesgames4\public\index.php(37): CodeIgniter\CodeIgniter->run()
#5 {main}
CRITICAL - 2022-04-13 16:09:13 --> Call to undefined method App\Models\ModeleMarque::retourner_marques
#0 C:\wamp64\www\ppe-chopesgames4\app\Controllers\AdministrateurSuper.php(66): CodeIgniter\Model->__call('retourner_marqu...', Array)
#1 C:\wamp64\www\ppe-chopesgames4\system\CodeIgniter.php(824): App\Controllers\AdministrateurSuper->ajouter_une_marque()
#2 C:\wamp64\www\ppe-chopesgames4\system\CodeIgniter.php(410): CodeIgniter\CodeIgniter->runController(Object(App\Controllers\AdministrateurSuper))
#3 C:\wamp64\www\ppe-chopesgames4\system\CodeIgniter.php(318): CodeIgniter\CodeIgniter->handleRequest(NULL, Object(Config\Cache), false)
#4 C:\wamp64\www\ppe-chopesgames4\public\index.php(37): CodeIgniter\CodeIgniter->run()
#5 {main}
CRITICAL - 2022-04-13 16:09:17 --> Call to undefined method App\Models\ModeleMarque::retourner_marques
#0 C:\wamp64\www\ppe-chopesgames4\app\Controllers\AdministrateurSuper.php(19): CodeIgniter\Model->__call('retourner_marqu...', Array)
#1 C:\wamp64\www\ppe-chopesgames4\system\CodeIgniter.php(824): App\Controllers\AdministrateurSuper->ajouter_une_categorie()
#2 C:\wamp64\www\ppe-chopesgames4\system\CodeIgniter.php(410): CodeIgniter\CodeIgniter->runController(Object(App\Controllers\AdministrateurSuper))
#3 C:\wamp64\www\ppe-chopesgames4\system\CodeIgniter.php(318): CodeIgniter\CodeIgniter->handleRequest(NULL, Object(Config\Cache), false)
#4 C:\wamp64\www\ppe-chopesgames4\public\index.php(37): CodeIgniter\CodeIgniter->run()
#5 {main}
CRITICAL - 2022-04-13 16:09:19 --> Call to undefined method App\Models\ModeleMarque::retourner_marques
#0 C:\wamp64\www\ppe-chopesgames4\app\Controllers\Visiteur.php(48): CodeIgniter\Model->__call('retourner_marqu...', Array)
#1 C:\wamp64\www\ppe-chopesgames4\system\CodeIgniter.php(824): App\Controllers\Visiteur->lister_les_produits()
#2 C:\wamp64\www\ppe-chopesgames4\system\CodeIgniter.php(410): CodeIgniter\CodeIgniter->runController(Object(App\Controllers\Visiteur))
#3 C:\wamp64\www\ppe-chopesgames4\system\CodeIgniter.php(318): CodeIgniter\CodeIgniter->handleRequest(NULL, Object(Config\Cache), false)
#4 C:\wamp64\www\ppe-chopesgames4\public\index.php(37): CodeIgniter\CodeIgniter->run()
#5 {main}
CRITICAL - 2022-04-13 16:09:31 --> Call to undefined method App\Models\ModeleMarque::retourner_marques
#0 C:\wamp64\www\ppe-chopesgames4\app\Controllers\AdministrateurSuper.php(66): CodeIgniter\Model->__call('retourner_marqu...', Array)
#1 C:\wamp64\www\ppe-chopesgames4\system\CodeIgniter.php(824): App\Controllers\AdministrateurSuper->ajouter_une_marque()
#2 C:\wamp64\www\ppe-chopesgames4\system\CodeIgniter.php(410): CodeIgniter\CodeIgniter->runController(Object(App\Controllers\AdministrateurSuper))
#3 C:\wamp64\www\ppe-chopesgames4\system\CodeIgniter.php(318): CodeIgniter\CodeIgniter->handleRequest(NULL, Object(Config\Cache), false)
#4 C:\wamp64\www\ppe-chopesgames4\public\index.php(37): CodeIgniter\CodeIgniter->run()
#5 {main}
CRITICAL - 2022-04-13 16:09:33 --> Call to undefined method App\Models\ModeleMarque::retourner_marques
#0 C:\wamp64\www\ppe-chopesgames4\app\Controllers\AdministrateurSuper.php(66): CodeIgniter\Model->__call('retourner_marqu...', Array)
#1 C:\wamp64\www\ppe-chopesgames4\system\CodeIgniter.php(824): App\Controllers\AdministrateurSuper->ajouter_une_marque()
#2 C:\wamp64\www\ppe-chopesgames4\system\CodeIgniter.php(410): CodeIgniter\CodeIgniter->runController(Object(App\Controllers\AdministrateurSuper))
#3 C:\wamp64\www\ppe-chopesgames4\system\CodeIgniter.php(318): CodeIgniter\CodeIgniter->handleRequest(NULL, Object(Config\Cache), false)
#4 C:\wamp64\www\ppe-chopesgames4\public\index.php(37): CodeIgniter\CodeIgniter->run()
#5 {main}
CRITICAL - 2022-04-13 16:09:51 --> Call to undefined method App\Models\ModeleMarque::retourner_marques
#0 C:\wamp64\www\ppe-chopesgames4\app\Controllers\Visiteur.php(25): CodeIgniter\Model->__call('retourner_marqu...', Array)
#1 C:\wamp64\www\ppe-chopesgames4\system\CodeIgniter.php(824): App\Controllers\Visiteur->accueil()
#2 C:\wamp64\www\ppe-chopesgames4\system\CodeIgniter.php(410): CodeIgniter\CodeIgniter->runController(Object(App\Controllers\Visiteur))
#3 C:\wamp64\www\ppe-chopesgames4\system\CodeIgniter.php(318): CodeIgniter\CodeIgniter->handleRequest(NULL, Object(Config\Cache), false)
#4 C:\wamp64\www\ppe-chopesgames4\public\index.php(37): CodeIgniter\CodeIgniter->run()
#5 {main}
CRITICAL - 2022-04-13 16:10:10 --> Call to undefined method App\Models\ModeleMarque::retourner_marques
#0 C:\wamp64\www\ppe-chopesgames4\app\Controllers\AdministrateurSuper.php(66): CodeIgniter\Model->__call('retourner_marqu...', Array)
#1 C:\wamp64\www\ppe-chopesgames4\system\CodeIgniter.php(824): App\Controllers\AdministrateurSuper->ajouter_une_marque()
#2 C:\wamp64\www\ppe-chopesgames4\system\CodeIgniter.php(410): CodeIgniter\CodeIgniter->runController(Object(App\Controllers\AdministrateurSuper))
#3 C:\wamp64\www\ppe-chopesgames4\system\CodeIgniter.php(318): CodeIgniter\CodeIgniter->handleRequest(NULL, Object(Config\Cache), false)
#4 C:\wamp64\www\ppe-chopesgames4\public\index.php(37): CodeIgniter\CodeIgniter->run()
#5 {main}
CRITICAL - 2022-04-13 16:10:14 --> Call to undefined method App\Models\ModeleMarque::retourner_marques
#0 C:\wamp64\www\ppe-chopesgames4\app\Controllers\Visiteur.php(48): CodeIgniter\Model->__call('retourner_marqu...', Array)
#1 C:\wamp64\www\ppe-chopesgames4\system\CodeIgniter.php(824): App\Controllers\Visiteur->lister_les_produits()
#2 C:\wamp64\www\ppe-chopesgames4\system\CodeIgniter.php(410): CodeIgniter\CodeIgniter->runController(Object(App\Controllers\Visiteur))
#3 C:\wamp64\www\ppe-chopesgames4\system\CodeIgniter.php(318): CodeIgniter\CodeIgniter->handleRequest(NULL, Object(Config\Cache), false)
#4 C:\wamp64\www\ppe-chopesgames4\public\index.php(37): CodeIgniter\CodeIgniter->run()
#5 {main}
ERROR - 2022-04-13 16:13:50 --> Champ 'id' inconnu dans where clause
CRITICAL - 2022-04-13 16:13:50 --> Allowed fields must be specified for model: App\Models\ModeleMarque
#0 C:\wamp64\www\ppe-chopesgames4\system\BaseModel.php(1138): CodeIgniter\Database\Exceptions\DataException::forInvalidAllowedFields('App\\Models\\Mode...')
#1 C:\wamp64\www\ppe-chopesgames4\system\BaseModel.php(713): CodeIgniter\BaseModel->doProtectFields(Array)
#2 C:\wamp64\www\ppe-chopesgames4\system\Model.php(620): CodeIgniter\BaseModel->insert(Array, false)
#3 C:\wamp64\www\ppe-chopesgames4\system\BaseModel.php(658): CodeIgniter\Model->insert(Array, false)
#4 C:\wamp64\www\ppe-chopesgames4\app\Controllers\AdministrateurSuper.php(94): CodeIgniter\BaseModel->save(Array)
#5 C:\wamp64\www\ppe-chopesgames4\system\CodeIgniter.php(824): App\Controllers\AdministrateurSuper->ajouter_une_marque()
#6 C:\wamp64\www\ppe-chopesgames4\system\CodeIgniter.php(410): CodeIgniter\CodeIgniter->runController(Object(App\Controllers\AdministrateurSuper))
#7 C:\wamp64\www\ppe-chopesgames4\system\CodeIgniter.php(318): CodeIgniter\CodeIgniter->handleRequest(NULL, Object(Config\Cache), false)
#8 C:\wamp64\www\ppe-chopesgames4\public\index.php(37): CodeIgniter\CodeIgniter->run()
#9 {main}
ERROR - 2022-04-13 16:18:44 --> Champ 'id' inconnu dans where clause
CRITICAL - 2022-04-13 16:18:44 --> Allowed fields must be specified for model: App\Models\ModeleMarque
#0 C:\wamp64\www\ppe-chopesgames4\system\BaseModel.php(1138): CodeIgniter\Database\Exceptions\DataException::forInvalidAllowedFields('App\\Models\\Mode...')
#1 C:\wamp64\www\ppe-chopesgames4\system\BaseModel.php(713): CodeIgniter\BaseModel->doProtectFields(Array)
#2 C:\wamp64\www\ppe-chopesgames4\system\Model.php(620): CodeIgniter\BaseModel->insert(Array, false)
#3 C:\wamp64\www\ppe-chopesgames4\system\BaseModel.php(658): CodeIgniter\Model->insert(Array, false)
#4 C:\wamp64\www\ppe-chopesgames4\app\Controllers\AdministrateurSuper.php(94): CodeIgniter\BaseModel->save(Array)
#5 C:\wamp64\www\ppe-chopesgames4\system\CodeIgniter.php(824): App\Controllers\AdministrateurSuper->ajouter_une_marque()
#6 C:\wamp64\www\ppe-chopesgames4\system\CodeIgniter.php(410): CodeIgniter\CodeIgniter->runController(Object(App\Controllers\AdministrateurSuper))
#7 C:\wamp64\www\ppe-chopesgames4\system\CodeIgniter.php(318): CodeIgniter\CodeIgniter->handleRequest(NULL, Object(Config\Cache), false)
#8 C:\wamp64\www\ppe-chopesgames4\public\index.php(37): CodeIgniter\CodeIgniter->run()
#9 {main}
ERROR - 2022-04-13 16:19:36 --> Champ 'id' inconnu dans where clause
CRITICAL - 2022-04-13 16:19:36 --> Allowed fields must be specified for model: App\Models\ModeleMarque
#0 C:\wamp64\www\ppe-chopesgames4\system\BaseModel.php(1138): CodeIgniter\Database\Exceptions\DataException::forInvalidAllowedFields('App\\Models\\Mode...')
#1 C:\wamp64\www\ppe-chopesgames4\system\BaseModel.php(713): CodeIgniter\BaseModel->doProtectFields(Array)
#2 C:\wamp64\www\ppe-chopesgames4\system\Model.php(620): CodeIgniter\BaseModel->insert(Array, false)
#3 C:\wamp64\www\ppe-chopesgames4\system\BaseModel.php(658): CodeIgniter\Model->insert(Array, false)
#4 C:\wamp64\www\ppe-chopesgames4\app\Controllers\AdministrateurSuper.php(94): CodeIgniter\BaseModel->save(Array)
#5 C:\wamp64\www\ppe-chopesgames4\system\CodeIgniter.php(824): App\Controllers\AdministrateurSuper->ajouter_une_marque()
#6 C:\wamp64\www\ppe-chopesgames4\system\CodeIgniter.php(410): CodeIgniter\CodeIgniter->runController(Object(App\Controllers\AdministrateurSuper))
#7 C:\wamp64\www\ppe-chopesgames4\system\CodeIgniter.php(318): CodeIgniter\CodeIgniter->handleRequest(NULL, Object(Config\Cache), false)
#8 C:\wamp64\www\ppe-chopesgames4\public\index.php(37): CodeIgniter\CodeIgniter->run()
#9 {main}
ERROR - 2022-04-13 16:25:21 --> Champ 'id' inconnu dans where clause
CRITICAL - 2022-04-13 16:25:21 --> Allowed fields must be specified for model: App\Models\ModeleMarque
#0 C:\wamp64\www\ppe-chopesgames4\system\BaseModel.php(1138): CodeIgniter\Database\Exceptions\DataException::forInvalidAllowedFields('App\\Models\\Mode...')
#1 C:\wamp64\www\ppe-chopesgames4\system\BaseModel.php(713): CodeIgniter\BaseModel->doProtectFields(Array)
#2 C:\wamp64\www\ppe-chopesgames4\system\Model.php(620): CodeIgniter\BaseModel->insert(Array, false)
#3 C:\wamp64\www\ppe-chopesgames4\system\BaseModel.php(658): CodeIgniter\Model->insert(Array, false)
#4 C:\wamp64\www\ppe-chopesgames4\app\Controllers\AdministrateurSuper.php(94): CodeIgniter\BaseModel->save(Array)
#5 C:\wamp64\www\ppe-chopesgames4\system\CodeIgniter.php(824): App\Controllers\AdministrateurSuper->ajouter_une_marque()
#6 C:\wamp64\www\ppe-chopesgames4\system\CodeIgniter.php(410): CodeIgniter\CodeIgniter->runController(Object(App\Controllers\AdministrateurSuper))
#7 C:\wamp64\www\ppe-chopesgames4\system\CodeIgniter.php(318): CodeIgniter\CodeIgniter->handleRequest(NULL, Object(Config\Cache), false)
#8 C:\wamp64\www\ppe-chopesgames4\public\index.php(37): CodeIgniter\CodeIgniter->run()
#9 {main}
CRITICAL - 2022-04-13 16:30:18 --> There is no data to insert.
#0 C:\wamp64\www\ppe-chopesgames4\system\BaseModel.php(718): CodeIgniter\Database\Exceptions\DataException::forEmptyDataset('insert')
#1 C:\wamp64\www\ppe-chopesgames4\system\Model.php(620): CodeIgniter\BaseModel->insert(Array, false)
#2 C:\wamp64\www\ppe-chopesgames4\system\BaseModel.php(658): CodeIgniter\Model->insert(Array, false)
#3 C:\wamp64\www\ppe-chopesgames4\app\Controllers\AdministrateurSuper.php(94): CodeIgniter\BaseModel->save(Array)
#4 C:\wamp64\www\ppe-chopesgames4\system\CodeIgniter.php(824): App\Controllers\AdministrateurSuper->ajouter_une_marque()
#5 C:\wamp64\www\ppe-chopesgames4\system\CodeIgniter.php(410): CodeIgniter\CodeIgniter->runController(Object(App\Controllers\AdministrateurSuper))
#6 C:\wamp64\www\ppe-chopesgames4\system\CodeIgniter.php(318): CodeIgniter\CodeIgniter->handleRequest(NULL, Object(Config\Cache), false)
#7 C:\wamp64\www\ppe-chopesgames4\public\index.php(37): CodeIgniter\CodeIgniter->run()
#8 {main}
CRITICAL - 2022-04-13 16:31:31 --> There is no data to insert.
#0 C:\wamp64\www\ppe-chopesgames4\system\BaseModel.php(718): CodeIgniter\Database\Exceptions\DataException::forEmptyDataset('insert')
#1 C:\wamp64\www\ppe-chopesgames4\system\Model.php(620): CodeIgniter\BaseModel->insert(Array, false)
#2 C:\wamp64\www\ppe-chopesgames4\system\BaseModel.php(658): CodeIgniter\Model->insert(Array, false)
#3 C:\wamp64\www\ppe-chopesgames4\app\Controllers\AdministrateurSuper.php(94): CodeIgniter\BaseModel->save(Array)
#4 C:\wamp64\www\ppe-chopesgames4\system\CodeIgniter.php(824): App\Controllers\AdministrateurSuper->ajouter_une_marque()
#5 C:\wamp64\www\ppe-chopesgames4\system\CodeIgniter.php(410): CodeIgniter\CodeIgniter->runController(Object(App\Controllers\AdministrateurSuper))
#6 C:\wamp64\www\ppe-chopesgames4\system\CodeIgniter.php(318): CodeIgniter\CodeIgniter->handleRequest(NULL, Object(Config\Cache), false)
#7 C:\wamp64\www\ppe-chopesgames4\public\index.php(37): CodeIgniter\CodeIgniter->run()
#8 {main}
CRITICAL - 2022-04-13 16:32:19 --> There is no data to insert.
#0 C:\wamp64\www\ppe-chopesgames4\system\BaseModel.php(718): CodeIgniter\Database\Exceptions\DataException::forEmptyDataset('insert')
#1 C:\wamp64\www\ppe-chopesgames4\system\Model.php(620): CodeIgniter\BaseModel->insert(Array, false)
#2 C:\wamp64\www\ppe-chopesgames4\system\BaseModel.php(658): CodeIgniter\Model->insert(Array, false)
#3 C:\wamp64\www\ppe-chopesgames4\app\Controllers\AdministrateurSuper.php(95): CodeIgniter\BaseModel->save(Array)
#4 C:\wamp64\www\ppe-chopesgames4\system\CodeIgniter.php(824): App\Controllers\AdministrateurSuper->ajouter_une_marque()
#5 C:\wamp64\www\ppe-chopesgames4\system\CodeIgniter.php(410): CodeIgniter\CodeIgniter->runController(Object(App\Controllers\AdministrateurSuper))
#6 C:\wamp64\www\ppe-chopesgames4\system\CodeIgniter.php(318): CodeIgniter\CodeIgniter->handleRequest(NULL, Object(Config\Cache), false)
#7 C:\wamp64\www\ppe-chopesgames4\public\index.php(37): CodeIgniter\CodeIgniter->run()
#8 {main}
CRITICAL - 2022-04-13 16:44:59 --> Invalid argument supplied for foreach()
#0 C:\wamp64\www\ppe-chopesgames4\app\Views\templates\header.php(53): CodeIgniter\Debug\Exceptions->errorHandler(2, 'Invalid argumen...', 'C:\\wamp64\\www\\p...', 53, Array)
#1 C:\wamp64\www\ppe-chopesgames4\system\View\View.php(214): include('C:\\wamp64\\www\\p...')
#2 C:\wamp64\www\ppe-chopesgames4\system\View\View.php(217): CodeIgniter\View\View->CodeIgniter\View\{closure}()
#3 C:\wamp64\www\ppe-chopesgames4\system\Common.php(1097): CodeIgniter\View\View->render('templates/heade...', Array, true)
#4 C:\wamp64\www\ppe-chopesgames4\app\Controllers\AdministrateurSuper.php(28): view('templates/heade...', Array)
#5 C:\wamp64\www\ppe-chopesgames4\system\CodeIgniter.php(824): App\Controllers\AdministrateurSuper->ajouter_une_categorie()
#6 C:\wamp64\www\ppe-chopesgames4\system\CodeIgniter.php(410): CodeIgniter\CodeIgniter->runController(Object(App\Controllers\AdministrateurSuper))
#7 C:\wamp64\www\ppe-chopesgames4\system\CodeIgniter.php(318): CodeIgniter\CodeIgniter->handleRequest(NULL, Object(Config\Cache), false)
#8 C:\wamp64\www\ppe-chopesgames4\public\index.php(37): CodeIgniter\CodeIgniter->run()
#9 {main}
CRITICAL - 2022-04-13 16:45:15 --> Invalid argument supplied for foreach()
#0 C:\wamp64\www\ppe-chopesgames4\app\Views\templates\header.php(53): CodeIgniter\Debug\Exceptions->errorHandler(2, 'Invalid argumen...', 'C:\\wamp64\\www\\p...', 53, Array)
#1 C:\wamp64\www\ppe-chopesgames4\system\View\View.php(214): include('C:\\wamp64\\www\\p...')
#2 C:\wamp64\www\ppe-chopesgames4\system\View\View.php(217): CodeIgniter\View\View->CodeIgniter\View\{closure}()
#3 C:\wamp64\www\ppe-chopesgames4\system\Common.php(1097): CodeIgniter\View\View->render('templates/heade...', Array, true)
#4 C:\wamp64\www\ppe-chopesgames4\app\Controllers\AdministrateurSuper.php(29): view('templates/heade...', Array)
#5 C:\wamp64\www\ppe-chopesgames4\system\CodeIgniter.php(824): App\Controllers\AdministrateurSuper->ajouter_une_categorie()
#6 C:\wamp64\www\ppe-chopesgames4\system\CodeIgniter.php(410): CodeIgniter\CodeIgniter->runController(Object(App\Controllers\AdministrateurSuper))
#7 C:\wamp64\www\ppe-chopesgames4\system\CodeIgniter.php(318): CodeIgniter\CodeIgniter->handleRequest(NULL, Object(Config\Cache), false)
#8 C:\wamp64\www\ppe-chopesgames4\public\index.php(37): CodeIgniter\CodeIgniter->run()
#9 {main}
CRITICAL - 2022-04-13 16:45:18 --> Invalid argument supplied for foreach()
#0 C:\wamp64\www\ppe-chopesgames4\app\Views\templates\header.php(53): CodeIgniter\Debug\Exceptions->errorHandler(2, 'Invalid argumen...', 'C:\\wamp64\\www\\p...', 53, Array)
#1 C:\wamp64\www\ppe-chopesgames4\system\View\View.php(214): include('C:\\wamp64\\www\\p...')
#2 C:\wamp64\www\ppe-chopesgames4\system\View\View.php(217): CodeIgniter\View\View->CodeIgniter\View\{closure}()
#3 C:\wamp64\www\ppe-chopesgames4\system\Common.php(1097): CodeIgniter\View\View->render('templates/heade...', Array, true)
#4 C:\wamp64\www\ppe-chopesgames4\app\Controllers\AdministrateurSuper.php(29): view('templates/heade...', Array)
#5 C:\wamp64\www\ppe-chopesgames4\system\CodeIgniter.php(824): App\Controllers\AdministrateurSuper->ajouter_une_categorie()
#6 C:\wamp64\www\ppe-chopesgames4\system\CodeIgniter.php(410): CodeIgniter\CodeIgniter->runController(Object(App\Controllers\AdministrateurSuper))
#7 C:\wamp64\www\ppe-chopesgames4\system\CodeIgniter.php(318): CodeIgniter\CodeIgniter->handleRequest(NULL, Object(Config\Cache), false)
#8 C:\wamp64\www\ppe-chopesgames4\public\index.php(37): CodeIgniter\CodeIgniter->run()
#9 {main}
CRITICAL - 2022-04-13 16:45:21 --> Invalid argument supplied for foreach()
#0 C:\wamp64\www\ppe-chopesgames4\app\Views\templates\header.php(53): CodeIgniter\Debug\Exceptions->errorHandler(2, 'Invalid argumen...', 'C:\\wamp64\\www\\p...', 53, Array)
#1 C:\wamp64\www\ppe-chopesgames4\system\View\View.php(214): include('C:\\wamp64\\www\\p...')
#2 C:\wamp64\www\ppe-chopesgames4\system\View\View.php(217): CodeIgniter\View\View->CodeIgniter\View\{closure}()
#3 C:\wamp64\www\ppe-chopesgames4\system\Common.php(1097): CodeIgniter\View\View->render('templates/heade...', Array, true)
#4 C:\wamp64\www\ppe-chopesgames4\app\Controllers\AdministrateurSuper.php(29): view('templates/heade...', Array)
#5 C:\wamp64\www\ppe-chopesgames4\system\CodeIgniter.php(824): App\Controllers\AdministrateurSuper->ajouter_une_categorie()
#6 C:\wamp64\www\ppe-chopesgames4\system\CodeIgniter.php(410): CodeIgniter\CodeIgniter->runController(Object(App\Controllers\AdministrateurSuper))
#7 C:\wamp64\www\ppe-chopesgames4\system\CodeIgniter.php(318): CodeIgniter\CodeIgniter->handleRequest(NULL, Object(Config\Cache), false)
#8 C:\wamp64\www\ppe-chopesgames4\public\index.php(37): CodeIgniter\CodeIgniter->run()
#9 {main}
CRITICAL - 2022-04-13 16:45:41 --> Invalid argument supplied for foreach()
#0 C:\wamp64\www\ppe-chopesgames4\app\Views\templates\header.php(53): CodeIgniter\Debug\Exceptions->errorHandler(2, 'Invalid argumen...', 'C:\\wamp64\\www\\p...', 53, Array)
#1 C:\wamp64\www\ppe-chopesgames4\system\View\View.php(214): include('C:\\wamp64\\www\\p...')
#2 C:\wamp64\www\ppe-chopesgames4\system\View\View.php(217): CodeIgniter\View\View->CodeIgniter\View\{closure}()
#3 C:\wamp64\www\ppe-chopesgames4\system\Common.php(1097): CodeIgniter\View\View->render('templates/heade...', Array, true)
#4 C:\wamp64\www\ppe-chopesgames4\app\Controllers\AdministrateurSuper.php(76): view('templates/heade...', Array)
#5 C:\wamp64\www\ppe-chopesgames4\system\CodeIgniter.php(824): App\Controllers\AdministrateurSuper->ajouter_une_marque()
#6 C:\wamp64\www\ppe-chopesgames4\system\CodeIgniter.php(410): CodeIgniter\CodeIgniter->runController(Object(App\Controllers\AdministrateurSuper))
#7 C:\wamp64\www\ppe-chopesgames4\system\CodeIgniter.php(318): CodeIgniter\CodeIgniter->handleRequest(NULL, Object(Config\Cache), false)
#8 C:\wamp64\www\ppe-chopesgames4\public\index.php(37): CodeIgniter\CodeIgniter->run()
#9 {main}
CRITICAL - 2022-04-13 16:47:04 --> Invalid argument supplied for foreach()
#0 C:\wamp64\www\ppe-chopesgames4\app\Views\templates\header.php(53): CodeIgniter\Debug\Exceptions->errorHandler(2, 'Invalid argumen...', 'C:\\wamp64\\www\\p...', 53, Array)
#1 C:\wamp64\www\ppe-chopesgames4\system\View\View.php(214): include('C:\\wamp64\\www\\p...')
#2 C:\wamp64\www\ppe-chopesgames4\system\View\View.php(217): CodeIgniter\View\View->CodeIgniter\View\{closure}()
#3 C:\wamp64\www\ppe-chopesgames4\system\Common.php(1097): CodeIgniter\View\View->render('templates/heade...', Array, true)
#4 C:\wamp64\www\ppe-chopesgames4\app\Controllers\AdministrateurSuper.php(79): view('templates/heade...', Array)
#5 C:\wamp64\www\ppe-chopesgames4\system\CodeIgniter.php(824): App\Controllers\AdministrateurSuper->ajouter_une_marque()
#6 C:\wamp64\www\ppe-chopesgames4\system\CodeIgniter.php(410): CodeIgniter\CodeIgniter->runController(Object(App\Controllers\AdministrateurSuper))
#7 C:\wamp64\www\ppe-chopesgames4\system\CodeIgniter.php(318): CodeIgniter\CodeIgniter->handleRequest(NULL, Object(Config\Cache), false)
#8 C:\wamp64\www\ppe-chopesgames4\public\index.php(37): CodeIgniter\CodeIgniter->run()
#9 {main}
CRITICAL - 2022-04-13 16:47:15 --> Invalid argument supplied for foreach()
#0 C:\wamp64\www\ppe-chopesgames4\app\Views\templates\header.php(53): CodeIgniter\Debug\Exceptions->errorHandler(2, 'Invalid argumen...', 'C:\\wamp64\\www\\p...', 53, Array)
#1 C:\wamp64\www\ppe-chopesgames4\system\View\View.php(214): include('C:\\wamp64\\www\\p...')
#2 C:\wamp64\www\ppe-chopesgames4\system\View\View.php(217): CodeIgniter\View\View->CodeIgniter\View\{closure}()
#3 C:\wamp64\www\ppe-chopesgames4\system\Common.php(1097): CodeIgniter\View\View->render('templates/heade...', Array, true)
#4 C:\wamp64\www\ppe-chopesgames4\app\Controllers\AdministrateurSuper.php(79): view('templates/heade...', Array)
#5 C:\wamp64\www\ppe-chopesgames4\system\CodeIgniter.php(824): App\Controllers\AdministrateurSuper->ajouter_une_marque()
#6 C:\wamp64\www\ppe-chopesgames4\system\CodeIgniter.php(410): CodeIgniter\CodeIgniter->runController(Object(App\Controllers\AdministrateurSuper))
#7 C:\wamp64\www\ppe-chopesgames4\system\CodeIgniter.php(318): CodeIgniter\CodeIgniter->handleRequest(NULL, Object(Config\Cache), false)
#8 C:\wamp64\www\ppe-chopesgames4\public\index.php(37): CodeIgniter\CodeIgniter->run()
#9 {main}
CRITICAL - 2022-04-13 17:19:13 --> Invalid argument supplied for foreach()
#0 C:\wamp64\www\ppe-chopesgames4\app\Views\templates\header.php(53): CodeIgniter\Debug\Exceptions->errorHandler(2, 'Invalid argumen...', 'C:\\wamp64\\www\\p...', 53, Array)
#1 C:\wamp64\www\ppe-chopesgames4\system\View\View.php(214): include('C:\\wamp64\\www\\p...')
#2 C:\wamp64\www\ppe-chopesgames4\system\View\View.php(217): CodeIgniter\View\View->CodeIgniter\View\{closure}()
#3 C:\wamp64\www\ppe-chopesgames4\system\Common.php(1097): CodeIgniter\View\View->render('templates/heade...', Array, true)
#4 C:\wamp64\www\ppe-chopesgames4\app\Controllers\AdministrateurSuper.php(229): view('templates/heade...', Array)
#5 C:\wamp64\www\ppe-chopesgames4\system\CodeIgniter.php(824): App\Controllers\AdministrateurSuper->ajouter_un_administrateur()
#6 C:\wamp64\www\ppe-chopesgames4\system\CodeIgniter.php(410): CodeIgniter\CodeIgniter->runController(Object(App\Controllers\AdministrateurSuper))
#7 C:\wamp64\www\ppe-chopesgames4\system\CodeIgniter.php(318): CodeIgniter\CodeIgniter->handleRequest(NULL, Object(Config\Cache), false)
#8 C:\wamp64\www\ppe-chopesgames4\public\index.php(37): CodeIgniter\CodeIgniter->run()
#9 {main}
CRITICAL - 2022-04-13 17:19:23 --> Invalid argument supplied for foreach()
#0 C:\wamp64\www\ppe-chopesgames4\app\Views\templates\header.php(53): CodeIgniter\Debug\Exceptions->errorHandler(2, 'Invalid argumen...', 'C:\\wamp64\\www\\p...', 53, Array)
#1 C:\wamp64\www\ppe-chopesgames4\system\View\View.php(214): include('C:\\wamp64\\www\\p...')
#2 C:\wamp64\www\ppe-chopesgames4\system\View\View.php(217): CodeIgniter\View\View->CodeIgniter\View\{closure}()
#3 C:\wamp64\www\ppe-chopesgames4\system\Common.php(1097): CodeIgniter\View\View->render('templates/heade...', Array, true)
#4 C:\wamp64\www\ppe-chopesgames4\app\Controllers\AdministrateurSuper.php(229): view('templates/heade...', Array)
#5 C:\wamp64\www\ppe-chopesgames4\system\CodeIgniter.php(824): App\Controllers\AdministrateurSuper->ajouter_un_administrateur()
#6 C:\wamp64\www\ppe-chopesgames4\system\CodeIgniter.php(410): CodeIgniter\CodeIgniter->runController(Object(App\Controllers\AdministrateurSuper))
#7 C:\wamp64\www\ppe-chopesgames4\system\CodeIgniter.php(318): CodeIgniter\CodeIgniter->handleRequest(NULL, Object(Config\Cache), false)
#8 C:\wamp64\www\ppe-chopesgames4\public\index.php(37): CodeIgniter\CodeIgniter->run()
#9 {main}
CRITICAL - 2022-04-13 17:20:53 --> Invalid argument supplied for foreach()
#0 C:\wamp64\www\ppe-chopesgames4\app\Views\templates\header.php(53): CodeIgniter\Debug\Exceptions->errorHandler(2, 'Invalid argumen...', 'C:\\wamp64\\www\\p...', 53, Array)
#1 C:\wamp64\www\ppe-chopesgames4\system\View\View.php(214): include('C:\\wamp64\\www\\p...')
#2 C:\wamp64\www\ppe-chopesgames4\system\View\View.php(217): CodeIgniter\View\View->CodeIgniter\View\{closure}()
#3 C:\wamp64\www\ppe-chopesgames4\system\Common.php(1097): CodeIgniter\View\View->render('templates/heade...', Array, true)
#4 C:\wamp64\www\ppe-chopesgames4\app\Controllers\AdministrateurSuper.php(221): view('templates/heade...', Array)
#5 C:\wamp64\www\ppe-chopesgames4\system\CodeIgniter.php(824): App\Controllers\AdministrateurSuper->ajouter_un_administrateur()
#6 C:\wamp64\www\ppe-chopesgames4\system\CodeIgniter.php(410): CodeIgniter\CodeIgniter->runController(Object(App\Controllers\AdministrateurSuper))
#7 C:\wamp64\www\ppe-chopesgames4\system\CodeIgniter.php(318): CodeIgniter\CodeIgniter->handleRequest(NULL, Object(Config\Cache), false)
#8 C:\wamp64\www\ppe-chopesgames4\public\index.php(37): CodeIgniter\CodeIgniter->run()
#9 {main}
CRITICAL - 2022-04-13 17:22:01 --> Invalid argument supplied for foreach()
#0 C:\wamp64\www\ppe-chopesgames4\app\Views\AdministrateurSuper\ajouter_un_produit.php(22): CodeIgniter\Debug\Exceptions->errorHandler(2, 'Invalid argumen...', 'C:\\wamp64\\www\\p...', 22, Array)
#1 C:\wamp64\www\ppe-chopesgames4\system\View\View.php(214): include('C:\\wamp64\\www\\p...')
#2 C:\wamp64\www\ppe-chopesgames4\system\View\View.php(217): CodeIgniter\View\View->CodeIgniter\View\{closure}()
#3 C:\wamp64\www\ppe-chopesgames4\system\Common.php(1097): CodeIgniter\View\View->render('AdministrateurS...', Array, true)
#4 C:\wamp64\www\ppe-chopesgames4\app\Controllers\AdministrateurSuper.php(222): view('AdministrateurS...')
#5 C:\wamp64\www\ppe-chopesgames4\system\CodeIgniter.php(824): App\Controllers\AdministrateurSuper->ajouter_un_administrateur()
#6 C:\wamp64\www\ppe-chopesgames4\system\CodeIgniter.php(410): CodeIgniter\CodeIgniter->runController(Object(App\Controllers\AdministrateurSuper))
#7 C:\wamp64\www\ppe-chopesgames4\system\CodeIgniter.php(318): CodeIgniter\CodeIgniter->handleRequest(NULL, Object(Config\Cache), false)
#8 C:\wamp64\www\ppe-chopesgames4\public\index.php(37): CodeIgniter\CodeIgniter->run()
#9 {main}
CRITICAL - 2022-04-13 17:22:09 --> Invalid argument supplied for foreach()
#0 C:\wamp64\www\ppe-chopesgames4\app\Views\AdministrateurSuper\ajouter_un_produit.php(22): CodeIgniter\Debug\Exceptions->errorHandler(2, 'Invalid argumen...', 'C:\\wamp64\\www\\p...', 22, Array)
#1 C:\wamp64\www\ppe-chopesgames4\system\View\View.php(214): include('C:\\wamp64\\www\\p...')
#2 C:\wamp64\www\ppe-chopesgames4\system\View\View.php(217): CodeIgniter\View\View->CodeIgniter\View\{closure}()
#3 C:\wamp64\www\ppe-chopesgames4\system\Common.php(1097): CodeIgniter\View\View->render('AdministrateurS...', Array, true)
#4 C:\wamp64\www\ppe-chopesgames4\app\Controllers\AdministrateurSuper.php(222): view('AdministrateurS...')
#5 C:\wamp64\www\ppe-chopesgames4\system\CodeIgniter.php(824): App\Controllers\AdministrateurSuper->ajouter_un_administrateur()
#6 C:\wamp64\www\ppe-chopesgames4\system\CodeIgniter.php(410): CodeIgniter\CodeIgniter->runController(Object(App\Controllers\AdministrateurSuper))
#7 C:\wamp64\www\ppe-chopesgames4\system\CodeIgniter.php(318): CodeIgniter\CodeIgniter->handleRequest(NULL, Object(Config\Cache), false)
#8 C:\wamp64\www\ppe-chopesgames4\public\index.php(37): CodeIgniter\CodeIgniter->run()
#9 {main}
CRITICAL - 2022-04-13 17:23:08 --> Invalid argument supplied for foreach()
#0 C:\wamp64\www\ppe-chopesgames4\app\Views\AdministrateurSuper\ajouter_un_produit.php(22): CodeIgniter\Debug\Exceptions->errorHandler(2, 'Invalid argumen...', 'C:\\wamp64\\www\\p...', 22, Array)
#1 C:\wamp64\www\ppe-chopesgames4\system\View\View.php(214): include('C:\\wamp64\\www\\p...')
#2 C:\wamp64\www\ppe-chopesgames4\system\View\View.php(217): CodeIgniter\View\View->CodeIgniter\View\{closure}()
#3 C:\wamp64\www\ppe-chopesgames4\system\Common.php(1097): CodeIgniter\View\View->render('AdministrateurS...', Array, true)
#4 C:\wamp64\www\ppe-chopesgames4\app\Controllers\AdministrateurSuper.php(222): view('AdministrateurS...')
#5 C:\wamp64\www\ppe-chopesgames4\system\CodeIgniter.php(824): App\Controllers\AdministrateurSuper->ajouter_un_administrateur()
#6 C:\wamp64\www\ppe-chopesgames4\system\CodeIgniter.php(410): CodeIgniter\CodeIgniter->runController(Object(App\Controllers\AdministrateurSuper))
#7 C:\wamp64\www\ppe-chopesgames4\system\CodeIgniter.php(318): CodeIgniter\CodeIgniter->handleRequest(NULL, Object(Config\Cache), false)
#8 C:\wamp64\www\ppe-chopesgames4\public\index.php(37): CodeIgniter\CodeIgniter->run()
#9 {main}
CRITICAL - 2022-04-13 17:36:37 --> syntax error, unexpected 'public' (T_PUBLIC), expecting end of file
#0 C:\wamp64\www\ppe-chopesgames4\system\Router\Router.php(176): CodeIgniter\Router\Router->autoRoute('AdministrateurS...')
#1 C:\wamp64\www\ppe-chopesgames4\system\CodeIgniter.php(718): CodeIgniter\Router\Router->handle('AdministrateurS...')
#2 C:\wamp64\www\ppe-chopesgames4\system\CodeIgniter.php(359): CodeIgniter\CodeIgniter->tryToRouteIt(Object(CodeIgniter\Router\RouteCollection))
#3 C:\wamp64\www\ppe-chopesgames4\system\CodeIgniter.php(318): CodeIgniter\CodeIgniter->handleRequest(NULL, Object(Config\Cache), false)
#4 C:\wamp64\www\ppe-chopesgames4\public\index.php(37): CodeIgniter\CodeIgniter->run()
#5 {main}
ERROR - 2022-04-13 17:40:17 --> Champ 'id' inconnu dans where clause
CRITICAL - 2022-04-13 17:40:17 --> Allowed fields must be specified for model: App\Models\ModeleAdministrateur
#0 C:\wamp64\www\ppe-chopesgames4\system\BaseModel.php(1138): CodeIgniter\Database\Exceptions\DataException::forInvalidAllowedFields('App\\Models\\Mode...')
#1 C:\wamp64\www\ppe-chopesgames4\system\BaseModel.php(713): CodeIgniter\BaseModel->doProtectFields(Array)
#2 C:\wamp64\www\ppe-chopesgames4\system\Model.php(620): CodeIgniter\BaseModel->insert(Array, false)
#3 C:\wamp64\www\ppe-chopesgames4\system\BaseModel.php(658): CodeIgniter\Model->insert(Array, false)
#4 C:\wamp64\www\ppe-chopesgames4\app\Controllers\AdministrateurSuper.php(240): CodeIgniter\BaseModel->save(Array)
#5 C:\wamp64\www\ppe-chopesgames4\system\CodeIgniter.php(824): App\Controllers\AdministrateurSuper->ajouter_un_administrateur()
#6 C:\wamp64\www\ppe-chopesgames4\system\CodeIgniter.php(410): CodeIgniter\CodeIgniter->runController(Object(App\Controllers\AdministrateurSuper))
#7 C:\wamp64\www\ppe-chopesgames4\system\CodeIgniter.php(318): CodeIgniter\CodeIgniter->handleRequest(NULL, Object(Config\Cache), false)
#8 C:\wamp64\www\ppe-chopesgames4\public\index.php(37): CodeIgniter\CodeIgniter->run()
#9 {main}
