CRITICAL - 2021-12-23 02:54:14 --> Invalid argument supplied for foreach()
#0 C:\wamp64\www\ppe-chopesgames4\app\Views\templates\header.php(52): CodeIgniter\Debug\Exceptions->errorHandler(2, 'Invalid argumen...', 'C:\\wamp64\\www\\p...', 52, Array)
#1 C:\wamp64\www\ppe-chopesgames4\system\View\View.php(214): include('C:\\wamp64\\www\\p...')
#2 C:\wamp64\www\ppe-chopesgames4\system\View\View.php(217): CodeIgniter\View\View->CodeIgniter\View\{closure}()
#3 C:\wamp64\www\ppe-chopesgames4\system\Common.php(1097): CodeIgniter\View\View->render('templates/heade...', Array, true)
#4 C:\wamp64\www\ppe-chopesgames4\app\Controllers\Visiteur.php(50): view('templates/heade...', Array)
#5 C:\wamp64\www\ppe-chopesgames4\system\CodeIgniter.php(824): App\Controllers\Visiteur->lister_les_produits()
#6 C:\wamp64\www\ppe-chopesgames4\system\CodeIgniter.php(410): CodeIgniter\CodeIgniter->runController(Object(App\Controllers\Visiteur))
#7 C:\wamp64\www\ppe-chopesgames4\system\CodeIgniter.php(318): CodeIgniter\CodeIgniter->handleRequest(NULL, Object(Config\Cache), false)
#8 C:\wamp64\www\ppe-chopesgames4\public\index.php(37): CodeIgniter\CodeIgniter->run()
#9 {main}
CRITICAL - 2021-12-23 02:59:34 --> Invalid argument supplied for foreach()
#0 C:\wamp64\www\ppe-chopesgames4\app\Views\templates\header.php(52): CodeIgniter\Debug\Exceptions->errorHandler(2, 'Invalid argumen...', 'C:\\wamp64\\www\\p...', 52, Array)
#1 C:\wamp64\www\ppe-chopesgames4\system\View\View.php(214): include('C:\\wamp64\\www\\p...')
#2 C:\wamp64\www\ppe-chopesgames4\system\View\View.php(217): CodeIgniter\View\View->CodeIgniter\View\{closure}()
#3 C:\wamp64\www\ppe-chopesgames4\system\Common.php(1097): CodeIgniter\View\View->render('templates/heade...', Array, true)
#4 C:\wamp64\www\ppe-chopesgames4\app\Controllers\Visiteur.php(50): view('templates/heade...', Array)
#5 C:\wamp64\www\ppe-chopesgames4\system\CodeIgniter.php(824): App\Controllers\Visiteur->lister_les_produits()
#6 C:\wamp64\www\ppe-chopesgames4\system\CodeIgniter.php(410): CodeIgniter\CodeIgniter->runController(Object(App\Controllers\Visiteur))
#7 C:\wamp64\www\ppe-chopesgames4\system\CodeIgniter.php(318): CodeIgniter\CodeIgniter->handleRequest(NULL, Object(Config\Cache), false)
#8 C:\wamp64\www\ppe-chopesgames4\public\index.php(37): CodeIgniter\CodeIgniter->run()
#9 {main}
CRITICAL - 2021-12-23 03:00:21 --> Invalid argument supplied for foreach()
#0 C:\wamp64\www\ppe-chopesgames4\app\Views\templates\header.php(52): CodeIgniter\Debug\Exceptions->errorHandler(2, 'Invalid argumen...', 'C:\\wamp64\\www\\p...', 52, Array)
#1 C:\wamp64\www\ppe-chopesgames4\system\View\View.php(214): include('C:\\wamp64\\www\\p...')
#2 C:\wamp64\www\ppe-chopesgames4\system\View\View.php(217): CodeIgniter\View\View->CodeIgniter\View\{closure}()
#3 C:\wamp64\www\ppe-chopesgames4\system\Common.php(1097): CodeIgniter\View\View->render('templates/heade...', Array, true)
#4 C:\wamp64\www\ppe-chopesgames4\app\Controllers\Visiteur.php(50): view('templates/heade...', Array)
#5 C:\wamp64\www\ppe-chopesgames4\system\CodeIgniter.php(824): App\Controllers\Visiteur->lister_les_produits()
#6 C:\wamp64\www\ppe-chopesgames4\system\CodeIgniter.php(410): CodeIgniter\CodeIgniter->runController(Object(App\Controllers\Visiteur))
#7 C:\wamp64\www\ppe-chopesgames4\system\CodeIgniter.php(318): CodeIgniter\CodeIgniter->handleRequest(NULL, Object(Config\Cache), false)
#8 C:\wamp64\www\ppe-chopesgames4\public\index.php(37): CodeIgniter\CodeIgniter->run()
#9 {main}
CRITICAL - 2021-12-23 03:06:17 --> Invalid argument supplied for foreach()
#0 C:\wamp64\www\ppe-chopesgames4\app\Views\templates\header.php(44): CodeIgniter\Debug\Exceptions->errorHandler(2, 'Invalid argumen...', 'C:\\wamp64\\www\\p...', 44, Array)
#1 C:\wamp64\www\ppe-chopesgames4\system\View\View.php(214): include('C:\\wamp64\\www\\p...')
#2 C:\wamp64\www\ppe-chopesgames4\system\View\View.php(217): CodeIgniter\View\View->CodeIgniter\View\{closure}()
#3 C:\wamp64\www\ppe-chopesgames4\system\Common.php(1097): CodeIgniter\View\View->render('templates/heade...', Array, true)
#4 C:\wamp64\www\ppe-chopesgames4\app\Controllers\Visiteur.php(50): view('templates/heade...', Array)
#5 C:\wamp64\www\ppe-chopesgames4\system\CodeIgniter.php(824): App\Controllers\Visiteur->lister_les_produits()
#6 C:\wamp64\www\ppe-chopesgames4\system\CodeIgniter.php(410): CodeIgniter\CodeIgniter->runController(Object(App\Controllers\Visiteur))
#7 C:\wamp64\www\ppe-chopesgames4\system\CodeIgniter.php(318): CodeIgniter\CodeIgniter->handleRequest(NULL, Object(Config\Cache), false)
#8 C:\wamp64\www\ppe-chopesgames4\public\index.php(37): CodeIgniter\CodeIgniter->run()
#9 {main}
CRITICAL - 2021-12-23 03:06:31 --> Invalid argument supplied for foreach()
#0 C:\wamp64\www\ppe-chopesgames4\app\Views\templates\header.php(44): CodeIgniter\Debug\Exceptions->errorHandler(2, 'Invalid argumen...', 'C:\\wamp64\\www\\p...', 44, Array)
#1 C:\wamp64\www\ppe-chopesgames4\system\View\View.php(214): include('C:\\wamp64\\www\\p...')
#2 C:\wamp64\www\ppe-chopesgames4\system\View\View.php(217): CodeIgniter\View\View->CodeIgniter\View\{closure}()
#3 C:\wamp64\www\ppe-chopesgames4\system\Common.php(1097): CodeIgniter\View\View->render('templates/heade...', Array, true)
#4 C:\wamp64\www\ppe-chopesgames4\app\Controllers\Visiteur.php(50): view('templates/heade...', Array)
#5 C:\wamp64\www\ppe-chopesgames4\system\CodeIgniter.php(824): App\Controllers\Visiteur->lister_les_produits()
#6 C:\wamp64\www\ppe-chopesgames4\system\CodeIgniter.php(410): CodeIgniter\CodeIgniter->runController(Object(App\Controllers\Visiteur))
#7 C:\wamp64\www\ppe-chopesgames4\system\CodeIgniter.php(318): CodeIgniter\CodeIgniter->handleRequest(NULL, Object(Config\Cache), false)
#8 C:\wamp64\www\ppe-chopesgames4\public\index.php(37): CodeIgniter\CodeIgniter->run()
#9 {main}
CRITICAL - 2021-12-23 04:34:12 --> Invalid argument supplied for foreach()
#0 C:\wamp64\www\ppe-chopesgames4\app\Views\templates\header.php(51): CodeIgniter\Debug\Exceptions->errorHandler(2, 'Invalid argumen...', 'C:\\wamp64\\www\\p...', 51, Array)
#1 C:\wamp64\www\ppe-chopesgames4\system\View\View.php(214): include('C:\\wamp64\\www\\p...')
#2 C:\wamp64\www\ppe-chopesgames4\system\View\View.php(217): CodeIgniter\View\View->CodeIgniter\View\{closure}()
#3 C:\wamp64\www\ppe-chopesgames4\system\Common.php(1097): CodeIgniter\View\View->render('templates/heade...', Array, true)
#4 C:\wamp64\www\ppe-chopesgames4\app\Controllers\AdministrateurSuper.php(18): view('templates/heade...')
#5 C:\wamp64\www\ppe-chopesgames4\system\CodeIgniter.php(824): App\Controllers\AdministrateurSuper->ajouter_une_categorie()
#6 C:\wamp64\www\ppe-chopesgames4\system\CodeIgniter.php(410): CodeIgniter\CodeIgniter->runController(Object(App\Controllers\AdministrateurSuper))
#7 C:\wamp64\www\ppe-chopesgames4\system\CodeIgniter.php(318): CodeIgniter\CodeIgniter->handleRequest(NULL, Object(Config\Cache), false)
#8 C:\wamp64\www\ppe-chopesgames4\public\index.php(37): CodeIgniter\CodeIgniter->run()
#9 {main}
CRITICAL - 2021-12-23 04:49:44 --> Invalid file: AdministrateurSuper/ajouter_unecategorie.php
#0 C:\wamp64\www\ppe-chopesgames4\system\View\View.php(198): CodeIgniter\Exceptions\FrameworkException::forInvalidFile('AdministrateurS...')
#1 C:\wamp64\www\ppe-chopesgames4\system\Common.php(1097): CodeIgniter\View\View->render('AdministrateurS...', Array, true)
#2 C:\wamp64\www\ppe-chopesgames4\app\Controllers\AdministrateurSuper.php(45): view('AdministrateurS...')
#3 C:\wamp64\www\ppe-chopesgames4\system\CodeIgniter.php(824): App\Controllers\AdministrateurSuper->ajouter_une_categorie()
#4 C:\wamp64\www\ppe-chopesgames4\system\CodeIgniter.php(410): CodeIgniter\CodeIgniter->runController(Object(App\Controllers\AdministrateurSuper))
#5 C:\wamp64\www\ppe-chopesgames4\system\CodeIgniter.php(318): CodeIgniter\CodeIgniter->handleRequest(NULL, Object(Config\Cache), false)
#6 C:\wamp64\www\ppe-chopesgames4\public\index.php(37): CodeIgniter\CodeIgniter->run()
#7 {main}
CRITICAL - 2021-12-23 04:49:50 --> Invalid file: AdministrateurSuper/ajouter_unecategorie.php
#0 C:\wamp64\www\ppe-chopesgames4\system\View\View.php(198): CodeIgniter\Exceptions\FrameworkException::forInvalidFile('AdministrateurS...')
#1 C:\wamp64\www\ppe-chopesgames4\system\Common.php(1097): CodeIgniter\View\View->render('AdministrateurS...', Array, true)
#2 C:\wamp64\www\ppe-chopesgames4\app\Controllers\AdministrateurSuper.php(45): view('AdministrateurS...')
#3 C:\wamp64\www\ppe-chopesgames4\system\CodeIgniter.php(824): App\Controllers\AdministrateurSuper->ajouter_une_categorie()
#4 C:\wamp64\www\ppe-chopesgames4\system\CodeIgniter.php(410): CodeIgniter\CodeIgniter->runController(Object(App\Controllers\AdministrateurSuper))
#5 C:\wamp64\www\ppe-chopesgames4\system\CodeIgniter.php(318): CodeIgniter\CodeIgniter->handleRequest(NULL, Object(Config\Cache), false)
#6 C:\wamp64\www\ppe-chopesgames4\public\index.php(37): CodeIgniter\CodeIgniter->run()
#7 {main}
CRITICAL - 2021-12-23 04:50:10 --> Invalid file: AdministrateurSuper/ajouter_unecategorie.php
#0 C:\wamp64\www\ppe-chopesgames4\system\View\View.php(198): CodeIgniter\Exceptions\FrameworkException::forInvalidFile('AdministrateurS...')
#1 C:\wamp64\www\ppe-chopesgames4\system\Common.php(1097): CodeIgniter\View\View->render('AdministrateurS...', Array, true)
#2 C:\wamp64\www\ppe-chopesgames4\app\Controllers\AdministrateurSuper.php(45): view('AdministrateurS...')
#3 C:\wamp64\www\ppe-chopesgames4\system\CodeIgniter.php(824): App\Controllers\AdministrateurSuper->ajouter_une_categorie()
#4 C:\wamp64\www\ppe-chopesgames4\system\CodeIgniter.php(410): CodeIgniter\CodeIgniter->runController(Object(App\Controllers\AdministrateurSuper))
#5 C:\wamp64\www\ppe-chopesgames4\system\CodeIgniter.php(318): CodeIgniter\CodeIgniter->handleRequest(NULL, Object(Config\Cache), false)
#6 C:\wamp64\www\ppe-chopesgames4\public\index.php(37): CodeIgniter\CodeIgniter->run()
#7 {main}
CRITICAL - 2021-12-23 05:05:00 --> syntax error, unexpected '}', expecting end of file
#0 C:\wamp64\www\ppe-chopesgames4\system\Router\Router.php(176): CodeIgniter\Router\Router->autoRoute('AdministrateurS...')
#1 C:\wamp64\www\ppe-chopesgames4\system\CodeIgniter.php(718): CodeIgniter\Router\Router->handle('AdministrateurS...')
#2 C:\wamp64\www\ppe-chopesgames4\system\CodeIgniter.php(359): CodeIgniter\CodeIgniter->tryToRouteIt(Object(CodeIgniter\Router\RouteCollection))
#3 C:\wamp64\www\ppe-chopesgames4\system\CodeIgniter.php(318): CodeIgniter\CodeIgniter->handleRequest(NULL, Object(Config\Cache), false)
#4 C:\wamp64\www\ppe-chopesgames4\public\index.php(37): CodeIgniter\CodeIgniter->run()
#5 {main}
CRITICAL - 2021-12-23 05:05:19 --> syntax error, unexpected 'public' (T_PUBLIC), expecting end of file
#0 C:\wamp64\www\ppe-chopesgames4\system\Router\Router.php(176): CodeIgniter\Router\Router->autoRoute('AdministrateurS...')
#1 C:\wamp64\www\ppe-chopesgames4\system\CodeIgniter.php(718): CodeIgniter\Router\Router->handle('AdministrateurS...')
#2 C:\wamp64\www\ppe-chopesgames4\system\CodeIgniter.php(359): CodeIgniter\CodeIgniter->tryToRouteIt(Object(CodeIgniter\Router\RouteCollection))
#3 C:\wamp64\www\ppe-chopesgames4\system\CodeIgniter.php(318): CodeIgniter\CodeIgniter->handleRequest(NULL, Object(Config\Cache), false)
#4 C:\wamp64\www\ppe-chopesgames4\public\index.php(37): CodeIgniter\CodeIgniter->run()
#5 {main}
CRITICAL - 2021-12-23 05:32:31 --> fopen(http://localhost/ppe-chopesgames4/publicassets/images/index.html): failed to open stream: HTTP wrapper does not support writeable connections
#0 [internal function]: CodeIgniter\Debug\Exceptions->errorHandler(2, 'fopen(http://lo...', 'C:\\wamp64\\www\\p...', 174, Array)
#1 C:\wamp64\www\ppe-chopesgames4\system\HTTP\Files\UploadedFile.php(174): fopen('http://localhos...', 'x+b')
#2 C:\wamp64\www\ppe-chopesgames4\system\HTTP\Files\UploadedFile.php(130): CodeIgniter\HTTP\Files\UploadedFile->setPath('http://localhos...')
#3 C:\wamp64\www\ppe-chopesgames4\app\Controllers\AdministrateurSuper.php(126): CodeIgniter\HTTP\Files\UploadedFile->move('http://localhos...', 't\xC3\xA9l\xC3\xA9chargemen...')
#4 C:\wamp64\www\ppe-chopesgames4\system\CodeIgniter.php(824): App\Controllers\AdministrateurSuper->ajouter_un_produit()
#5 C:\wamp64\www\ppe-chopesgames4\system\CodeIgniter.php(410): CodeIgniter\CodeIgniter->runController(Object(App\Controllers\AdministrateurSuper))
#6 C:\wamp64\www\ppe-chopesgames4\system\CodeIgniter.php(318): CodeIgniter\CodeIgniter->handleRequest(NULL, Object(Config\Cache), false)
#7 C:\wamp64\www\ppe-chopesgames4\public\index.php(37): CodeIgniter\CodeIgniter->run()
#8 {main}
CRITICAL - 2021-12-23 05:33:05 --> fopen(http://localhost/ppe-chopesgames4/public/assets/images/index.html): failed to open stream: HTTP wrapper does not support writeable connections
#0 [internal function]: CodeIgniter\Debug\Exceptions->errorHandler(2, 'fopen(http://lo...', 'C:\\wamp64\\www\\p...', 174, Array)
#1 C:\wamp64\www\ppe-chopesgames4\system\HTTP\Files\UploadedFile.php(174): fopen('http://localhos...', 'x+b')
#2 C:\wamp64\www\ppe-chopesgames4\system\HTTP\Files\UploadedFile.php(130): CodeIgniter\HTTP\Files\UploadedFile->setPath('http://localhos...')
#3 C:\wamp64\www\ppe-chopesgames4\app\Controllers\AdministrateurSuper.php(126): CodeIgniter\HTTP\Files\UploadedFile->move('http://localhos...', 't\xC3\xA9l\xC3\xA9chargemen...')
#4 C:\wamp64\www\ppe-chopesgames4\system\CodeIgniter.php(824): App\Controllers\AdministrateurSuper->ajouter_un_produit()
#5 C:\wamp64\www\ppe-chopesgames4\system\CodeIgniter.php(410): CodeIgniter\CodeIgniter->runController(Object(App\Controllers\AdministrateurSuper))
#6 C:\wamp64\www\ppe-chopesgames4\system\CodeIgniter.php(318): CodeIgniter\CodeIgniter->handleRequest(NULL, Object(Config\Cache), false)
#7 C:\wamp64\www\ppe-chopesgames4\public\index.php(37): CodeIgniter\CodeIgniter->run()
#8 {main}
CRITICAL - 2021-12-23 08:25:56 -->  is not a valid rule.
#0 C:\wamp64\www\ppe-chopesgames4\system\Validation\Validation.php(285): CodeIgniter\Validation\Exceptions\ValidationException::forRuleNotFound('')
#1 C:\wamp64\www\ppe-chopesgames4\system\Validation\Validation.php(151): CodeIgniter\Validation\Validation->processRules('vitrine', 'vitrine', NULL, Array, Array)
#2 C:\wamp64\www\ppe-chopesgames4\system\Controller.php(160): CodeIgniter\Validation\Validation->run()
#3 C:\wamp64\www\ppe-chopesgames4\app\Controllers\AdministrateurSuper.php(189): CodeIgniter\Controller->validate(Array)
#4 C:\wamp64\www\ppe-chopesgames4\system\CodeIgniter.php(824): App\Controllers\AdministrateurSuper->modifier_produit('3')
#5 C:\wamp64\www\ppe-chopesgames4\system\CodeIgniter.php(410): CodeIgniter\CodeIgniter->runController(Object(App\Controllers\AdministrateurSuper))
#6 C:\wamp64\www\ppe-chopesgames4\system\CodeIgniter.php(318): CodeIgniter\CodeIgniter->handleRequest(NULL, Object(Config\Cache), false)
#7 C:\wamp64\www\ppe-chopesgames4\public\index.php(37): CodeIgniter\CodeIgniter->run()
#8 {main}
CRITICAL - 2021-12-23 08:26:36 -->  is not a valid rule.
#0 C:\wamp64\www\ppe-chopesgames4\system\Validation\Validation.php(285): CodeIgniter\Validation\Exceptions\ValidationException::forRuleNotFound('')
#1 C:\wamp64\www\ppe-chopesgames4\system\Validation\Validation.php(151): CodeIgniter\Validation\Validation->processRules('vitrine', 'vitrine', NULL, Array, Array)
#2 C:\wamp64\www\ppe-chopesgames4\system\Controller.php(160): CodeIgniter\Validation\Validation->run()
#3 C:\wamp64\www\ppe-chopesgames4\app\Controllers\AdministrateurSuper.php(189): CodeIgniter\Controller->validate(Array)
#4 C:\wamp64\www\ppe-chopesgames4\system\CodeIgniter.php(824): App\Controllers\AdministrateurSuper->modifier_produit('2')
#5 C:\wamp64\www\ppe-chopesgames4\system\CodeIgniter.php(410): CodeIgniter\CodeIgniter->runController(Object(App\Controllers\AdministrateurSuper))
#6 C:\wamp64\www\ppe-chopesgames4\system\CodeIgniter.php(318): CodeIgniter\CodeIgniter->handleRequest(NULL, Object(Config\Cache), false)
#7 C:\wamp64\www\ppe-chopesgames4\public\index.php(37): CodeIgniter\CodeIgniter->run()
#8 {main}
CRITICAL - 2021-12-23 08:28:44 -->  is not a valid rule.
#0 C:\wamp64\www\ppe-chopesgames4\system\Validation\Validation.php(285): CodeIgniter\Validation\Exceptions\ValidationException::forRuleNotFound('')
#1 C:\wamp64\www\ppe-chopesgames4\system\Validation\Validation.php(151): CodeIgniter\Validation\Validation->processRules('vitrine', 'vitrine', NULL, Array, Array)
#2 C:\wamp64\www\ppe-chopesgames4\system\Controller.php(160): CodeIgniter\Validation\Validation->run()
#3 C:\wamp64\www\ppe-chopesgames4\app\Controllers\AdministrateurSuper.php(189): CodeIgniter\Controller->validate(Array)
#4 C:\wamp64\www\ppe-chopesgames4\system\CodeIgniter.php(824): App\Controllers\AdministrateurSuper->modifier_produit('2')
#5 C:\wamp64\www\ppe-chopesgames4\system\CodeIgniter.php(410): CodeIgniter\CodeIgniter->runController(Object(App\Controllers\AdministrateurSuper))
#6 C:\wamp64\www\ppe-chopesgames4\system\CodeIgniter.php(318): CodeIgniter\CodeIgniter->handleRequest(NULL, Object(Config\Cache), false)
#7 C:\wamp64\www\ppe-chopesgames4\public\index.php(37): CodeIgniter\CodeIgniter->run()
#8 {main}
CRITICAL - 2021-12-23 08:32:30 -->  is not a valid rule.
#0 C:\wamp64\www\ppe-chopesgames4\system\Validation\Validation.php(285): CodeIgniter\Validation\Exceptions\ValidationException::forRuleNotFound('')
#1 C:\wamp64\www\ppe-chopesgames4\system\Validation\Validation.php(151): CodeIgniter\Validation\Validation->processRules('vitrine', 'vitrine', NULL, Array, Array)
#2 C:\wamp64\www\ppe-chopesgames4\system\Controller.php(160): CodeIgniter\Validation\Validation->run()
#3 C:\wamp64\www\ppe-chopesgames4\app\Controllers\AdministrateurSuper.php(189): CodeIgniter\Controller->validate(Array)
#4 C:\wamp64\www\ppe-chopesgames4\system\CodeIgniter.php(824): App\Controllers\AdministrateurSuper->modifier_produit('1')
#5 C:\wamp64\www\ppe-chopesgames4\system\CodeIgniter.php(410): CodeIgniter\CodeIgniter->runController(Object(App\Controllers\AdministrateurSuper))
#6 C:\wamp64\www\ppe-chopesgames4\system\CodeIgniter.php(318): CodeIgniter\CodeIgniter->handleRequest(NULL, Object(Config\Cache), false)
#7 C:\wamp64\www\ppe-chopesgames4\public\index.php(37): CodeIgniter\CodeIgniter->run()
#8 {main}
CRITICAL - 2021-12-23 08:39:25 -->  is not a valid rule.
#0 C:\wamp64\www\ppe-chopesgames4\system\Validation\Validation.php(285): CodeIgniter\Validation\Exceptions\ValidationException::forRuleNotFound('')
#1 C:\wamp64\www\ppe-chopesgames4\system\Validation\Validation.php(151): CodeIgniter\Validation\Validation->processRules('vitrine', 'vitrine', NULL, Array, Array)
#2 C:\wamp64\www\ppe-chopesgames4\system\Controller.php(160): CodeIgniter\Validation\Validation->run()
#3 C:\wamp64\www\ppe-chopesgames4\app\Controllers\AdministrateurSuper.php(189): CodeIgniter\Controller->validate(Array)
#4 C:\wamp64\www\ppe-chopesgames4\system\CodeIgniter.php(824): App\Controllers\AdministrateurSuper->modifier_produit('1')
#5 C:\wamp64\www\ppe-chopesgames4\system\CodeIgniter.php(410): CodeIgniter\CodeIgniter->runController(Object(App\Controllers\AdministrateurSuper))
#6 C:\wamp64\www\ppe-chopesgames4\system\CodeIgniter.php(318): CodeIgniter\CodeIgniter->handleRequest(NULL, Object(Config\Cache), false)
#7 C:\wamp64\www\ppe-chopesgames4\public\index.php(37): CodeIgniter\CodeIgniter->run()
#8 {main}
CRITICAL - 2021-12-23 08:40:14 -->  is not a valid rule.
#0 C:\wamp64\www\ppe-chopesgames4\system\Validation\Validation.php(285): CodeIgniter\Validation\Exceptions\ValidationException::forRuleNotFound('')
#1 C:\wamp64\www\ppe-chopesgames4\system\Validation\Validation.php(151): CodeIgniter\Validation\Validation->processRules('vitrine', 'vitrine', NULL, Array, Array)
#2 C:\wamp64\www\ppe-chopesgames4\system\Controller.php(160): CodeIgniter\Validation\Validation->run()
#3 C:\wamp64\www\ppe-chopesgames4\app\Controllers\AdministrateurSuper.php(189): CodeIgniter\Controller->validate(Array)
#4 C:\wamp64\www\ppe-chopesgames4\system\CodeIgniter.php(824): App\Controllers\AdministrateurSuper->modifier_produit('1')
#5 C:\wamp64\www\ppe-chopesgames4\system\CodeIgniter.php(410): CodeIgniter\CodeIgniter->runController(Object(App\Controllers\AdministrateurSuper))
#6 C:\wamp64\www\ppe-chopesgames4\system\CodeIgniter.php(318): CodeIgniter\CodeIgniter->handleRequest(NULL, Object(Config\Cache), false)
#7 C:\wamp64\www\ppe-chopesgames4\public\index.php(37): CodeIgniter\CodeIgniter->run()
#8 {main}
CRITICAL - 2021-12-23 08:41:21 -->  is not a valid rule.
#0 C:\wamp64\www\ppe-chopesgames4\system\Validation\Validation.php(285): CodeIgniter\Validation\Exceptions\ValidationException::forRuleNotFound('')
#1 C:\wamp64\www\ppe-chopesgames4\system\Validation\Validation.php(151): CodeIgniter\Validation\Validation->processRules('vitrine', 'vitrine', NULL, Array, Array)
#2 C:\wamp64\www\ppe-chopesgames4\system\Controller.php(160): CodeIgniter\Validation\Validation->run()
#3 C:\wamp64\www\ppe-chopesgames4\app\Controllers\AdministrateurSuper.php(189): CodeIgniter\Controller->validate(Array)
#4 C:\wamp64\www\ppe-chopesgames4\system\CodeIgniter.php(824): App\Controllers\AdministrateurSuper->modifier_produit('11')
#5 C:\wamp64\www\ppe-chopesgames4\system\CodeIgniter.php(410): CodeIgniter\CodeIgniter->runController(Object(App\Controllers\AdministrateurSuper))
#6 C:\wamp64\www\ppe-chopesgames4\system\CodeIgniter.php(318): CodeIgniter\CodeIgniter->handleRequest(NULL, Object(Config\Cache), false)
#7 C:\wamp64\www\ppe-chopesgames4\public\index.php(37): CodeIgniter\CodeIgniter->run()
#8 {main}
CRITICAL - 2021-12-23 08:47:03 -->  is not a valid rule.
#0 C:\wamp64\www\ppe-chopesgames4\system\Validation\Validation.php(285): CodeIgniter\Validation\Exceptions\ValidationException::forRuleNotFound('')
#1 C:\wamp64\www\ppe-chopesgames4\system\Validation\Validation.php(151): CodeIgniter\Validation\Validation->processRules('vitrine', 'vitrine', NULL, Array, Array)
#2 C:\wamp64\www\ppe-chopesgames4\system\Controller.php(160): CodeIgniter\Validation\Validation->run()
#3 C:\wamp64\www\ppe-chopesgames4\app\Controllers\AdministrateurSuper.php(189): CodeIgniter\Controller->validate(Array)
#4 C:\wamp64\www\ppe-chopesgames4\system\CodeIgniter.php(824): App\Controllers\AdministrateurSuper->modifier_produit('11')
#5 C:\wamp64\www\ppe-chopesgames4\system\CodeIgniter.php(410): CodeIgniter\CodeIgniter->runController(Object(App\Controllers\AdministrateurSuper))
#6 C:\wamp64\www\ppe-chopesgames4\system\CodeIgniter.php(318): CodeIgniter\CodeIgniter->handleRequest(NULL, Object(Config\Cache), false)
#7 C:\wamp64\www\ppe-chopesgames4\public\index.php(37): CodeIgniter\CodeIgniter->run()
#8 {main}
CRITICAL - 2021-12-23 08:47:10 -->  is not a valid rule.
#0 C:\wamp64\www\ppe-chopesgames4\system\Validation\Validation.php(285): CodeIgniter\Validation\Exceptions\ValidationException::forRuleNotFound('')
#1 C:\wamp64\www\ppe-chopesgames4\system\Validation\Validation.php(151): CodeIgniter\Validation\Validation->processRules('vitrine', 'vitrine', NULL, Array, Array)
#2 C:\wamp64\www\ppe-chopesgames4\system\Controller.php(160): CodeIgniter\Validation\Validation->run()
#3 C:\wamp64\www\ppe-chopesgames4\app\Controllers\AdministrateurSuper.php(189): CodeIgniter\Controller->validate(Array)
#4 C:\wamp64\www\ppe-chopesgames4\system\CodeIgniter.php(824): App\Controllers\AdministrateurSuper->modifier_produit('11')
#5 C:\wamp64\www\ppe-chopesgames4\system\CodeIgniter.php(410): CodeIgniter\CodeIgniter->runController(Object(App\Controllers\AdministrateurSuper))
#6 C:\wamp64\www\ppe-chopesgames4\system\CodeIgniter.php(318): CodeIgniter\CodeIgniter->handleRequest(NULL, Object(Config\Cache), false)
#7 C:\wamp64\www\ppe-chopesgames4\public\index.php(37): CodeIgniter\CodeIgniter->run()
#8 {main}
CRITICAL - 2021-12-23 08:47:54 -->  is not a valid rule.
#0 C:\wamp64\www\ppe-chopesgames4\system\Validation\Validation.php(285): CodeIgniter\Validation\Exceptions\ValidationException::forRuleNotFound('')
#1 C:\wamp64\www\ppe-chopesgames4\system\Validation\Validation.php(151): CodeIgniter\Validation\Validation->processRules('vitrine', 'vitrine', NULL, Array, Array)
#2 C:\wamp64\www\ppe-chopesgames4\system\Controller.php(160): CodeIgniter\Validation\Validation->run()
#3 C:\wamp64\www\ppe-chopesgames4\app\Controllers\AdministrateurSuper.php(189): CodeIgniter\Controller->validate(Array)
#4 C:\wamp64\www\ppe-chopesgames4\system\CodeIgniter.php(824): App\Controllers\AdministrateurSuper->modifier_produit('11')
#5 C:\wamp64\www\ppe-chopesgames4\system\CodeIgniter.php(410): CodeIgniter\CodeIgniter->runController(Object(App\Controllers\AdministrateurSuper))
#6 C:\wamp64\www\ppe-chopesgames4\system\CodeIgniter.php(318): CodeIgniter\CodeIgniter->handleRequest(NULL, Object(Config\Cache), false)
#7 C:\wamp64\www\ppe-chopesgames4\public\index.php(37): CodeIgniter\CodeIgniter->run()
#8 {main}
CRITICAL - 2021-12-23 08:48:04 -->  is not a valid rule.
#0 C:\wamp64\www\ppe-chopesgames4\system\Validation\Validation.php(285): CodeIgniter\Validation\Exceptions\ValidationException::forRuleNotFound('')
#1 C:\wamp64\www\ppe-chopesgames4\system\Validation\Validation.php(151): CodeIgniter\Validation\Validation->processRules('vitrine', 'vitrine', NULL, Array, Array)
#2 C:\wamp64\www\ppe-chopesgames4\system\Controller.php(160): CodeIgniter\Validation\Validation->run()
#3 C:\wamp64\www\ppe-chopesgames4\app\Controllers\AdministrateurSuper.php(189): CodeIgniter\Controller->validate(Array)
#4 C:\wamp64\www\ppe-chopesgames4\system\CodeIgniter.php(824): App\Controllers\AdministrateurSuper->modifier_produit('11')
#5 C:\wamp64\www\ppe-chopesgames4\system\CodeIgniter.php(410): CodeIgniter\CodeIgniter->runController(Object(App\Controllers\AdministrateurSuper))
#6 C:\wamp64\www\ppe-chopesgames4\system\CodeIgniter.php(318): CodeIgniter\CodeIgniter->handleRequest(NULL, Object(Config\Cache), false)
#7 C:\wamp64\www\ppe-chopesgames4\public\index.php(37): CodeIgniter\CodeIgniter->run()
#8 {main}
CRITICAL - 2021-12-23 08:48:58 -->  is not a valid rule.
#0 C:\wamp64\www\ppe-chopesgames4\system\Validation\Validation.php(285): CodeIgniter\Validation\Exceptions\ValidationException::forRuleNotFound('')
#1 C:\wamp64\www\ppe-chopesgames4\system\Validation\Validation.php(151): CodeIgniter\Validation\Validation->processRules('vitrine', 'vitrine', NULL, Array, Array)
#2 C:\wamp64\www\ppe-chopesgames4\system\Controller.php(160): CodeIgniter\Validation\Validation->run()
#3 C:\wamp64\www\ppe-chopesgames4\app\Controllers\AdministrateurSuper.php(189): CodeIgniter\Controller->validate(Array)
#4 C:\wamp64\www\ppe-chopesgames4\system\CodeIgniter.php(824): App\Controllers\AdministrateurSuper->modifier_produit('11')
#5 C:\wamp64\www\ppe-chopesgames4\system\CodeIgniter.php(410): CodeIgniter\CodeIgniter->runController(Object(App\Controllers\AdministrateurSuper))
#6 C:\wamp64\www\ppe-chopesgames4\system\CodeIgniter.php(318): CodeIgniter\CodeIgniter->handleRequest(NULL, Object(Config\Cache), false)
#7 C:\wamp64\www\ppe-chopesgames4\public\index.php(37): CodeIgniter\CodeIgniter->run()
#8 {main}
CRITICAL - 2021-12-23 08:56:06 -->  is not a valid rule.
#0 C:\wamp64\www\ppe-chopesgames4\system\Validation\Validation.php(285): CodeIgniter\Validation\Exceptions\ValidationException::forRuleNotFound('')
#1 C:\wamp64\www\ppe-chopesgames4\system\Validation\Validation.php(151): CodeIgniter\Validation\Validation->processRules('vitrine', 'vitrine', NULL, Array, Array)
#2 C:\wamp64\www\ppe-chopesgames4\system\Controller.php(160): CodeIgniter\Validation\Validation->run()
#3 C:\wamp64\www\ppe-chopesgames4\app\Controllers\AdministrateurSuper.php(192): CodeIgniter\Controller->validate(Array)
#4 C:\wamp64\www\ppe-chopesgames4\system\CodeIgniter.php(824): App\Controllers\AdministrateurSuper->modifier_produit('11')
#5 C:\wamp64\www\ppe-chopesgames4\system\CodeIgniter.php(410): CodeIgniter\CodeIgniter->runController(Object(App\Controllers\AdministrateurSuper))
#6 C:\wamp64\www\ppe-chopesgames4\system\CodeIgniter.php(318): CodeIgniter\CodeIgniter->handleRequest(NULL, Object(Config\Cache), false)
#7 C:\wamp64\www\ppe-chopesgames4\public\index.php(37): CodeIgniter\CodeIgniter->run()
#8 {main}
CRITICAL - 2021-12-23 08:56:09 -->  is not a valid rule.
#0 C:\wamp64\www\ppe-chopesgames4\system\Validation\Validation.php(285): CodeIgniter\Validation\Exceptions\ValidationException::forRuleNotFound('')
#1 C:\wamp64\www\ppe-chopesgames4\system\Validation\Validation.php(151): CodeIgniter\Validation\Validation->processRules('vitrine', 'vitrine', NULL, Array, Array)
#2 C:\wamp64\www\ppe-chopesgames4\system\Controller.php(160): CodeIgniter\Validation\Validation->run()
#3 C:\wamp64\www\ppe-chopesgames4\app\Controllers\AdministrateurSuper.php(192): CodeIgniter\Controller->validate(Array)
#4 C:\wamp64\www\ppe-chopesgames4\system\CodeIgniter.php(824): App\Controllers\AdministrateurSuper->modifier_produit('11')
#5 C:\wamp64\www\ppe-chopesgames4\system\CodeIgniter.php(410): CodeIgniter\CodeIgniter->runController(Object(App\Controllers\AdministrateurSuper))
#6 C:\wamp64\www\ppe-chopesgames4\system\CodeIgniter.php(318): CodeIgniter\CodeIgniter->handleRequest(NULL, Object(Config\Cache), false)
#7 C:\wamp64\www\ppe-chopesgames4\public\index.php(37): CodeIgniter\CodeIgniter->run()
#8 {main}
CRITICAL - 2021-12-23 08:59:51 -->  is not a valid rule.
#0 C:\wamp64\www\ppe-chopesgames4\system\Validation\Validation.php(285): CodeIgniter\Validation\Exceptions\ValidationException::forRuleNotFound('')
#1 C:\wamp64\www\ppe-chopesgames4\system\Validation\Validation.php(151): CodeIgniter\Validation\Validation->processRules('vitrine', 'vitrine', NULL, Array, Array)
#2 C:\wamp64\www\ppe-chopesgames4\system\Controller.php(160): CodeIgniter\Validation\Validation->run()
#3 C:\wamp64\www\ppe-chopesgames4\app\Controllers\AdministrateurSuper.php(189): CodeIgniter\Controller->validate(Array)
#4 C:\wamp64\www\ppe-chopesgames4\system\CodeIgniter.php(824): App\Controllers\AdministrateurSuper->modifier_produit('11')
#5 C:\wamp64\www\ppe-chopesgames4\system\CodeIgniter.php(410): CodeIgniter\CodeIgniter->runController(Object(App\Controllers\AdministrateurSuper))
#6 C:\wamp64\www\ppe-chopesgames4\system\CodeIgniter.php(318): CodeIgniter\CodeIgniter->handleRequest(NULL, Object(Config\Cache), false)
#7 C:\wamp64\www\ppe-chopesgames4\public\index.php(37): CodeIgniter\CodeIgniter->run()
#8 {main}
CRITICAL - 2021-12-23 09:02:08 -->  is not a valid rule.
#0 C:\wamp64\www\ppe-chopesgames4\system\Validation\Validation.php(285): CodeIgniter\Validation\Exceptions\ValidationException::forRuleNotFound('')
#1 C:\wamp64\www\ppe-chopesgames4\system\Validation\Validation.php(151): CodeIgniter\Validation\Validation->processRules('vitrine', 'vitrine', NULL, Array, Array)
#2 C:\wamp64\www\ppe-chopesgames4\system\Controller.php(160): CodeIgniter\Validation\Validation->run()
#3 C:\wamp64\www\ppe-chopesgames4\app\Controllers\AdministrateurSuper.php(192): CodeIgniter\Controller->validate(Array)
#4 C:\wamp64\www\ppe-chopesgames4\system\CodeIgniter.php(824): App\Controllers\AdministrateurSuper->modifier_produit('11')
#5 C:\wamp64\www\ppe-chopesgames4\system\CodeIgniter.php(410): CodeIgniter\CodeIgniter->runController(Object(App\Controllers\AdministrateurSuper))
#6 C:\wamp64\www\ppe-chopesgames4\system\CodeIgniter.php(318): CodeIgniter\CodeIgniter->handleRequest(NULL, Object(Config\Cache), false)
#7 C:\wamp64\www\ppe-chopesgames4\public\index.php(37): CodeIgniter\CodeIgniter->run()
#8 {main}
CRITICAL - 2021-12-23 09:02:10 -->  is not a valid rule.
#0 C:\wamp64\www\ppe-chopesgames4\system\Validation\Validation.php(285): CodeIgniter\Validation\Exceptions\ValidationException::forRuleNotFound('')
#1 C:\wamp64\www\ppe-chopesgames4\system\Validation\Validation.php(151): CodeIgniter\Validation\Validation->processRules('vitrine', 'vitrine', NULL, Array, Array)
#2 C:\wamp64\www\ppe-chopesgames4\system\Controller.php(160): CodeIgniter\Validation\Validation->run()
#3 C:\wamp64\www\ppe-chopesgames4\app\Controllers\AdministrateurSuper.php(192): CodeIgniter\Controller->validate(Array)
#4 C:\wamp64\www\ppe-chopesgames4\system\CodeIgniter.php(824): App\Controllers\AdministrateurSuper->modifier_produit('11')
#5 C:\wamp64\www\ppe-chopesgames4\system\CodeIgniter.php(410): CodeIgniter\CodeIgniter->runController(Object(App\Controllers\AdministrateurSuper))
#6 C:\wamp64\www\ppe-chopesgames4\system\CodeIgniter.php(318): CodeIgniter\CodeIgniter->handleRequest(NULL, Object(Config\Cache), false)
#7 C:\wamp64\www\ppe-chopesgames4\public\index.php(37): CodeIgniter\CodeIgniter->run()
#8 {main}
CRITICAL - 2021-12-23 09:02:38 -->  is not a valid rule.
#0 C:\wamp64\www\ppe-chopesgames4\system\Validation\Validation.php(285): CodeIgniter\Validation\Exceptions\ValidationException::forRuleNotFound('')
#1 C:\wamp64\www\ppe-chopesgames4\system\Validation\Validation.php(151): CodeIgniter\Validation\Validation->processRules('vitrine', 'vitrine', NULL, Array, Array)
#2 C:\wamp64\www\ppe-chopesgames4\system\Controller.php(160): CodeIgniter\Validation\Validation->run()
#3 C:\wamp64\www\ppe-chopesgames4\app\Controllers\AdministrateurSuper.php(192): CodeIgniter\Controller->validate(Array)
#4 C:\wamp64\www\ppe-chopesgames4\system\CodeIgniter.php(824): App\Controllers\AdministrateurSuper->modifier_produit('11')
#5 C:\wamp64\www\ppe-chopesgames4\system\CodeIgniter.php(410): CodeIgniter\CodeIgniter->runController(Object(App\Controllers\AdministrateurSuper))
#6 C:\wamp64\www\ppe-chopesgames4\system\CodeIgniter.php(318): CodeIgniter\CodeIgniter->handleRequest(NULL, Object(Config\Cache), false)
#7 C:\wamp64\www\ppe-chopesgames4\public\index.php(37): CodeIgniter\CodeIgniter->run()
#8 {main}
CRITICAL - 2021-12-23 09:03:48 -->  is not a valid rule.
#0 C:\wamp64\www\ppe-chopesgames4\system\Validation\Validation.php(285): CodeIgniter\Validation\Exceptions\ValidationException::forRuleNotFound('')
#1 C:\wamp64\www\ppe-chopesgames4\system\Validation\Validation.php(151): CodeIgniter\Validation\Validation->processRules('vitrine', 'vitrine', NULL, Array, Array)
#2 C:\wamp64\www\ppe-chopesgames4\system\Controller.php(160): CodeIgniter\Validation\Validation->run()
#3 C:\wamp64\www\ppe-chopesgames4\app\Controllers\AdministrateurSuper.php(191): CodeIgniter\Controller->validate(Array)
#4 C:\wamp64\www\ppe-chopesgames4\system\CodeIgniter.php(824): App\Controllers\AdministrateurSuper->modifier_produit('11')
#5 C:\wamp64\www\ppe-chopesgames4\system\CodeIgniter.php(410): CodeIgniter\CodeIgniter->runController(Object(App\Controllers\AdministrateurSuper))
#6 C:\wamp64\www\ppe-chopesgames4\system\CodeIgniter.php(318): CodeIgniter\CodeIgniter->handleRequest(NULL, Object(Config\Cache), false)
#7 C:\wamp64\www\ppe-chopesgames4\public\index.php(37): CodeIgniter\CodeIgniter->run()
#8 {main}
CRITICAL - 2021-12-23 09:04:02 -->  is not a valid rule.
#0 C:\wamp64\www\ppe-chopesgames4\system\Validation\Validation.php(285): CodeIgniter\Validation\Exceptions\ValidationException::forRuleNotFound('')
#1 C:\wamp64\www\ppe-chopesgames4\system\Validation\Validation.php(151): CodeIgniter\Validation\Validation->processRules('vitrine', 'vitrine', NULL, Array, Array)
#2 C:\wamp64\www\ppe-chopesgames4\system\Controller.php(160): CodeIgniter\Validation\Validation->run()
#3 C:\wamp64\www\ppe-chopesgames4\app\Controllers\AdministrateurSuper.php(191): CodeIgniter\Controller->validate(Array)
#4 C:\wamp64\www\ppe-chopesgames4\system\CodeIgniter.php(824): App\Controllers\AdministrateurSuper->modifier_produit('1')
#5 C:\wamp64\www\ppe-chopesgames4\system\CodeIgniter.php(410): CodeIgniter\CodeIgniter->runController(Object(App\Controllers\AdministrateurSuper))
#6 C:\wamp64\www\ppe-chopesgames4\system\CodeIgniter.php(318): CodeIgniter\CodeIgniter->handleRequest(NULL, Object(Config\Cache), false)
#7 C:\wamp64\www\ppe-chopesgames4\public\index.php(37): CodeIgniter\CodeIgniter->run()
#8 {main}
CRITICAL - 2021-12-23 09:05:53 -->  is not a valid rule.
#0 C:\wamp64\www\ppe-chopesgames4\system\Validation\Validation.php(285): CodeIgniter\Validation\Exceptions\ValidationException::forRuleNotFound('')
#1 C:\wamp64\www\ppe-chopesgames4\system\Validation\Validation.php(151): CodeIgniter\Validation\Validation->processRules('vitrine', 'vitrine', NULL, Array, Array)
#2 C:\wamp64\www\ppe-chopesgames4\system\Controller.php(160): CodeIgniter\Validation\Validation->run()
#3 C:\wamp64\www\ppe-chopesgames4\app\Controllers\AdministrateurSuper.php(195): CodeIgniter\Controller->validate(Array)
#4 C:\wamp64\www\ppe-chopesgames4\system\CodeIgniter.php(824): App\Controllers\AdministrateurSuper->modifier_produit('1')
#5 C:\wamp64\www\ppe-chopesgames4\system\CodeIgniter.php(410): CodeIgniter\CodeIgniter->runController(Object(App\Controllers\AdministrateurSuper))
#6 C:\wamp64\www\ppe-chopesgames4\system\CodeIgniter.php(318): CodeIgniter\CodeIgniter->handleRequest(NULL, Object(Config\Cache), false)
#7 C:\wamp64\www\ppe-chopesgames4\public\index.php(37): CodeIgniter\CodeIgniter->run()
#8 {main}
CRITICAL - 2021-12-23 09:08:19 -->  is not a valid rule.
#0 C:\wamp64\www\ppe-chopesgames4\system\Validation\Validation.php(285): CodeIgniter\Validation\Exceptions\ValidationException::forRuleNotFound('')
#1 C:\wamp64\www\ppe-chopesgames4\system\Validation\Validation.php(151): CodeIgniter\Validation\Validation->processRules('vitrine', 'vitrine', NULL, Array, Array)
#2 C:\wamp64\www\ppe-chopesgames4\system\Controller.php(160): CodeIgniter\Validation\Validation->run()
#3 C:\wamp64\www\ppe-chopesgames4\app\Controllers\AdministrateurSuper.php(206): CodeIgniter\Controller->validate(Array)
#4 C:\wamp64\www\ppe-chopesgames4\system\CodeIgniter.php(824): App\Controllers\AdministrateurSuper->modifier_produit('1')
#5 C:\wamp64\www\ppe-chopesgames4\system\CodeIgniter.php(410): CodeIgniter\CodeIgniter->runController(Object(App\Controllers\AdministrateurSuper))
#6 C:\wamp64\www\ppe-chopesgames4\system\CodeIgniter.php(318): CodeIgniter\CodeIgniter->handleRequest(NULL, Object(Config\Cache), false)
#7 C:\wamp64\www\ppe-chopesgames4\public\index.php(37): CodeIgniter\CodeIgniter->run()
#8 {main}
CRITICAL - 2021-12-23 09:08:49 -->  is not a valid rule.
#0 C:\wamp64\www\ppe-chopesgames4\system\Validation\Validation.php(285): CodeIgniter\Validation\Exceptions\ValidationException::forRuleNotFound('')
#1 C:\wamp64\www\ppe-chopesgames4\system\Validation\Validation.php(151): CodeIgniter\Validation\Validation->processRules('vitrine', 'vitrine', NULL, Array, Array)
#2 C:\wamp64\www\ppe-chopesgames4\system\Controller.php(160): CodeIgniter\Validation\Validation->run()
#3 C:\wamp64\www\ppe-chopesgames4\app\Controllers\AdministrateurSuper.php(206): CodeIgniter\Controller->validate(Array)
#4 C:\wamp64\www\ppe-chopesgames4\system\CodeIgniter.php(824): App\Controllers\AdministrateurSuper->modifier_produit('1')
#5 C:\wamp64\www\ppe-chopesgames4\system\CodeIgniter.php(410): CodeIgniter\CodeIgniter->runController(Object(App\Controllers\AdministrateurSuper))
#6 C:\wamp64\www\ppe-chopesgames4\system\CodeIgniter.php(318): CodeIgniter\CodeIgniter->handleRequest(NULL, Object(Config\Cache), false)
#7 C:\wamp64\www\ppe-chopesgames4\public\index.php(37): CodeIgniter\CodeIgniter->run()
#8 {main}
CRITICAL - 2021-12-23 09:12:51 -->  is not a valid rule.
#0 C:\wamp64\www\ppe-chopesgames4\system\Validation\Validation.php(285): CodeIgniter\Validation\Exceptions\ValidationException::forRuleNotFound('')
#1 C:\wamp64\www\ppe-chopesgames4\system\Validation\Validation.php(151): CodeIgniter\Validation\Validation->processRules('vitrine', 'vitrine', NULL, Array, Array)
#2 C:\wamp64\www\ppe-chopesgames4\system\Controller.php(160): CodeIgniter\Validation\Validation->run()
#3 C:\wamp64\www\ppe-chopesgames4\app\Controllers\AdministrateurSuper.php(206): CodeIgniter\Controller->validate(Array)
#4 C:\wamp64\www\ppe-chopesgames4\system\CodeIgniter.php(824): App\Controllers\AdministrateurSuper->modifier_produit('1')
#5 C:\wamp64\www\ppe-chopesgames4\system\CodeIgniter.php(410): CodeIgniter\CodeIgniter->runController(Object(App\Controllers\AdministrateurSuper))
#6 C:\wamp64\www\ppe-chopesgames4\system\CodeIgniter.php(318): CodeIgniter\CodeIgniter->handleRequest(NULL, Object(Config\Cache), false)
#7 C:\wamp64\www\ppe-chopesgames4\public\index.php(37): CodeIgniter\CodeIgniter->run()
#8 {main}
CRITICAL - 2021-12-23 09:14:32 -->  is not a valid rule.
#0 C:\wamp64\www\ppe-chopesgames4\system\Validation\Validation.php(285): CodeIgniter\Validation\Exceptions\ValidationException::forRuleNotFound('')
#1 C:\wamp64\www\ppe-chopesgames4\system\Validation\Validation.php(151): CodeIgniter\Validation\Validation->processRules('vitrine', 'vitrine', NULL, Array, Array)
#2 C:\wamp64\www\ppe-chopesgames4\system\Controller.php(160): CodeIgniter\Validation\Validation->run()
#3 C:\wamp64\www\ppe-chopesgames4\app\Controllers\AdministrateurSuper.php(206): CodeIgniter\Controller->validate(Array)
#4 C:\wamp64\www\ppe-chopesgames4\system\CodeIgniter.php(824): App\Controllers\AdministrateurSuper->modifier_produit('1')
#5 C:\wamp64\www\ppe-chopesgames4\system\CodeIgniter.php(410): CodeIgniter\CodeIgniter->runController(Object(App\Controllers\AdministrateurSuper))
#6 C:\wamp64\www\ppe-chopesgames4\system\CodeIgniter.php(318): CodeIgniter\CodeIgniter->handleRequest(NULL, Object(Config\Cache), false)
#7 C:\wamp64\www\ppe-chopesgames4\public\index.php(37): CodeIgniter\CodeIgniter->run()
#8 {main}
CRITICAL - 2021-12-23 09:14:54 -->  is not a valid rule.
#0 C:\wamp64\www\ppe-chopesgames4\system\Validation\Validation.php(285): CodeIgniter\Validation\Exceptions\ValidationException::forRuleNotFound('')
#1 C:\wamp64\www\ppe-chopesgames4\system\Validation\Validation.php(151): CodeIgniter\Validation\Validation->processRules('vitrine', 'vitrine', NULL, Array, Array)
#2 C:\wamp64\www\ppe-chopesgames4\system\Controller.php(160): CodeIgniter\Validation\Validation->run()
#3 C:\wamp64\www\ppe-chopesgames4\app\Controllers\AdministrateurSuper.php(206): CodeIgniter\Controller->validate(Array)
#4 C:\wamp64\www\ppe-chopesgames4\system\CodeIgniter.php(824): App\Controllers\AdministrateurSuper->modifier_produit('1')
#5 C:\wamp64\www\ppe-chopesgames4\system\CodeIgniter.php(410): CodeIgniter\CodeIgniter->runController(Object(App\Controllers\AdministrateurSuper))
#6 C:\wamp64\www\ppe-chopesgames4\system\CodeIgniter.php(318): CodeIgniter\CodeIgniter->handleRequest(NULL, Object(Config\Cache), false)
#7 C:\wamp64\www\ppe-chopesgames4\public\index.php(37): CodeIgniter\CodeIgniter->run()
#8 {main}
CRITICAL - 2021-12-23 09:18:45 -->  is not a valid rule.
#0 C:\wamp64\www\ppe-chopesgames4\system\Validation\Validation.php(285): CodeIgniter\Validation\Exceptions\ValidationException::forRuleNotFound('')
#1 C:\wamp64\www\ppe-chopesgames4\system\Validation\Validation.php(151): CodeIgniter\Validation\Validation->processRules('vitrine', 'vitrine', NULL, Array, Array)
#2 C:\wamp64\www\ppe-chopesgames4\system\Controller.php(160): CodeIgniter\Validation\Validation->run()
#3 C:\wamp64\www\ppe-chopesgames4\app\Controllers\AdministrateurSuper.php(204): CodeIgniter\Controller->validate(Array)
#4 C:\wamp64\www\ppe-chopesgames4\system\CodeIgniter.php(824): App\Controllers\AdministrateurSuper->modifier_produit('1')
#5 C:\wamp64\www\ppe-chopesgames4\system\CodeIgniter.php(410): CodeIgniter\CodeIgniter->runController(Object(App\Controllers\AdministrateurSuper))
#6 C:\wamp64\www\ppe-chopesgames4\system\CodeIgniter.php(318): CodeIgniter\CodeIgniter->handleRequest(NULL, Object(Config\Cache), false)
#7 C:\wamp64\www\ppe-chopesgames4\public\index.php(37): CodeIgniter\CodeIgniter->run()
#8 {main}
CRITICAL - 2021-12-23 09:18:55 -->  is not a valid rule.
#0 C:\wamp64\www\ppe-chopesgames4\system\Validation\Validation.php(285): CodeIgniter\Validation\Exceptions\ValidationException::forRuleNotFound('')
#1 C:\wamp64\www\ppe-chopesgames4\system\Validation\Validation.php(151): CodeIgniter\Validation\Validation->processRules('vitrine', 'vitrine', NULL, Array, Array)
#2 C:\wamp64\www\ppe-chopesgames4\system\Controller.php(160): CodeIgniter\Validation\Validation->run()
#3 C:\wamp64\www\ppe-chopesgames4\app\Controllers\AdministrateurSuper.php(204): CodeIgniter\Controller->validate(Array)
#4 C:\wamp64\www\ppe-chopesgames4\system\CodeIgniter.php(824): App\Controllers\AdministrateurSuper->modifier_produit('1')
#5 C:\wamp64\www\ppe-chopesgames4\system\CodeIgniter.php(410): CodeIgniter\CodeIgniter->runController(Object(App\Controllers\AdministrateurSuper))
#6 C:\wamp64\www\ppe-chopesgames4\system\CodeIgniter.php(318): CodeIgniter\CodeIgniter->handleRequest(NULL, Object(Config\Cache), false)
#7 C:\wamp64\www\ppe-chopesgames4\public\index.php(37): CodeIgniter\CodeIgniter->run()
#8 {main}
CRITICAL - 2021-12-23 09:18:59 -->  is not a valid rule.
#0 C:\wamp64\www\ppe-chopesgames4\system\Validation\Validation.php(285): CodeIgniter\Validation\Exceptions\ValidationException::forRuleNotFound('')
#1 C:\wamp64\www\ppe-chopesgames4\system\Validation\Validation.php(151): CodeIgniter\Validation\Validation->processRules('vitrine', 'vitrine', NULL, Array, Array)
#2 C:\wamp64\www\ppe-chopesgames4\system\Controller.php(160): CodeIgniter\Validation\Validation->run()
#3 C:\wamp64\www\ppe-chopesgames4\app\Controllers\AdministrateurSuper.php(204): CodeIgniter\Controller->validate(Array)
#4 C:\wamp64\www\ppe-chopesgames4\system\CodeIgniter.php(824): App\Controllers\AdministrateurSuper->modifier_produit('1')
#5 C:\wamp64\www\ppe-chopesgames4\system\CodeIgniter.php(410): CodeIgniter\CodeIgniter->runController(Object(App\Controllers\AdministrateurSuper))
#6 C:\wamp64\www\ppe-chopesgames4\system\CodeIgniter.php(318): CodeIgniter\CodeIgniter->handleRequest(NULL, Object(Config\Cache), false)
#7 C:\wamp64\www\ppe-chopesgames4\public\index.php(37): CodeIgniter\CodeIgniter->run()
#8 {main}
CRITICAL - 2021-12-23 09:19:10 -->  is not a valid rule.
#0 C:\wamp64\www\ppe-chopesgames4\system\Validation\Validation.php(285): CodeIgniter\Validation\Exceptions\ValidationException::forRuleNotFound('')
#1 C:\wamp64\www\ppe-chopesgames4\system\Validation\Validation.php(151): CodeIgniter\Validation\Validation->processRules('vitrine', 'vitrine', NULL, Array, Array)
#2 C:\wamp64\www\ppe-chopesgames4\system\Controller.php(160): CodeIgniter\Validation\Validation->run()
#3 C:\wamp64\www\ppe-chopesgames4\app\Controllers\AdministrateurSuper.php(204): CodeIgniter\Controller->validate(Array)
#4 C:\wamp64\www\ppe-chopesgames4\system\CodeIgniter.php(824): App\Controllers\AdministrateurSuper->modifier_produit('1')
#5 C:\wamp64\www\ppe-chopesgames4\system\CodeIgniter.php(410): CodeIgniter\CodeIgniter->runController(Object(App\Controllers\AdministrateurSuper))
#6 C:\wamp64\www\ppe-chopesgames4\system\CodeIgniter.php(318): CodeIgniter\CodeIgniter->handleRequest(NULL, Object(Config\Cache), false)
#7 C:\wamp64\www\ppe-chopesgames4\public\index.php(37): CodeIgniter\CodeIgniter->run()
#8 {main}
CRITICAL - 2021-12-23 09:25:58 -->  is not a valid rule.
#0 C:\wamp64\www\ppe-chopesgames4\system\Validation\Validation.php(285): CodeIgniter\Validation\Exceptions\ValidationException::forRuleNotFound('')
#1 C:\wamp64\www\ppe-chopesgames4\system\Validation\Validation.php(151): CodeIgniter\Validation\Validation->processRules('vitrine', 'vitrine', NULL, Array, Array)
#2 C:\wamp64\www\ppe-chopesgames4\system\Controller.php(160): CodeIgniter\Validation\Validation->run()
#3 C:\wamp64\www\ppe-chopesgames4\app\Controllers\AdministrateurSuper.php(194): CodeIgniter\Controller->validate(Array)
#4 C:\wamp64\www\ppe-chopesgames4\system\CodeIgniter.php(824): App\Controllers\AdministrateurSuper->modifier_produit('1')
#5 C:\wamp64\www\ppe-chopesgames4\system\CodeIgniter.php(410): CodeIgniter\CodeIgniter->runController(Object(App\Controllers\AdministrateurSuper))
#6 C:\wamp64\www\ppe-chopesgames4\system\CodeIgniter.php(318): CodeIgniter\CodeIgniter->handleRequest(NULL, Object(Config\Cache), false)
#7 C:\wamp64\www\ppe-chopesgames4\public\index.php(37): CodeIgniter\CodeIgniter->run()
#8 {main}
CRITICAL - 2021-12-23 09:26:22 -->  is not a valid rule.
#0 C:\wamp64\www\ppe-chopesgames4\system\Validation\Validation.php(285): CodeIgniter\Validation\Exceptions\ValidationException::forRuleNotFound('')
#1 C:\wamp64\www\ppe-chopesgames4\system\Validation\Validation.php(151): CodeIgniter\Validation\Validation->processRules('vitrine', 'vitrine', NULL, Array, Array)
#2 C:\wamp64\www\ppe-chopesgames4\system\Controller.php(160): CodeIgniter\Validation\Validation->run()
#3 C:\wamp64\www\ppe-chopesgames4\app\Controllers\AdministrateurSuper.php(194): CodeIgniter\Controller->validate(Array)
#4 C:\wamp64\www\ppe-chopesgames4\system\CodeIgniter.php(824): App\Controllers\AdministrateurSuper->modifier_produit('1')
#5 C:\wamp64\www\ppe-chopesgames4\system\CodeIgniter.php(410): CodeIgniter\CodeIgniter->runController(Object(App\Controllers\AdministrateurSuper))
#6 C:\wamp64\www\ppe-chopesgames4\system\CodeIgniter.php(318): CodeIgniter\CodeIgniter->handleRequest(NULL, Object(Config\Cache), false)
#7 C:\wamp64\www\ppe-chopesgames4\public\index.php(37): CodeIgniter\CodeIgniter->run()
#8 {main}
CRITICAL - 2021-12-23 09:29:37 -->  is not a valid rule.
#0 C:\wamp64\www\ppe-chopesgames4\system\Validation\Validation.php(285): CodeIgniter\Validation\Exceptions\ValidationException::forRuleNotFound('')
#1 C:\wamp64\www\ppe-chopesgames4\system\Validation\Validation.php(151): CodeIgniter\Validation\Validation->processRules('vitrine', 'vitrine', NULL, Array, Array)
#2 C:\wamp64\www\ppe-chopesgames4\system\Controller.php(160): CodeIgniter\Validation\Validation->run()
#3 C:\wamp64\www\ppe-chopesgames4\app\Controllers\AdministrateurSuper.php(206): CodeIgniter\Controller->validate(Array)
#4 C:\wamp64\www\ppe-chopesgames4\system\CodeIgniter.php(824): App\Controllers\AdministrateurSuper->modifier_produit('1')
#5 C:\wamp64\www\ppe-chopesgames4\system\CodeIgniter.php(410): CodeIgniter\CodeIgniter->runController(Object(App\Controllers\AdministrateurSuper))
#6 C:\wamp64\www\ppe-chopesgames4\system\CodeIgniter.php(318): CodeIgniter\CodeIgniter->handleRequest(NULL, Object(Config\Cache), false)
#7 C:\wamp64\www\ppe-chopesgames4\public\index.php(37): CodeIgniter\CodeIgniter->run()
#8 {main}
CRITICAL - 2021-12-23 09:30:19 -->  is not a valid rule.
#0 C:\wamp64\www\ppe-chopesgames4\system\Validation\Validation.php(285): CodeIgniter\Validation\Exceptions\ValidationException::forRuleNotFound('')
#1 C:\wamp64\www\ppe-chopesgames4\system\Validation\Validation.php(151): CodeIgniter\Validation\Validation->processRules('vitrine', 'vitrine', NULL, Array, Array)
#2 C:\wamp64\www\ppe-chopesgames4\system\Controller.php(160): CodeIgniter\Validation\Validation->run()
#3 C:\wamp64\www\ppe-chopesgames4\app\Controllers\AdministrateurSuper.php(206): CodeIgniter\Controller->validate(Array)
#4 C:\wamp64\www\ppe-chopesgames4\system\CodeIgniter.php(824): App\Controllers\AdministrateurSuper->modifier_produit('1')
#5 C:\wamp64\www\ppe-chopesgames4\system\CodeIgniter.php(410): CodeIgniter\CodeIgniter->runController(Object(App\Controllers\AdministrateurSuper))
#6 C:\wamp64\www\ppe-chopesgames4\system\CodeIgniter.php(318): CodeIgniter\CodeIgniter->handleRequest(NULL, Object(Config\Cache), false)
#7 C:\wamp64\www\ppe-chopesgames4\public\index.php(37): CodeIgniter\CodeIgniter->run()
#8 {main}
CRITICAL - 2021-12-23 09:30:40 -->  is not a valid rule.
#0 C:\wamp64\www\ppe-chopesgames4\system\Validation\Validation.php(285): CodeIgniter\Validation\Exceptions\ValidationException::forRuleNotFound('')
#1 C:\wamp64\www\ppe-chopesgames4\system\Validation\Validation.php(151): CodeIgniter\Validation\Validation->processRules('vitrine', 'vitrine', NULL, Array, Array)
#2 C:\wamp64\www\ppe-chopesgames4\system\Controller.php(160): CodeIgniter\Validation\Validation->run()
#3 C:\wamp64\www\ppe-chopesgames4\app\Controllers\AdministrateurSuper.php(206): CodeIgniter\Controller->validate(Array)
#4 C:\wamp64\www\ppe-chopesgames4\system\CodeIgniter.php(824): App\Controllers\AdministrateurSuper->modifier_produit('1')
#5 C:\wamp64\www\ppe-chopesgames4\system\CodeIgniter.php(410): CodeIgniter\CodeIgniter->runController(Object(App\Controllers\AdministrateurSuper))
#6 C:\wamp64\www\ppe-chopesgames4\system\CodeIgniter.php(318): CodeIgniter\CodeIgniter->handleRequest(NULL, Object(Config\Cache), false)
#7 C:\wamp64\www\ppe-chopesgames4\public\index.php(37): CodeIgniter\CodeIgniter->run()
#8 {main}
CRITICAL - 2021-12-23 09:35:25 -->  is not a valid rule.
#0 C:\wamp64\www\ppe-chopesgames4\system\Validation\Validation.php(285): CodeIgniter\Validation\Exceptions\ValidationException::forRuleNotFound('')
#1 C:\wamp64\www\ppe-chopesgames4\system\Validation\Validation.php(151): CodeIgniter\Validation\Validation->processRules('vitrine', 'vitrine', NULL, Array, Array)
#2 C:\wamp64\www\ppe-chopesgames4\system\Controller.php(160): CodeIgniter\Validation\Validation->run()
#3 C:\wamp64\www\ppe-chopesgames4\app\Controllers\AdministrateurSuper.php(193): CodeIgniter\Controller->validate(Array)
#4 C:\wamp64\www\ppe-chopesgames4\system\CodeIgniter.php(824): App\Controllers\AdministrateurSuper->modifier_produit('1')
#5 C:\wamp64\www\ppe-chopesgames4\system\CodeIgniter.php(410): CodeIgniter\CodeIgniter->runController(Object(App\Controllers\AdministrateurSuper))
#6 C:\wamp64\www\ppe-chopesgames4\system\CodeIgniter.php(318): CodeIgniter\CodeIgniter->handleRequest(NULL, Object(Config\Cache), false)
#7 C:\wamp64\www\ppe-chopesgames4\public\index.php(37): CodeIgniter\CodeIgniter->run()
#8 {main}
CRITICAL - 2021-12-23 09:35:29 -->  is not a valid rule.
#0 C:\wamp64\www\ppe-chopesgames4\system\Validation\Validation.php(285): CodeIgniter\Validation\Exceptions\ValidationException::forRuleNotFound('')
#1 C:\wamp64\www\ppe-chopesgames4\system\Validation\Validation.php(151): CodeIgniter\Validation\Validation->processRules('vitrine', 'vitrine', NULL, Array, Array)
#2 C:\wamp64\www\ppe-chopesgames4\system\Controller.php(160): CodeIgniter\Validation\Validation->run()
#3 C:\wamp64\www\ppe-chopesgames4\app\Controllers\AdministrateurSuper.php(193): CodeIgniter\Controller->validate(Array)
#4 C:\wamp64\www\ppe-chopesgames4\system\CodeIgniter.php(824): App\Controllers\AdministrateurSuper->modifier_produit('1')
#5 C:\wamp64\www\ppe-chopesgames4\system\CodeIgniter.php(410): CodeIgniter\CodeIgniter->runController(Object(App\Controllers\AdministrateurSuper))
#6 C:\wamp64\www\ppe-chopesgames4\system\CodeIgniter.php(318): CodeIgniter\CodeIgniter->handleRequest(NULL, Object(Config\Cache), false)
#7 C:\wamp64\www\ppe-chopesgames4\public\index.php(37): CodeIgniter\CodeIgniter->run()
#8 {main}
CRITICAL - 2021-12-23 09:36:37 -->  is not a valid rule.
#0 C:\wamp64\www\ppe-chopesgames4\system\Validation\Validation.php(285): CodeIgniter\Validation\Exceptions\ValidationException::forRuleNotFound('')
#1 C:\wamp64\www\ppe-chopesgames4\system\Validation\Validation.php(151): CodeIgniter\Validation\Validation->processRules('vitrine', 'vitrine', NULL, Array, Array)
#2 C:\wamp64\www\ppe-chopesgames4\system\Controller.php(160): CodeIgniter\Validation\Validation->run()
#3 C:\wamp64\www\ppe-chopesgames4\app\Controllers\AdministrateurSuper.php(206): CodeIgniter\Controller->validate(Array)
#4 C:\wamp64\www\ppe-chopesgames4\system\CodeIgniter.php(824): App\Controllers\AdministrateurSuper->modifier_produit('1')
#5 C:\wamp64\www\ppe-chopesgames4\system\CodeIgniter.php(410): CodeIgniter\CodeIgniter->runController(Object(App\Controllers\AdministrateurSuper))
#6 C:\wamp64\www\ppe-chopesgames4\system\CodeIgniter.php(318): CodeIgniter\CodeIgniter->handleRequest(NULL, Object(Config\Cache), false)
#7 C:\wamp64\www\ppe-chopesgames4\public\index.php(37): CodeIgniter\CodeIgniter->run()
#8 {main}
CRITICAL - 2021-12-23 09:36:55 -->  is not a valid rule.
#0 C:\wamp64\www\ppe-chopesgames4\system\Validation\Validation.php(285): CodeIgniter\Validation\Exceptions\ValidationException::forRuleNotFound('')
#1 C:\wamp64\www\ppe-chopesgames4\system\Validation\Validation.php(151): CodeIgniter\Validation\Validation->processRules('vitrine', 'vitrine', NULL, Array, Array)
#2 C:\wamp64\www\ppe-chopesgames4\system\Controller.php(160): CodeIgniter\Validation\Validation->run()
#3 C:\wamp64\www\ppe-chopesgames4\app\Controllers\AdministrateurSuper.php(206): CodeIgniter\Controller->validate(Array)
#4 C:\wamp64\www\ppe-chopesgames4\system\CodeIgniter.php(824): App\Controllers\AdministrateurSuper->modifier_produit('1')
#5 C:\wamp64\www\ppe-chopesgames4\system\CodeIgniter.php(410): CodeIgniter\CodeIgniter->runController(Object(App\Controllers\AdministrateurSuper))
#6 C:\wamp64\www\ppe-chopesgames4\system\CodeIgniter.php(318): CodeIgniter\CodeIgniter->handleRequest(NULL, Object(Config\Cache), false)
#7 C:\wamp64\www\ppe-chopesgames4\public\index.php(37): CodeIgniter\CodeIgniter->run()
#8 {main}
CRITICAL - 2021-12-23 09:37:52 -->  is not a valid rule.
#0 C:\wamp64\www\ppe-chopesgames4\system\Validation\Validation.php(285): CodeIgniter\Validation\Exceptions\ValidationException::forRuleNotFound('')
#1 C:\wamp64\www\ppe-chopesgames4\system\Validation\Validation.php(151): CodeIgniter\Validation\Validation->processRules('vitrine', 'vitrine', NULL, Array, Array)
#2 C:\wamp64\www\ppe-chopesgames4\system\Controller.php(160): CodeIgniter\Validation\Validation->run()
#3 C:\wamp64\www\ppe-chopesgames4\app\Controllers\AdministrateurSuper.php(204): CodeIgniter\Controller->validate(Array)
#4 C:\wamp64\www\ppe-chopesgames4\system\CodeIgniter.php(824): App\Controllers\AdministrateurSuper->modifier_produit('1')
#5 C:\wamp64\www\ppe-chopesgames4\system\CodeIgniter.php(410): CodeIgniter\CodeIgniter->runController(Object(App\Controllers\AdministrateurSuper))
#6 C:\wamp64\www\ppe-chopesgames4\system\CodeIgniter.php(318): CodeIgniter\CodeIgniter->handleRequest(NULL, Object(Config\Cache), false)
#7 C:\wamp64\www\ppe-chopesgames4\public\index.php(37): CodeIgniter\CodeIgniter->run()
#8 {main}
CRITICAL - 2021-12-23 09:38:21 -->  is not a valid rule.
#0 C:\wamp64\www\ppe-chopesgames4\system\Validation\Validation.php(285): CodeIgniter\Validation\Exceptions\ValidationException::forRuleNotFound('')
#1 C:\wamp64\www\ppe-chopesgames4\system\Validation\Validation.php(151): CodeIgniter\Validation\Validation->processRules('vitrine', 'vitrine', NULL, Array, Array)
#2 C:\wamp64\www\ppe-chopesgames4\system\Controller.php(160): CodeIgniter\Validation\Validation->run()
#3 C:\wamp64\www\ppe-chopesgames4\app\Controllers\AdministrateurSuper.php(204): CodeIgniter\Controller->validate(Array)
#4 C:\wamp64\www\ppe-chopesgames4\system\CodeIgniter.php(824): App\Controllers\AdministrateurSuper->modifier_produit('1')
#5 C:\wamp64\www\ppe-chopesgames4\system\CodeIgniter.php(410): CodeIgniter\CodeIgniter->runController(Object(App\Controllers\AdministrateurSuper))
#6 C:\wamp64\www\ppe-chopesgames4\system\CodeIgniter.php(318): CodeIgniter\CodeIgniter->handleRequest(NULL, Object(Config\Cache), false)
#7 C:\wamp64\www\ppe-chopesgames4\public\index.php(37): CodeIgniter\CodeIgniter->run()
#8 {main}
CRITICAL - 2021-12-23 09:38:27 -->  is not a valid rule.
#0 C:\wamp64\www\ppe-chopesgames4\system\Validation\Validation.php(285): CodeIgniter\Validation\Exceptions\ValidationException::forRuleNotFound('')
#1 C:\wamp64\www\ppe-chopesgames4\system\Validation\Validation.php(151): CodeIgniter\Validation\Validation->processRules('vitrine', 'vitrine', NULL, Array, Array)
#2 C:\wamp64\www\ppe-chopesgames4\system\Controller.php(160): CodeIgniter\Validation\Validation->run()
#3 C:\wamp64\www\ppe-chopesgames4\app\Controllers\AdministrateurSuper.php(204): CodeIgniter\Controller->validate(Array)
#4 C:\wamp64\www\ppe-chopesgames4\system\CodeIgniter.php(824): App\Controllers\AdministrateurSuper->modifier_produit('1')
#5 C:\wamp64\www\ppe-chopesgames4\system\CodeIgniter.php(410): CodeIgniter\CodeIgniter->runController(Object(App\Controllers\AdministrateurSuper))
#6 C:\wamp64\www\ppe-chopesgames4\system\CodeIgniter.php(318): CodeIgniter\CodeIgniter->handleRequest(NULL, Object(Config\Cache), false)
#7 C:\wamp64\www\ppe-chopesgames4\public\index.php(37): CodeIgniter\CodeIgniter->run()
#8 {main}
CRITICAL - 2021-12-23 09:44:18 -->  is not a valid rule.
#0 C:\wamp64\www\ppe-chopesgames4\system\Validation\Validation.php(285): CodeIgniter\Validation\Exceptions\ValidationException::forRuleNotFound('')
#1 C:\wamp64\www\ppe-chopesgames4\system\Validation\Validation.php(151): CodeIgniter\Validation\Validation->processRules('vitrine', 'vitrine', NULL, Array, Array)
#2 C:\wamp64\www\ppe-chopesgames4\system\Controller.php(160): CodeIgniter\Validation\Validation->run()
#3 C:\wamp64\www\ppe-chopesgames4\app\Controllers\AdministrateurSuper.php(194): CodeIgniter\Controller->validate(Array)
#4 C:\wamp64\www\ppe-chopesgames4\system\CodeIgniter.php(824): App\Controllers\AdministrateurSuper->modifier_produit('1')
#5 C:\wamp64\www\ppe-chopesgames4\system\CodeIgniter.php(410): CodeIgniter\CodeIgniter->runController(Object(App\Controllers\AdministrateurSuper))
#6 C:\wamp64\www\ppe-chopesgames4\system\CodeIgniter.php(318): CodeIgniter\CodeIgniter->handleRequest(NULL, Object(Config\Cache), false)
#7 C:\wamp64\www\ppe-chopesgames4\public\index.php(37): CodeIgniter\CodeIgniter->run()
#8 {main}
CRITICAL - 2021-12-23 09:45:54 -->  is not a valid rule.
#0 C:\wamp64\www\ppe-chopesgames4\system\Validation\Validation.php(285): CodeIgniter\Validation\Exceptions\ValidationException::forRuleNotFound('')
#1 C:\wamp64\www\ppe-chopesgames4\system\Validation\Validation.php(151): CodeIgniter\Validation\Validation->processRules('vitrine', 'vitrine', NULL, Array, Array)
#2 C:\wamp64\www\ppe-chopesgames4\system\Controller.php(160): CodeIgniter\Validation\Validation->run()
#3 C:\wamp64\www\ppe-chopesgames4\app\Controllers\AdministrateurSuper.php(194): CodeIgniter\Controller->validate(Array)
#4 C:\wamp64\www\ppe-chopesgames4\system\CodeIgniter.php(824): App\Controllers\AdministrateurSuper->modifier_produit('1')
#5 C:\wamp64\www\ppe-chopesgames4\system\CodeIgniter.php(410): CodeIgniter\CodeIgniter->runController(Object(App\Controllers\AdministrateurSuper))
#6 C:\wamp64\www\ppe-chopesgames4\system\CodeIgniter.php(318): CodeIgniter\CodeIgniter->handleRequest(NULL, Object(Config\Cache), false)
#7 C:\wamp64\www\ppe-chopesgames4\public\index.php(37): CodeIgniter\CodeIgniter->run()
#8 {main}
CRITICAL - 2021-12-23 09:45:58 -->  is not a valid rule.
#0 C:\wamp64\www\ppe-chopesgames4\system\Validation\Validation.php(285): CodeIgniter\Validation\Exceptions\ValidationException::forRuleNotFound('')
#1 C:\wamp64\www\ppe-chopesgames4\system\Validation\Validation.php(151): CodeIgniter\Validation\Validation->processRules('vitrine', 'vitrine', NULL, Array, Array)
#2 C:\wamp64\www\ppe-chopesgames4\system\Controller.php(160): CodeIgniter\Validation\Validation->run()
#3 C:\wamp64\www\ppe-chopesgames4\app\Controllers\AdministrateurSuper.php(194): CodeIgniter\Controller->validate(Array)
#4 C:\wamp64\www\ppe-chopesgames4\system\CodeIgniter.php(824): App\Controllers\AdministrateurSuper->modifier_produit('1')
#5 C:\wamp64\www\ppe-chopesgames4\system\CodeIgniter.php(410): CodeIgniter\CodeIgniter->runController(Object(App\Controllers\AdministrateurSuper))
#6 C:\wamp64\www\ppe-chopesgames4\system\CodeIgniter.php(318): CodeIgniter\CodeIgniter->handleRequest(NULL, Object(Config\Cache), false)
#7 C:\wamp64\www\ppe-chopesgames4\public\index.php(37): CodeIgniter\CodeIgniter->run()
#8 {main}
CRITICAL - 2021-12-23 09:49:08 -->  is not a valid rule.
#0 C:\wamp64\www\ppe-chopesgames4\system\Validation\Validation.php(285): CodeIgniter\Validation\Exceptions\ValidationException::forRuleNotFound('')
#1 C:\wamp64\www\ppe-chopesgames4\system\Validation\Validation.php(151): CodeIgniter\Validation\Validation->processRules('vitrine', 'vitrine', NULL, Array, Array)
#2 C:\wamp64\www\ppe-chopesgames4\system\Controller.php(160): CodeIgniter\Validation\Validation->run()
#3 C:\wamp64\www\ppe-chopesgames4\app\Controllers\AdministrateurSuper.php(193): CodeIgniter\Controller->validate(Array)
#4 C:\wamp64\www\ppe-chopesgames4\system\CodeIgniter.php(824): App\Controllers\AdministrateurSuper->modifier_produit('1')
#5 C:\wamp64\www\ppe-chopesgames4\system\CodeIgniter.php(410): CodeIgniter\CodeIgniter->runController(Object(App\Controllers\AdministrateurSuper))
#6 C:\wamp64\www\ppe-chopesgames4\system\CodeIgniter.php(318): CodeIgniter\CodeIgniter->handleRequest(NULL, Object(Config\Cache), false)
#7 C:\wamp64\www\ppe-chopesgames4\public\index.php(37): CodeIgniter\CodeIgniter->run()
#8 {main}
CRITICAL - 2021-12-23 09:49:14 -->  is not a valid rule.
#0 C:\wamp64\www\ppe-chopesgames4\system\Validation\Validation.php(285): CodeIgniter\Validation\Exceptions\ValidationException::forRuleNotFound('')
#1 C:\wamp64\www\ppe-chopesgames4\system\Validation\Validation.php(151): CodeIgniter\Validation\Validation->processRules('vitrine', 'vitrine', NULL, Array, Array)
#2 C:\wamp64\www\ppe-chopesgames4\system\Controller.php(160): CodeIgniter\Validation\Validation->run()
#3 C:\wamp64\www\ppe-chopesgames4\app\Controllers\AdministrateurSuper.php(193): CodeIgniter\Controller->validate(Array)
#4 C:\wamp64\www\ppe-chopesgames4\system\CodeIgniter.php(824): App\Controllers\AdministrateurSuper->modifier_produit('1')
#5 C:\wamp64\www\ppe-chopesgames4\system\CodeIgniter.php(410): CodeIgniter\CodeIgniter->runController(Object(App\Controllers\AdministrateurSuper))
#6 C:\wamp64\www\ppe-chopesgames4\system\CodeIgniter.php(318): CodeIgniter\CodeIgniter->handleRequest(NULL, Object(Config\Cache), false)
#7 C:\wamp64\www\ppe-chopesgames4\public\index.php(37): CodeIgniter\CodeIgniter->run()
#8 {main}
CRITICAL - 2021-12-23 09:49:37 -->  is not a valid rule.
#0 C:\wamp64\www\ppe-chopesgames4\system\Validation\Validation.php(285): CodeIgniter\Validation\Exceptions\ValidationException::forRuleNotFound('')
#1 C:\wamp64\www\ppe-chopesgames4\system\Validation\Validation.php(151): CodeIgniter\Validation\Validation->processRules('vitrine', 'vitrine', NULL, Array, Array)
#2 C:\wamp64\www\ppe-chopesgames4\system\Controller.php(160): CodeIgniter\Validation\Validation->run()
#3 C:\wamp64\www\ppe-chopesgames4\app\Controllers\AdministrateurSuper.php(193): CodeIgniter\Controller->validate(Array)
#4 C:\wamp64\www\ppe-chopesgames4\system\CodeIgniter.php(824): App\Controllers\AdministrateurSuper->modifier_produit('1')
#5 C:\wamp64\www\ppe-chopesgames4\system\CodeIgniter.php(410): CodeIgniter\CodeIgniter->runController(Object(App\Controllers\AdministrateurSuper))
#6 C:\wamp64\www\ppe-chopesgames4\system\CodeIgniter.php(318): CodeIgniter\CodeIgniter->handleRequest(NULL, Object(Config\Cache), false)
#7 C:\wamp64\www\ppe-chopesgames4\public\index.php(37): CodeIgniter\CodeIgniter->run()
#8 {main}
CRITICAL - 2021-12-23 09:51:30 -->  is not a valid rule.
#0 C:\wamp64\www\ppe-chopesgames4\system\Validation\Validation.php(285): CodeIgniter\Validation\Exceptions\ValidationException::forRuleNotFound('')
#1 C:\wamp64\www\ppe-chopesgames4\system\Validation\Validation.php(151): CodeIgniter\Validation\Validation->processRules('vitrine', 'vitrine', NULL, Array, Array)
#2 C:\wamp64\www\ppe-chopesgames4\system\Controller.php(160): CodeIgniter\Validation\Validation->run()
#3 C:\wamp64\www\ppe-chopesgames4\app\Controllers\AdministrateurSuper.php(193): CodeIgniter\Controller->validate(Array)
#4 C:\wamp64\www\ppe-chopesgames4\system\CodeIgniter.php(824): App\Controllers\AdministrateurSuper->modifier_produit('1')
#5 C:\wamp64\www\ppe-chopesgames4\system\CodeIgniter.php(410): CodeIgniter\CodeIgniter->runController(Object(App\Controllers\AdministrateurSuper))
#6 C:\wamp64\www\ppe-chopesgames4\system\CodeIgniter.php(318): CodeIgniter\CodeIgniter->handleRequest(NULL, Object(Config\Cache), false)
#7 C:\wamp64\www\ppe-chopesgames4\public\index.php(37): CodeIgniter\CodeIgniter->run()
#8 {main}
CRITICAL - 2021-12-23 09:51:37 -->  is not a valid rule.
#0 C:\wamp64\www\ppe-chopesgames4\system\Validation\Validation.php(285): CodeIgniter\Validation\Exceptions\ValidationException::forRuleNotFound('')
#1 C:\wamp64\www\ppe-chopesgames4\system\Validation\Validation.php(151): CodeIgniter\Validation\Validation->processRules('vitrine', 'vitrine', NULL, Array, Array)
#2 C:\wamp64\www\ppe-chopesgames4\system\Controller.php(160): CodeIgniter\Validation\Validation->run()
#3 C:\wamp64\www\ppe-chopesgames4\app\Controllers\AdministrateurSuper.php(193): CodeIgniter\Controller->validate(Array)
#4 C:\wamp64\www\ppe-chopesgames4\system\CodeIgniter.php(824): App\Controllers\AdministrateurSuper->modifier_produit('1')
#5 C:\wamp64\www\ppe-chopesgames4\system\CodeIgniter.php(410): CodeIgniter\CodeIgniter->runController(Object(App\Controllers\AdministrateurSuper))
#6 C:\wamp64\www\ppe-chopesgames4\system\CodeIgniter.php(318): CodeIgniter\CodeIgniter->handleRequest(NULL, Object(Config\Cache), false)
#7 C:\wamp64\www\ppe-chopesgames4\public\index.php(37): CodeIgniter\CodeIgniter->run()
#8 {main}
CRITICAL - 2021-12-23 09:52:10 -->  is not a valid rule.
#0 C:\wamp64\www\ppe-chopesgames4\system\Validation\Validation.php(285): CodeIgniter\Validation\Exceptions\ValidationException::forRuleNotFound('')
#1 C:\wamp64\www\ppe-chopesgames4\system\Validation\Validation.php(151): CodeIgniter\Validation\Validation->processRules('vitrine', 'vitrine', NULL, Array, Array)
#2 C:\wamp64\www\ppe-chopesgames4\system\Controller.php(160): CodeIgniter\Validation\Validation->run()
#3 C:\wamp64\www\ppe-chopesgames4\app\Controllers\AdministrateurSuper.php(193): CodeIgniter\Controller->validate(Array)
#4 C:\wamp64\www\ppe-chopesgames4\system\CodeIgniter.php(824): App\Controllers\AdministrateurSuper->modifier_produit('1')
#5 C:\wamp64\www\ppe-chopesgames4\system\CodeIgniter.php(410): CodeIgniter\CodeIgniter->runController(Object(App\Controllers\AdministrateurSuper))
#6 C:\wamp64\www\ppe-chopesgames4\system\CodeIgniter.php(318): CodeIgniter\CodeIgniter->handleRequest(NULL, Object(Config\Cache), false)
#7 C:\wamp64\www\ppe-chopesgames4\public\index.php(37): CodeIgniter\CodeIgniter->run()
#8 {main}
CRITICAL - 2021-12-23 09:52:12 -->  is not a valid rule.
#0 C:\wamp64\www\ppe-chopesgames4\system\Validation\Validation.php(285): CodeIgniter\Validation\Exceptions\ValidationException::forRuleNotFound('')
#1 C:\wamp64\www\ppe-chopesgames4\system\Validation\Validation.php(151): CodeIgniter\Validation\Validation->processRules('vitrine', 'vitrine', NULL, Array, Array)
#2 C:\wamp64\www\ppe-chopesgames4\system\Controller.php(160): CodeIgniter\Validation\Validation->run()
#3 C:\wamp64\www\ppe-chopesgames4\app\Controllers\AdministrateurSuper.php(193): CodeIgniter\Controller->validate(Array)
#4 C:\wamp64\www\ppe-chopesgames4\system\CodeIgniter.php(824): App\Controllers\AdministrateurSuper->modifier_produit('1')
#5 C:\wamp64\www\ppe-chopesgames4\system\CodeIgniter.php(410): CodeIgniter\CodeIgniter->runController(Object(App\Controllers\AdministrateurSuper))
#6 C:\wamp64\www\ppe-chopesgames4\system\CodeIgniter.php(318): CodeIgniter\CodeIgniter->handleRequest(NULL, Object(Config\Cache), false)
#7 C:\wamp64\www\ppe-chopesgames4\public\index.php(37): CodeIgniter\CodeIgniter->run()
#8 {main}
CRITICAL - 2021-12-23 09:52:29 -->  is not a valid rule.
#0 C:\wamp64\www\ppe-chopesgames4\system\Validation\Validation.php(285): CodeIgniter\Validation\Exceptions\ValidationException::forRuleNotFound('')
#1 C:\wamp64\www\ppe-chopesgames4\system\Validation\Validation.php(151): CodeIgniter\Validation\Validation->processRules('vitrine', 'vitrine', NULL, Array, Array)
#2 C:\wamp64\www\ppe-chopesgames4\system\Controller.php(160): CodeIgniter\Validation\Validation->run()
#3 C:\wamp64\www\ppe-chopesgames4\app\Controllers\AdministrateurSuper.php(193): CodeIgniter\Controller->validate(Array)
#4 C:\wamp64\www\ppe-chopesgames4\system\CodeIgniter.php(824): App\Controllers\AdministrateurSuper->modifier_produit('1')
#5 C:\wamp64\www\ppe-chopesgames4\system\CodeIgniter.php(410): CodeIgniter\CodeIgniter->runController(Object(App\Controllers\AdministrateurSuper))
#6 C:\wamp64\www\ppe-chopesgames4\system\CodeIgniter.php(318): CodeIgniter\CodeIgniter->handleRequest(NULL, Object(Config\Cache), false)
#7 C:\wamp64\www\ppe-chopesgames4\public\index.php(37): CodeIgniter\CodeIgniter->run()
#8 {main}
CRITICAL - 2021-12-23 09:52:34 -->  is not a valid rule.
#0 C:\wamp64\www\ppe-chopesgames4\system\Validation\Validation.php(285): CodeIgniter\Validation\Exceptions\ValidationException::forRuleNotFound('')
#1 C:\wamp64\www\ppe-chopesgames4\system\Validation\Validation.php(151): CodeIgniter\Validation\Validation->processRules('vitrine', 'vitrine', NULL, Array, Array)
#2 C:\wamp64\www\ppe-chopesgames4\system\Controller.php(160): CodeIgniter\Validation\Validation->run()
#3 C:\wamp64\www\ppe-chopesgames4\app\Controllers\AdministrateurSuper.php(193): CodeIgniter\Controller->validate(Array)
#4 C:\wamp64\www\ppe-chopesgames4\system\CodeIgniter.php(824): App\Controllers\AdministrateurSuper->modifier_produit('1')
#5 C:\wamp64\www\ppe-chopesgames4\system\CodeIgniter.php(410): CodeIgniter\CodeIgniter->runController(Object(App\Controllers\AdministrateurSuper))
#6 C:\wamp64\www\ppe-chopesgames4\system\CodeIgniter.php(318): CodeIgniter\CodeIgniter->handleRequest(NULL, Object(Config\Cache), false)
#7 C:\wamp64\www\ppe-chopesgames4\public\index.php(37): CodeIgniter\CodeIgniter->run()
#8 {main}
CRITICAL - 2021-12-23 09:53:56 -->  is not a valid rule.
#0 C:\wamp64\www\ppe-chopesgames4\system\Validation\Validation.php(285): CodeIgniter\Validation\Exceptions\ValidationException::forRuleNotFound('')
#1 C:\wamp64\www\ppe-chopesgames4\system\Validation\Validation.php(151): CodeIgniter\Validation\Validation->processRules('vitrine', 'vitrine', NULL, Array, Array)
#2 C:\wamp64\www\ppe-chopesgames4\system\Controller.php(160): CodeIgniter\Validation\Validation->run()
#3 C:\wamp64\www\ppe-chopesgames4\app\Controllers\AdministrateurSuper.php(203): CodeIgniter\Controller->validate(Array)
#4 C:\wamp64\www\ppe-chopesgames4\system\CodeIgniter.php(824): App\Controllers\AdministrateurSuper->modifier_produit('1')
#5 C:\wamp64\www\ppe-chopesgames4\system\CodeIgniter.php(410): CodeIgniter\CodeIgniter->runController(Object(App\Controllers\AdministrateurSuper))
#6 C:\wamp64\www\ppe-chopesgames4\system\CodeIgniter.php(318): CodeIgniter\CodeIgniter->handleRequest(NULL, Object(Config\Cache), false)
#7 C:\wamp64\www\ppe-chopesgames4\public\index.php(37): CodeIgniter\CodeIgniter->run()
#8 {main}
CRITICAL - 2021-12-23 09:54:01 -->  is not a valid rule.
#0 C:\wamp64\www\ppe-chopesgames4\system\Validation\Validation.php(285): CodeIgniter\Validation\Exceptions\ValidationException::forRuleNotFound('')
#1 C:\wamp64\www\ppe-chopesgames4\system\Validation\Validation.php(151): CodeIgniter\Validation\Validation->processRules('vitrine', 'vitrine', NULL, Array, Array)
#2 C:\wamp64\www\ppe-chopesgames4\system\Controller.php(160): CodeIgniter\Validation\Validation->run()
#3 C:\wamp64\www\ppe-chopesgames4\app\Controllers\AdministrateurSuper.php(203): CodeIgniter\Controller->validate(Array)
#4 C:\wamp64\www\ppe-chopesgames4\system\CodeIgniter.php(824): App\Controllers\AdministrateurSuper->modifier_produit('1')
#5 C:\wamp64\www\ppe-chopesgames4\system\CodeIgniter.php(410): CodeIgniter\CodeIgniter->runController(Object(App\Controllers\AdministrateurSuper))
#6 C:\wamp64\www\ppe-chopesgames4\system\CodeIgniter.php(318): CodeIgniter\CodeIgniter->handleRequest(NULL, Object(Config\Cache), false)
#7 C:\wamp64\www\ppe-chopesgames4\public\index.php(37): CodeIgniter\CodeIgniter->run()
#8 {main}
CRITICAL - 2021-12-23 10:17:10 -->  is not a valid rule.
#0 C:\wamp64\www\ppe-chopesgames4\system\Validation\Validation.php(285): CodeIgniter\Validation\Exceptions\ValidationException::forRuleNotFound('')
#1 C:\wamp64\www\ppe-chopesgames4\system\Validation\Validation.php(151): CodeIgniter\Validation\Validation->processRules('vitrine', 'vitrine', NULL, Array, Array)
#2 C:\wamp64\www\ppe-chopesgames4\system\Controller.php(160): CodeIgniter\Validation\Validation->run()
#3 C:\wamp64\www\ppe-chopesgames4\app\Controllers\AdministrateurSuper.php(204): CodeIgniter\Controller->validate(Array)
#4 C:\wamp64\www\ppe-chopesgames4\system\CodeIgniter.php(824): App\Controllers\AdministrateurSuper->modifier_produit('1')
#5 C:\wamp64\www\ppe-chopesgames4\system\CodeIgniter.php(410): CodeIgniter\CodeIgniter->runController(Object(App\Controllers\AdministrateurSuper))
#6 C:\wamp64\www\ppe-chopesgames4\system\CodeIgniter.php(318): CodeIgniter\CodeIgniter->handleRequest(NULL, Object(Config\Cache), false)
#7 C:\wamp64\www\ppe-chopesgames4\public\index.php(37): CodeIgniter\CodeIgniter->run()
#8 {main}
CRITICAL - 2021-12-23 10:17:35 -->  is not a valid rule.
#0 C:\wamp64\www\ppe-chopesgames4\system\Validation\Validation.php(285): CodeIgniter\Validation\Exceptions\ValidationException::forRuleNotFound('')
#1 C:\wamp64\www\ppe-chopesgames4\system\Validation\Validation.php(151): CodeIgniter\Validation\Validation->processRules('vitrine', 'vitrine', NULL, Array, Array)
#2 C:\wamp64\www\ppe-chopesgames4\system\Controller.php(160): CodeIgniter\Validation\Validation->run()
#3 C:\wamp64\www\ppe-chopesgames4\app\Controllers\AdministrateurSuper.php(204): CodeIgniter\Controller->validate(Array)
#4 C:\wamp64\www\ppe-chopesgames4\system\CodeIgniter.php(824): App\Controllers\AdministrateurSuper->modifier_produit('1')
#5 C:\wamp64\www\ppe-chopesgames4\system\CodeIgniter.php(410): CodeIgniter\CodeIgniter->runController(Object(App\Controllers\AdministrateurSuper))
#6 C:\wamp64\www\ppe-chopesgames4\system\CodeIgniter.php(318): CodeIgniter\CodeIgniter->handleRequest(NULL, Object(Config\Cache), false)
#7 C:\wamp64\www\ppe-chopesgames4\public\index.php(37): CodeIgniter\CodeIgniter->run()
#8 {main}
CRITICAL - 2021-12-23 10:18:00 -->  is not a valid rule.
#0 C:\wamp64\www\ppe-chopesgames4\system\Validation\Validation.php(285): CodeIgniter\Validation\Exceptions\ValidationException::forRuleNotFound('')
#1 C:\wamp64\www\ppe-chopesgames4\system\Validation\Validation.php(151): CodeIgniter\Validation\Validation->processRules('vitrine', 'vitrine', NULL, Array, Array)
#2 C:\wamp64\www\ppe-chopesgames4\system\Controller.php(160): CodeIgniter\Validation\Validation->run()
#3 C:\wamp64\www\ppe-chopesgames4\app\Controllers\AdministrateurSuper.php(204): CodeIgniter\Controller->validate(Array)
#4 C:\wamp64\www\ppe-chopesgames4\system\CodeIgniter.php(824): App\Controllers\AdministrateurSuper->modifier_produit('1')
#5 C:\wamp64\www\ppe-chopesgames4\system\CodeIgniter.php(410): CodeIgniter\CodeIgniter->runController(Object(App\Controllers\AdministrateurSuper))
#6 C:\wamp64\www\ppe-chopesgames4\system\CodeIgniter.php(318): CodeIgniter\CodeIgniter->handleRequest(NULL, Object(Config\Cache), false)
#7 C:\wamp64\www\ppe-chopesgames4\public\index.php(37): CodeIgniter\CodeIgniter->run()
#8 {main}
CRITICAL - 2021-12-23 10:34:48 -->  is not a valid rule.
#0 C:\wamp64\www\ppe-chopesgames4\system\Validation\Validation.php(285): CodeIgniter\Validation\Exceptions\ValidationException::forRuleNotFound('')
#1 C:\wamp64\www\ppe-chopesgames4\system\Validation\Validation.php(151): CodeIgniter\Validation\Validation->processRules('vitrine', 'vitrine', NULL, Array, Array)
#2 C:\wamp64\www\ppe-chopesgames4\system\Controller.php(160): CodeIgniter\Validation\Validation->run()
#3 C:\wamp64\www\ppe-chopesgames4\app\Controllers\AdministrateurSuper.php(186): CodeIgniter\Controller->validate(Array)
#4 C:\wamp64\www\ppe-chopesgames4\system\CodeIgniter.php(824): App\Controllers\AdministrateurSuper->modifier_produit('1')
#5 C:\wamp64\www\ppe-chopesgames4\system\CodeIgniter.php(410): CodeIgniter\CodeIgniter->runController(Object(App\Controllers\AdministrateurSuper))
#6 C:\wamp64\www\ppe-chopesgames4\system\CodeIgniter.php(318): CodeIgniter\CodeIgniter->handleRequest(NULL, Object(Config\Cache), false)
#7 C:\wamp64\www\ppe-chopesgames4\public\index.php(37): CodeIgniter\CodeIgniter->run()
#8 {main}
CRITICAL - 2021-12-23 10:35:15 -->  is not a valid rule.
#0 C:\wamp64\www\ppe-chopesgames4\system\Validation\Validation.php(285): CodeIgniter\Validation\Exceptions\ValidationException::forRuleNotFound('')
#1 C:\wamp64\www\ppe-chopesgames4\system\Validation\Validation.php(151): CodeIgniter\Validation\Validation->processRules('vitrine', 'vitrine', NULL, Array, Array)
#2 C:\wamp64\www\ppe-chopesgames4\system\Controller.php(160): CodeIgniter\Validation\Validation->run()
#3 C:\wamp64\www\ppe-chopesgames4\app\Controllers\AdministrateurSuper.php(199): CodeIgniter\Controller->validate(Array)
#4 C:\wamp64\www\ppe-chopesgames4\system\CodeIgniter.php(824): App\Controllers\AdministrateurSuper->modifier_produit('1')
#5 C:\wamp64\www\ppe-chopesgames4\system\CodeIgniter.php(410): CodeIgniter\CodeIgniter->runController(Object(App\Controllers\AdministrateurSuper))
#6 C:\wamp64\www\ppe-chopesgames4\system\CodeIgniter.php(318): CodeIgniter\CodeIgniter->handleRequest(NULL, Object(Config\Cache), false)
#7 C:\wamp64\www\ppe-chopesgames4\public\index.php(37): CodeIgniter\CodeIgniter->run()
#8 {main}
CRITICAL - 2021-12-23 10:36:13 --> syntax error, unexpected 'echo' (T_ECHO), expecting function (T_FUNCTION) or const (T_CONST)
#0 C:\wamp64\www\ppe-chopesgames4\system\Router\Router.php(176): CodeIgniter\Router\Router->autoRoute('AdministrateurS...')
#1 C:\wamp64\www\ppe-chopesgames4\system\CodeIgniter.php(718): CodeIgniter\Router\Router->handle('AdministrateurS...')
#2 C:\wamp64\www\ppe-chopesgames4\system\CodeIgniter.php(359): CodeIgniter\CodeIgniter->tryToRouteIt(Object(CodeIgniter\Router\RouteCollection))
#3 C:\wamp64\www\ppe-chopesgames4\system\CodeIgniter.php(318): CodeIgniter\CodeIgniter->handleRequest(NULL, Object(Config\Cache), false)
#4 C:\wamp64\www\ppe-chopesgames4\public\index.php(37): CodeIgniter\CodeIgniter->run()
#5 {main}
CRITICAL - 2021-12-23 10:36:17 --> syntax error, unexpected 'echo' (T_ECHO), expecting function (T_FUNCTION) or const (T_CONST)
#0 C:\wamp64\www\ppe-chopesgames4\system\Router\Router.php(176): CodeIgniter\Router\Router->autoRoute('AdministrateurS...')
#1 C:\wamp64\www\ppe-chopesgames4\system\CodeIgniter.php(718): CodeIgniter\Router\Router->handle('AdministrateurS...')
#2 C:\wamp64\www\ppe-chopesgames4\system\CodeIgniter.php(359): CodeIgniter\CodeIgniter->tryToRouteIt(Object(CodeIgniter\Router\RouteCollection))
#3 C:\wamp64\www\ppe-chopesgames4\system\CodeIgniter.php(318): CodeIgniter\CodeIgniter->handleRequest(NULL, Object(Config\Cache), false)
#4 C:\wamp64\www\ppe-chopesgames4\public\index.php(37): CodeIgniter\CodeIgniter->run()
#5 {main}
CRITICAL - 2021-12-23 10:36:35 -->  is not a valid rule.
#0 C:\wamp64\www\ppe-chopesgames4\system\Validation\Validation.php(285): CodeIgniter\Validation\Exceptions\ValidationException::forRuleNotFound('')
#1 C:\wamp64\www\ppe-chopesgames4\system\Validation\Validation.php(151): CodeIgniter\Validation\Validation->processRules('vitrine', 'vitrine', NULL, Array, Array)
#2 C:\wamp64\www\ppe-chopesgames4\system\Controller.php(160): CodeIgniter\Validation\Validation->run()
#3 C:\wamp64\www\ppe-chopesgames4\app\Controllers\AdministrateurSuper.php(199): CodeIgniter\Controller->validate(Array)
#4 C:\wamp64\www\ppe-chopesgames4\system\CodeIgniter.php(824): App\Controllers\AdministrateurSuper->modifier_produit('1')
#5 C:\wamp64\www\ppe-chopesgames4\system\CodeIgniter.php(410): CodeIgniter\CodeIgniter->runController(Object(App\Controllers\AdministrateurSuper))
#6 C:\wamp64\www\ppe-chopesgames4\system\CodeIgniter.php(318): CodeIgniter\CodeIgniter->handleRequest(NULL, Object(Config\Cache), false)
#7 C:\wamp64\www\ppe-chopesgames4\public\index.php(37): CodeIgniter\CodeIgniter->run()
#8 {main}
CRITICAL - 2021-12-23 10:36:55 -->  is not a valid rule.
#0 C:\wamp64\www\ppe-chopesgames4\system\Validation\Validation.php(285): CodeIgniter\Validation\Exceptions\ValidationException::forRuleNotFound('')
#1 C:\wamp64\www\ppe-chopesgames4\system\Validation\Validation.php(151): CodeIgniter\Validation\Validation->processRules('vitrine', 'vitrine', NULL, Array, Array)
#2 C:\wamp64\www\ppe-chopesgames4\system\Controller.php(160): CodeIgniter\Validation\Validation->run()
#3 C:\wamp64\www\ppe-chopesgames4\app\Controllers\AdministrateurSuper.php(206): CodeIgniter\Controller->validate(Array)
#4 C:\wamp64\www\ppe-chopesgames4\system\CodeIgniter.php(824): App\Controllers\AdministrateurSuper->modifier_produit('1')
#5 C:\wamp64\www\ppe-chopesgames4\system\CodeIgniter.php(410): CodeIgniter\CodeIgniter->runController(Object(App\Controllers\AdministrateurSuper))
#6 C:\wamp64\www\ppe-chopesgames4\system\CodeIgniter.php(318): CodeIgniter\CodeIgniter->handleRequest(NULL, Object(Config\Cache), false)
#7 C:\wamp64\www\ppe-chopesgames4\public\index.php(37): CodeIgniter\CodeIgniter->run()
#8 {main}
CRITICAL - 2021-12-23 10:37:02 -->  is not a valid rule.
#0 C:\wamp64\www\ppe-chopesgames4\system\Validation\Validation.php(285): CodeIgniter\Validation\Exceptions\ValidationException::forRuleNotFound('')
#1 C:\wamp64\www\ppe-chopesgames4\system\Validation\Validation.php(151): CodeIgniter\Validation\Validation->processRules('vitrine', 'vitrine', NULL, Array, Array)
#2 C:\wamp64\www\ppe-chopesgames4\system\Controller.php(160): CodeIgniter\Validation\Validation->run()
#3 C:\wamp64\www\ppe-chopesgames4\app\Controllers\AdministrateurSuper.php(206): CodeIgniter\Controller->validate(Array)
#4 C:\wamp64\www\ppe-chopesgames4\system\CodeIgniter.php(824): App\Controllers\AdministrateurSuper->modifier_produit('1')
#5 C:\wamp64\www\ppe-chopesgames4\system\CodeIgniter.php(410): CodeIgniter\CodeIgniter->runController(Object(App\Controllers\AdministrateurSuper))
#6 C:\wamp64\www\ppe-chopesgames4\system\CodeIgniter.php(318): CodeIgniter\CodeIgniter->handleRequest(NULL, Object(Config\Cache), false)
#7 C:\wamp64\www\ppe-chopesgames4\public\index.php(37): CodeIgniter\CodeIgniter->run()
#8 {main}
CRITICAL - 2021-12-23 10:37:04 -->  is not a valid rule.
#0 C:\wamp64\www\ppe-chopesgames4\system\Validation\Validation.php(285): CodeIgniter\Validation\Exceptions\ValidationException::forRuleNotFound('')
#1 C:\wamp64\www\ppe-chopesgames4\system\Validation\Validation.php(151): CodeIgniter\Validation\Validation->processRules('vitrine', 'vitrine', NULL, Array, Array)
#2 C:\wamp64\www\ppe-chopesgames4\system\Controller.php(160): CodeIgniter\Validation\Validation->run()
#3 C:\wamp64\www\ppe-chopesgames4\app\Controllers\AdministrateurSuper.php(206): CodeIgniter\Controller->validate(Array)
#4 C:\wamp64\www\ppe-chopesgames4\system\CodeIgniter.php(824): App\Controllers\AdministrateurSuper->modifier_produit('1')
#5 C:\wamp64\www\ppe-chopesgames4\system\CodeIgniter.php(410): CodeIgniter\CodeIgniter->runController(Object(App\Controllers\AdministrateurSuper))
#6 C:\wamp64\www\ppe-chopesgames4\system\CodeIgniter.php(318): CodeIgniter\CodeIgniter->handleRequest(NULL, Object(Config\Cache), false)
#7 C:\wamp64\www\ppe-chopesgames4\public\index.php(37): CodeIgniter\CodeIgniter->run()
#8 {main}
CRITICAL - 2021-12-23 10:37:09 -->  is not a valid rule.
#0 C:\wamp64\www\ppe-chopesgames4\system\Validation\Validation.php(285): CodeIgniter\Validation\Exceptions\ValidationException::forRuleNotFound('')
#1 C:\wamp64\www\ppe-chopesgames4\system\Validation\Validation.php(151): CodeIgniter\Validation\Validation->processRules('vitrine', 'vitrine', NULL, Array, Array)
#2 C:\wamp64\www\ppe-chopesgames4\system\Controller.php(160): CodeIgniter\Validation\Validation->run()
#3 C:\wamp64\www\ppe-chopesgames4\app\Controllers\AdministrateurSuper.php(206): CodeIgniter\Controller->validate(Array)
#4 C:\wamp64\www\ppe-chopesgames4\system\CodeIgniter.php(824): App\Controllers\AdministrateurSuper->modifier_produit('1')
#5 C:\wamp64\www\ppe-chopesgames4\system\CodeIgniter.php(410): CodeIgniter\CodeIgniter->runController(Object(App\Controllers\AdministrateurSuper))
#6 C:\wamp64\www\ppe-chopesgames4\system\CodeIgniter.php(318): CodeIgniter\CodeIgniter->handleRequest(NULL, Object(Config\Cache), false)
#7 C:\wamp64\www\ppe-chopesgames4\public\index.php(37): CodeIgniter\CodeIgniter->run()
#8 {main}
CRITICAL - 2021-12-23 10:39:39 -->  is not a valid rule.
#0 C:\wamp64\www\ppe-chopesgames4\system\Validation\Validation.php(285): CodeIgniter\Validation\Exceptions\ValidationException::forRuleNotFound('')
#1 C:\wamp64\www\ppe-chopesgames4\system\Validation\Validation.php(151): CodeIgniter\Validation\Validation->processRules('vitrine', 'vitrine', NULL, Array, Array)
#2 C:\wamp64\www\ppe-chopesgames4\system\Controller.php(160): CodeIgniter\Validation\Validation->run()
#3 C:\wamp64\www\ppe-chopesgames4\app\Controllers\AdministrateurSuper.php(204): CodeIgniter\Controller->validate(Array)
#4 C:\wamp64\www\ppe-chopesgames4\system\CodeIgniter.php(824): App\Controllers\AdministrateurSuper->modifier_produit('1')
#5 C:\wamp64\www\ppe-chopesgames4\system\CodeIgniter.php(410): CodeIgniter\CodeIgniter->runController(Object(App\Controllers\AdministrateurSuper))
#6 C:\wamp64\www\ppe-chopesgames4\system\CodeIgniter.php(318): CodeIgniter\CodeIgniter->handleRequest(NULL, Object(Config\Cache), false)
#7 C:\wamp64\www\ppe-chopesgames4\public\index.php(37): CodeIgniter\CodeIgniter->run()
#8 {main}
CRITICAL - 2021-12-23 10:40:41 --> syntax error, unexpected 'echo' (T_ECHO), expecting function (T_FUNCTION) or const (T_CONST)
#0 C:\wamp64\www\ppe-chopesgames4\system\Router\Router.php(176): CodeIgniter\Router\Router->autoRoute('AdministrateurS...')
#1 C:\wamp64\www\ppe-chopesgames4\system\CodeIgniter.php(718): CodeIgniter\Router\Router->handle('AdministrateurS...')
#2 C:\wamp64\www\ppe-chopesgames4\system\CodeIgniter.php(359): CodeIgniter\CodeIgniter->tryToRouteIt(Object(CodeIgniter\Router\RouteCollection))
#3 C:\wamp64\www\ppe-chopesgames4\system\CodeIgniter.php(318): CodeIgniter\CodeIgniter->handleRequest(NULL, Object(Config\Cache), false)
#4 C:\wamp64\www\ppe-chopesgames4\public\index.php(37): CodeIgniter\CodeIgniter->run()
#5 {main}
CRITICAL - 2021-12-23 10:41:31 --> syntax error, unexpected 'echo' (T_ECHO), expecting function (T_FUNCTION) or const (T_CONST)
#0 C:\wamp64\www\ppe-chopesgames4\system\Router\Router.php(176): CodeIgniter\Router\Router->autoRoute('AdministrateurS...')
#1 C:\wamp64\www\ppe-chopesgames4\system\CodeIgniter.php(718): CodeIgniter\Router\Router->handle('AdministrateurS...')
#2 C:\wamp64\www\ppe-chopesgames4\system\CodeIgniter.php(359): CodeIgniter\CodeIgniter->tryToRouteIt(Object(CodeIgniter\Router\RouteCollection))
#3 C:\wamp64\www\ppe-chopesgames4\system\CodeIgniter.php(318): CodeIgniter\CodeIgniter->handleRequest(NULL, Object(Config\Cache), false)
#4 C:\wamp64\www\ppe-chopesgames4\public\index.php(37): CodeIgniter\CodeIgniter->run()
#5 {main}
CRITICAL - 2021-12-23 10:52:58 -->  is not a valid rule.
#0 C:\wamp64\www\ppe-chopesgames4\system\Validation\Validation.php(285): CodeIgniter\Validation\Exceptions\ValidationException::forRuleNotFound('')
#1 C:\wamp64\www\ppe-chopesgames4\system\Validation\Validation.php(151): CodeIgniter\Validation\Validation->processRules('vitrine', 'vitrine', NULL, Array, Array)
#2 C:\wamp64\www\ppe-chopesgames4\system\Controller.php(160): CodeIgniter\Validation\Validation->run()
#3 C:\wamp64\www\ppe-chopesgames4\app\Controllers\AdministrateurSuper.php(204): CodeIgniter\Controller->validate(Array)
#4 C:\wamp64\www\ppe-chopesgames4\system\CodeIgniter.php(824): App\Controllers\AdministrateurSuper->modifier_produit('2')
#5 C:\wamp64\www\ppe-chopesgames4\system\CodeIgniter.php(410): CodeIgniter\CodeIgniter->runController(Object(App\Controllers\AdministrateurSuper))
#6 C:\wamp64\www\ppe-chopesgames4\system\CodeIgniter.php(318): CodeIgniter\CodeIgniter->handleRequest(NULL, Object(Config\Cache), false)
#7 C:\wamp64\www\ppe-chopesgames4\public\index.php(37): CodeIgniter\CodeIgniter->run()
#8 {main}
CRITICAL - 2021-12-23 10:53:03 -->  is not a valid rule.
#0 C:\wamp64\www\ppe-chopesgames4\system\Validation\Validation.php(285): CodeIgniter\Validation\Exceptions\ValidationException::forRuleNotFound('')
#1 C:\wamp64\www\ppe-chopesgames4\system\Validation\Validation.php(151): CodeIgniter\Validation\Validation->processRules('vitrine', 'vitrine', NULL, Array, Array)
#2 C:\wamp64\www\ppe-chopesgames4\system\Controller.php(160): CodeIgniter\Validation\Validation->run()
#3 C:\wamp64\www\ppe-chopesgames4\app\Controllers\AdministrateurSuper.php(204): CodeIgniter\Controller->validate(Array)
#4 C:\wamp64\www\ppe-chopesgames4\system\CodeIgniter.php(824): App\Controllers\AdministrateurSuper->modifier_produit('2')
#5 C:\wamp64\www\ppe-chopesgames4\system\CodeIgniter.php(410): CodeIgniter\CodeIgniter->runController(Object(App\Controllers\AdministrateurSuper))
#6 C:\wamp64\www\ppe-chopesgames4\system\CodeIgniter.php(318): CodeIgniter\CodeIgniter->handleRequest(NULL, Object(Config\Cache), false)
#7 C:\wamp64\www\ppe-chopesgames4\public\index.php(37): CodeIgniter\CodeIgniter->run()
#8 {main}
CRITICAL - 2021-12-23 10:56:57 -->  is not a valid rule.
#0 C:\wamp64\www\ppe-chopesgames4\system\Validation\Validation.php(285): CodeIgniter\Validation\Exceptions\ValidationException::forRuleNotFound('')
#1 C:\wamp64\www\ppe-chopesgames4\system\Validation\Validation.php(151): CodeIgniter\Validation\Validation->processRules('vitrine', 'vitrine', NULL, Array, Array)
#2 C:\wamp64\www\ppe-chopesgames4\system\Controller.php(160): CodeIgniter\Validation\Validation->run()
#3 C:\wamp64\www\ppe-chopesgames4\app\Controllers\AdministrateurSuper.php(204): CodeIgniter\Controller->validate(Array)
#4 C:\wamp64\www\ppe-chopesgames4\system\CodeIgniter.php(824): App\Controllers\AdministrateurSuper->modifier_produit('2')
#5 C:\wamp64\www\ppe-chopesgames4\system\CodeIgniter.php(410): CodeIgniter\CodeIgniter->runController(Object(App\Controllers\AdministrateurSuper))
#6 C:\wamp64\www\ppe-chopesgames4\system\CodeIgniter.php(318): CodeIgniter\CodeIgniter->handleRequest(NULL, Object(Config\Cache), false)
#7 C:\wamp64\www\ppe-chopesgames4\public\index.php(37): CodeIgniter\CodeIgniter->run()
#8 {main}
