CRITICAL - 2022-04-14 09:05:47 --> Invalid argument supplied for foreach()
#0 C:\wamp64\www\ppe-chopesgames4\app\Views\templates\header.php(53): CodeIgniter\Debug\Exceptions->errorHandler(2, 'Invalid argumen...', 'C:\\wamp64\\www\\p...', 53, Array)
#1 C:\wamp64\www\ppe-chopesgames4\system\View\View.php(214): include('C:\\wamp64\\www\\p...')
#2 C:\wamp64\www\ppe-chopesgames4\system\View\View.php(217): CodeIgniter\View\View->CodeIgniter\View\{closure}()
#3 C:\wamp64\www\ppe-chopesgames4\system\Common.php(1097): CodeIgniter\View\View->render('templates/heade...', Array, true)
#4 C:\wamp64\www\ppe-chopesgames4\app\Controllers\AdministrateurSuper.php(408): view('templates/heade...', Array)
#5 C:\wamp64\www\ppe-chopesgames4\system\CodeIgniter.php(824): App\Controllers\AdministrateurSuper->lister_les_administrateurs()
#6 C:\wamp64\www\ppe-chopesgames4\system\CodeIgniter.php(410): CodeIgniter\CodeIgniter->runController(Object(App\Controllers\AdministrateurSuper))
#7 C:\wamp64\www\ppe-chopesgames4\system\CodeIgniter.php(318): CodeIgniter\CodeIgniter->handleRequest(NULL, Object(Config\Cache), false)
#8 C:\wamp64\www\ppe-chopesgames4\public\index.php(37): CodeIgniter\CodeIgniter->run()
#9 {main}
CRITICAL - 2022-04-14 09:07:23 --> Invalid argument supplied for foreach()
#0 C:\wamp64\www\ppe-chopesgames4\app\Views\templates\header.php(53): CodeIgniter\Debug\Exceptions->errorHandler(2, 'Invalid argumen...', 'C:\\wamp64\\www\\p...', 53, Array)
#1 C:\wamp64\www\ppe-chopesgames4\system\View\View.php(214): include('C:\\wamp64\\www\\p...')
#2 C:\wamp64\www\ppe-chopesgames4\system\View\View.php(217): CodeIgniter\View\View->CodeIgniter\View\{closure}()
#3 C:\wamp64\www\ppe-chopesgames4\system\Common.php(1097): CodeIgniter\View\View->render('templates/heade...', Array, true)
#4 C:\wamp64\www\ppe-chopesgames4\app\Controllers\AdministrateurSuper.php(408): view('templates/heade...', Array)
#5 C:\wamp64\www\ppe-chopesgames4\system\CodeIgniter.php(824): App\Controllers\AdministrateurSuper->lister_les_administrateurs()
#6 C:\wamp64\www\ppe-chopesgames4\system\CodeIgniter.php(410): CodeIgniter\CodeIgniter->runController(Object(App\Controllers\AdministrateurSuper))
#7 C:\wamp64\www\ppe-chopesgames4\system\CodeIgniter.php(318): CodeIgniter\CodeIgniter->handleRequest(NULL, Object(Config\Cache), false)
#8 C:\wamp64\www\ppe-chopesgames4\public\index.php(37): CodeIgniter\CodeIgniter->run()
#9 {main}
CRITICAL - 2022-04-14 09:07:25 --> Invalid argument supplied for foreach()
#0 C:\wamp64\www\ppe-chopesgames4\app\Views\templates\header.php(53): CodeIgniter\Debug\Exceptions->errorHandler(2, 'Invalid argumen...', 'C:\\wamp64\\www\\p...', 53, Array)
#1 C:\wamp64\www\ppe-chopesgames4\system\View\View.php(214): include('C:\\wamp64\\www\\p...')
#2 C:\wamp64\www\ppe-chopesgames4\system\View\View.php(217): CodeIgniter\View\View->CodeIgniter\View\{closure}()
#3 C:\wamp64\www\ppe-chopesgames4\system\Common.php(1097): CodeIgniter\View\View->render('templates/heade...', Array, true)
#4 C:\wamp64\www\ppe-chopesgames4\app\Controllers\AdministrateurSuper.php(408): view('templates/heade...', Array)
#5 C:\wamp64\www\ppe-chopesgames4\system\CodeIgniter.php(824): App\Controllers\AdministrateurSuper->lister_les_administrateurs()
#6 C:\wamp64\www\ppe-chopesgames4\system\CodeIgniter.php(410): CodeIgniter\CodeIgniter->runController(Object(App\Controllers\AdministrateurSuper))
#7 C:\wamp64\www\ppe-chopesgames4\system\CodeIgniter.php(318): CodeIgniter\CodeIgniter->handleRequest(NULL, Object(Config\Cache), false)
#8 C:\wamp64\www\ppe-chopesgames4\public\index.php(37): CodeIgniter\CodeIgniter->run()
#9 {main}
CRITICAL - 2022-04-14 09:08:08 --> Invalid argument supplied for foreach()
#0 C:\wamp64\www\ppe-chopesgames4\app\Views\templates\header.php(53): CodeIgniter\Debug\Exceptions->errorHandler(2, 'Invalid argumen...', 'C:\\wamp64\\www\\p...', 53, Array)
#1 C:\wamp64\www\ppe-chopesgames4\system\View\View.php(214): include('C:\\wamp64\\www\\p...')
#2 C:\wamp64\www\ppe-chopesgames4\system\View\View.php(217): CodeIgniter\View\View->CodeIgniter\View\{closure}()
#3 C:\wamp64\www\ppe-chopesgames4\system\Common.php(1097): CodeIgniter\View\View->render('templates/heade...', Array, true)
#4 C:\wamp64\www\ppe-chopesgames4\app\Controllers\AdministrateurSuper.php(408): view('templates/heade...', Array)
#5 C:\wamp64\www\ppe-chopesgames4\system\CodeIgniter.php(824): App\Controllers\AdministrateurSuper->lister_les_administrateurs()
#6 C:\wamp64\www\ppe-chopesgames4\system\CodeIgniter.php(410): CodeIgniter\CodeIgniter->runController(Object(App\Controllers\AdministrateurSuper))
#7 C:\wamp64\www\ppe-chopesgames4\system\CodeIgniter.php(318): CodeIgniter\CodeIgniter->handleRequest(NULL, Object(Config\Cache), false)
#8 C:\wamp64\www\ppe-chopesgames4\public\index.php(37): CodeIgniter\CodeIgniter->run()
#9 {main}
CRITICAL - 2022-04-14 09:09:22 --> Invalid argument supplied for foreach()
#0 C:\wamp64\www\ppe-chopesgames4\app\Views\templates\header.php(53): CodeIgniter\Debug\Exceptions->errorHandler(2, 'Invalid argumen...', 'C:\\wamp64\\www\\p...', 53, Array)
#1 C:\wamp64\www\ppe-chopesgames4\system\View\View.php(214): include('C:\\wamp64\\www\\p...')
#2 C:\wamp64\www\ppe-chopesgames4\system\View\View.php(217): CodeIgniter\View\View->CodeIgniter\View\{closure}()
#3 C:\wamp64\www\ppe-chopesgames4\system\Common.php(1097): CodeIgniter\View\View->render('templates/heade...', Array, true)
#4 C:\wamp64\www\ppe-chopesgames4\app\Controllers\AdministrateurSuper.php(408): view('templates/heade...', Array)
#5 C:\wamp64\www\ppe-chopesgames4\system\CodeIgniter.php(824): App\Controllers\AdministrateurSuper->lister_les_administrateurs()
#6 C:\wamp64\www\ppe-chopesgames4\system\CodeIgniter.php(410): CodeIgniter\CodeIgniter->runController(Object(App\Controllers\AdministrateurSuper))
#7 C:\wamp64\www\ppe-chopesgames4\system\CodeIgniter.php(318): CodeIgniter\CodeIgniter->handleRequest(NULL, Object(Config\Cache), false)
#8 C:\wamp64\www\ppe-chopesgames4\public\index.php(37): CodeIgniter\CodeIgniter->run()
#9 {main}
CRITICAL - 2022-04-14 09:09:34 --> Invalid argument supplied for foreach()
#0 C:\wamp64\www\ppe-chopesgames4\app\Views\templates\header.php(53): CodeIgniter\Debug\Exceptions->errorHandler(2, 'Invalid argumen...', 'C:\\wamp64\\www\\p...', 53, Array)
#1 C:\wamp64\www\ppe-chopesgames4\system\View\View.php(214): include('C:\\wamp64\\www\\p...')
#2 C:\wamp64\www\ppe-chopesgames4\system\View\View.php(217): CodeIgniter\View\View->CodeIgniter\View\{closure}()
#3 C:\wamp64\www\ppe-chopesgames4\system\Common.php(1097): CodeIgniter\View\View->render('templates/heade...', Array, true)
#4 C:\wamp64\www\ppe-chopesgames4\app\Controllers\AdministrateurSuper.php(408): view('templates/heade...', Array)
#5 C:\wamp64\www\ppe-chopesgames4\system\CodeIgniter.php(824): App\Controllers\AdministrateurSuper->lister_les_administrateurs()
#6 C:\wamp64\www\ppe-chopesgames4\system\CodeIgniter.php(410): CodeIgniter\CodeIgniter->runController(Object(App\Controllers\AdministrateurSuper))
#7 C:\wamp64\www\ppe-chopesgames4\system\CodeIgniter.php(318): CodeIgniter\CodeIgniter->handleRequest(NULL, Object(Config\Cache), false)
#8 C:\wamp64\www\ppe-chopesgames4\public\index.php(37): CodeIgniter\CodeIgniter->run()
#9 {main}
CRITICAL - 2022-04-14 09:10:23 --> Invalid argument supplied for foreach()
#0 C:\wamp64\www\ppe-chopesgames4\app\Views\templates\header.php(53): CodeIgniter\Debug\Exceptions->errorHandler(2, 'Invalid argumen...', 'C:\\wamp64\\www\\p...', 53, Array)
#1 C:\wamp64\www\ppe-chopesgames4\system\View\View.php(214): include('C:\\wamp64\\www\\p...')
#2 C:\wamp64\www\ppe-chopesgames4\system\View\View.php(217): CodeIgniter\View\View->CodeIgniter\View\{closure}()
#3 C:\wamp64\www\ppe-chopesgames4\system\Common.php(1097): CodeIgniter\View\View->render('templates/heade...', Array, true)
#4 C:\wamp64\www\ppe-chopesgames4\app\Controllers\AdministrateurSuper.php(408): view('templates/heade...', Array)
#5 C:\wamp64\www\ppe-chopesgames4\system\CodeIgniter.php(824): App\Controllers\AdministrateurSuper->lister_les_administrateurs()
#6 C:\wamp64\www\ppe-chopesgames4\system\CodeIgniter.php(410): CodeIgniter\CodeIgniter->runController(Object(App\Controllers\AdministrateurSuper))
#7 C:\wamp64\www\ppe-chopesgames4\system\CodeIgniter.php(318): CodeIgniter\CodeIgniter->handleRequest(NULL, Object(Config\Cache), false)
#8 C:\wamp64\www\ppe-chopesgames4\public\index.php(37): CodeIgniter\CodeIgniter->run()
#9 {main}
CRITICAL - 2022-04-14 09:11:44 --> Invalid argument supplied for foreach()
#0 C:\wamp64\www\ppe-chopesgames4\app\Views\templates\header.php(53): CodeIgniter\Debug\Exceptions->errorHandler(2, 'Invalid argumen...', 'C:\\wamp64\\www\\p...', 53, Array)
#1 C:\wamp64\www\ppe-chopesgames4\system\View\View.php(214): include('C:\\wamp64\\www\\p...')
#2 C:\wamp64\www\ppe-chopesgames4\system\View\View.php(217): CodeIgniter\View\View->CodeIgniter\View\{closure}()
#3 C:\wamp64\www\ppe-chopesgames4\system\Common.php(1097): CodeIgniter\View\View->render('templates/heade...', Array, true)
#4 C:\wamp64\www\ppe-chopesgames4\app\Controllers\AdministrateurSuper.php(408): view('templates/heade...', Array)
#5 C:\wamp64\www\ppe-chopesgames4\system\CodeIgniter.php(824): App\Controllers\AdministrateurSuper->lister_les_administrateurs()
#6 C:\wamp64\www\ppe-chopesgames4\system\CodeIgniter.php(410): CodeIgniter\CodeIgniter->runController(Object(App\Controllers\AdministrateurSuper))
#7 C:\wamp64\www\ppe-chopesgames4\system\CodeIgniter.php(318): CodeIgniter\CodeIgniter->handleRequest(NULL, Object(Config\Cache), false)
#8 C:\wamp64\www\ppe-chopesgames4\public\index.php(37): CodeIgniter\CodeIgniter->run()
#9 {main}
CRITICAL - 2022-04-14 09:12:48 --> Invalid argument supplied for foreach()
#0 C:\wamp64\www\ppe-chopesgames4\app\Views\templates\header.php(53): CodeIgniter\Debug\Exceptions->errorHandler(2, 'Invalid argumen...', 'C:\\wamp64\\www\\p...', 53, Array)
#1 C:\wamp64\www\ppe-chopesgames4\system\View\View.php(214): include('C:\\wamp64\\www\\p...')
#2 C:\wamp64\www\ppe-chopesgames4\system\View\View.php(217): CodeIgniter\View\View->CodeIgniter\View\{closure}()
#3 C:\wamp64\www\ppe-chopesgames4\system\Common.php(1097): CodeIgniter\View\View->render('templates/heade...', Array, true)
#4 C:\wamp64\www\ppe-chopesgames4\app\Controllers\AdministrateurSuper.php(408): view('templates/heade...', Array)
#5 C:\wamp64\www\ppe-chopesgames4\system\CodeIgniter.php(824): App\Controllers\AdministrateurSuper->lister_les_administrateurs()
#6 C:\wamp64\www\ppe-chopesgames4\system\CodeIgniter.php(410): CodeIgniter\CodeIgniter->runController(Object(App\Controllers\AdministrateurSuper))
#7 C:\wamp64\www\ppe-chopesgames4\system\CodeIgniter.php(318): CodeIgniter\CodeIgniter->handleRequest(NULL, Object(Config\Cache), false)
#8 C:\wamp64\www\ppe-chopesgames4\public\index.php(37): CodeIgniter\CodeIgniter->run()
#9 {main}
CRITICAL - 2022-04-14 09:13:42 --> Invalid argument supplied for foreach()
#0 C:\wamp64\www\ppe-chopesgames4\app\Views\templates\header.php(53): CodeIgniter\Debug\Exceptions->errorHandler(2, 'Invalid argumen...', 'C:\\wamp64\\www\\p...', 53, Array)
#1 C:\wamp64\www\ppe-chopesgames4\system\View\View.php(214): include('C:\\wamp64\\www\\p...')
#2 C:\wamp64\www\ppe-chopesgames4\system\View\View.php(217): CodeIgniter\View\View->CodeIgniter\View\{closure}()
#3 C:\wamp64\www\ppe-chopesgames4\system\Common.php(1097): CodeIgniter\View\View->render('templates/heade...', Array, true)
#4 C:\wamp64\www\ppe-chopesgames4\app\Controllers\AdministrateurSuper.php(408): view('templates/heade...', Array)
#5 C:\wamp64\www\ppe-chopesgames4\system\CodeIgniter.php(824): App\Controllers\AdministrateurSuper->lister_les_administrateurs()
#6 C:\wamp64\www\ppe-chopesgames4\system\CodeIgniter.php(410): CodeIgniter\CodeIgniter->runController(Object(App\Controllers\AdministrateurSuper))
#7 C:\wamp64\www\ppe-chopesgames4\system\CodeIgniter.php(318): CodeIgniter\CodeIgniter->handleRequest(NULL, Object(Config\Cache), false)
#8 C:\wamp64\www\ppe-chopesgames4\public\index.php(37): CodeIgniter\CodeIgniter->run()
#9 {main}
CRITICAL - 2022-04-14 09:14:02 --> Invalid argument supplied for foreach()
#0 C:\wamp64\www\ppe-chopesgames4\app\Views\templates\header.php(53): CodeIgniter\Debug\Exceptions->errorHandler(2, 'Invalid argumen...', 'C:\\wamp64\\www\\p...', 53, Array)
#1 C:\wamp64\www\ppe-chopesgames4\system\View\View.php(214): include('C:\\wamp64\\www\\p...')
#2 C:\wamp64\www\ppe-chopesgames4\system\View\View.php(217): CodeIgniter\View\View->CodeIgniter\View\{closure}()
#3 C:\wamp64\www\ppe-chopesgames4\system\Common.php(1097): CodeIgniter\View\View->render('templates/heade...', Array, true)
#4 C:\wamp64\www\ppe-chopesgames4\app\Controllers\AdministrateurSuper.php(408): view('templates/heade...', Array)
#5 C:\wamp64\www\ppe-chopesgames4\system\CodeIgniter.php(824): App\Controllers\AdministrateurSuper->lister_les_administrateurs()
#6 C:\wamp64\www\ppe-chopesgames4\system\CodeIgniter.php(410): CodeIgniter\CodeIgniter->runController(Object(App\Controllers\AdministrateurSuper))
#7 C:\wamp64\www\ppe-chopesgames4\system\CodeIgniter.php(318): CodeIgniter\CodeIgniter->handleRequest(NULL, Object(Config\Cache), false)
#8 C:\wamp64\www\ppe-chopesgames4\public\index.php(37): CodeIgniter\CodeIgniter->run()
#9 {main}
CRITICAL - 2022-04-14 09:14:26 --> Invalid argument supplied for foreach()
#0 C:\wamp64\www\ppe-chopesgames4\app\Views\templates\header.php(53): CodeIgniter\Debug\Exceptions->errorHandler(2, 'Invalid argumen...', 'C:\\wamp64\\www\\p...', 53, Array)
#1 C:\wamp64\www\ppe-chopesgames4\system\View\View.php(214): include('C:\\wamp64\\www\\p...')
#2 C:\wamp64\www\ppe-chopesgames4\system\View\View.php(217): CodeIgniter\View\View->CodeIgniter\View\{closure}()
#3 C:\wamp64\www\ppe-chopesgames4\system\Common.php(1097): CodeIgniter\View\View->render('templates/heade...', Array, true)
#4 C:\wamp64\www\ppe-chopesgames4\app\Controllers\AdministrateurSuper.php(408): view('templates/heade...', Array)
#5 C:\wamp64\www\ppe-chopesgames4\system\CodeIgniter.php(824): App\Controllers\AdministrateurSuper->lister_les_administrateurs()
#6 C:\wamp64\www\ppe-chopesgames4\system\CodeIgniter.php(410): CodeIgniter\CodeIgniter->runController(Object(App\Controllers\AdministrateurSuper))
#7 C:\wamp64\www\ppe-chopesgames4\system\CodeIgniter.php(318): CodeIgniter\CodeIgniter->handleRequest(NULL, Object(Config\Cache), false)
#8 C:\wamp64\www\ppe-chopesgames4\public\index.php(37): CodeIgniter\CodeIgniter->run()
#9 {main}
CRITICAL - 2022-04-14 09:14:39 --> Invalid argument supplied for foreach()
#0 C:\wamp64\www\ppe-chopesgames4\app\Views\templates\header.php(53): CodeIgniter\Debug\Exceptions->errorHandler(2, 'Invalid argumen...', 'C:\\wamp64\\www\\p...', 53, Array)
#1 C:\wamp64\www\ppe-chopesgames4\system\View\View.php(214): include('C:\\wamp64\\www\\p...')
#2 C:\wamp64\www\ppe-chopesgames4\system\View\View.php(217): CodeIgniter\View\View->CodeIgniter\View\{closure}()
#3 C:\wamp64\www\ppe-chopesgames4\system\Common.php(1097): CodeIgniter\View\View->render('templates/heade...', Array, true)
#4 C:\wamp64\www\ppe-chopesgames4\app\Controllers\AdministrateurSuper.php(408): view('templates/heade...', Array)
#5 C:\wamp64\www\ppe-chopesgames4\system\CodeIgniter.php(824): App\Controllers\AdministrateurSuper->lister_les_administrateurs()
#6 C:\wamp64\www\ppe-chopesgames4\system\CodeIgniter.php(410): CodeIgniter\CodeIgniter->runController(Object(App\Controllers\AdministrateurSuper))
#7 C:\wamp64\www\ppe-chopesgames4\system\CodeIgniter.php(318): CodeIgniter\CodeIgniter->handleRequest(NULL, Object(Config\Cache), false)
#8 C:\wamp64\www\ppe-chopesgames4\public\index.php(37): CodeIgniter\CodeIgniter->run()
#9 {main}
CRITICAL - 2022-04-14 09:15:49 --> Invalid argument supplied for foreach()
#0 C:\wamp64\www\ppe-chopesgames4\app\Views\templates\header.php(53): CodeIgniter\Debug\Exceptions->errorHandler(2, 'Invalid argumen...', 'C:\\wamp64\\www\\p...', 53, Array)
#1 C:\wamp64\www\ppe-chopesgames4\system\View\View.php(214): include('C:\\wamp64\\www\\p...')
#2 C:\wamp64\www\ppe-chopesgames4\system\View\View.php(217): CodeIgniter\View\View->CodeIgniter\View\{closure}()
#3 C:\wamp64\www\ppe-chopesgames4\system\Common.php(1097): CodeIgniter\View\View->render('templates/heade...', Array, true)
#4 C:\wamp64\www\ppe-chopesgames4\app\Controllers\AdministrateurSuper.php(408): view('templates/heade...', Array)
#5 C:\wamp64\www\ppe-chopesgames4\system\CodeIgniter.php(824): App\Controllers\AdministrateurSuper->lister_les_administrateurs()
#6 C:\wamp64\www\ppe-chopesgames4\system\CodeIgniter.php(410): CodeIgniter\CodeIgniter->runController(Object(App\Controllers\AdministrateurSuper))
#7 C:\wamp64\www\ppe-chopesgames4\system\CodeIgniter.php(318): CodeIgniter\CodeIgniter->handleRequest(NULL, Object(Config\Cache), false)
#8 C:\wamp64\www\ppe-chopesgames4\public\index.php(37): CodeIgniter\CodeIgniter->run()
#9 {main}
CRITICAL - 2022-04-14 09:16:47 --> Invalid argument supplied for foreach()
#0 C:\wamp64\www\ppe-chopesgames4\app\Views\templates\header.php(53): CodeIgniter\Debug\Exceptions->errorHandler(2, 'Invalid argumen...', 'C:\\wamp64\\www\\p...', 53, Array)
#1 C:\wamp64\www\ppe-chopesgames4\system\View\View.php(214): include('C:\\wamp64\\www\\p...')
#2 C:\wamp64\www\ppe-chopesgames4\system\View\View.php(217): CodeIgniter\View\View->CodeIgniter\View\{closure}()
#3 C:\wamp64\www\ppe-chopesgames4\system\Common.php(1097): CodeIgniter\View\View->render('templates/heade...', Array, true)
#4 C:\wamp64\www\ppe-chopesgames4\app\Controllers\AdministrateurSuper.php(408): view('templates/heade...', Array)
#5 C:\wamp64\www\ppe-chopesgames4\system\CodeIgniter.php(824): App\Controllers\AdministrateurSuper->lister_les_administrateurs()
#6 C:\wamp64\www\ppe-chopesgames4\system\CodeIgniter.php(410): CodeIgniter\CodeIgniter->runController(Object(App\Controllers\AdministrateurSuper))
#7 C:\wamp64\www\ppe-chopesgames4\system\CodeIgniter.php(318): CodeIgniter\CodeIgniter->handleRequest(NULL, Object(Config\Cache), false)
#8 C:\wamp64\www\ppe-chopesgames4\public\index.php(37): CodeIgniter\CodeIgniter->run()
#9 {main}
CRITICAL - 2022-04-14 09:17:25 --> Invalid argument supplied for foreach()
#0 C:\wamp64\www\ppe-chopesgames4\app\Views\templates\header.php(53): CodeIgniter\Debug\Exceptions->errorHandler(2, 'Invalid argumen...', 'C:\\wamp64\\www\\p...', 53, Array)
#1 C:\wamp64\www\ppe-chopesgames4\system\View\View.php(214): include('C:\\wamp64\\www\\p...')
#2 C:\wamp64\www\ppe-chopesgames4\system\View\View.php(217): CodeIgniter\View\View->CodeIgniter\View\{closure}()
#3 C:\wamp64\www\ppe-chopesgames4\system\Common.php(1097): CodeIgniter\View\View->render('templates/heade...', Array, true)
#4 C:\wamp64\www\ppe-chopesgames4\app\Controllers\AdministrateurSuper.php(408): view('templates/heade...', Array)
#5 C:\wamp64\www\ppe-chopesgames4\system\CodeIgniter.php(824): App\Controllers\AdministrateurSuper->lister_les_administrateurs()
#6 C:\wamp64\www\ppe-chopesgames4\system\CodeIgniter.php(410): CodeIgniter\CodeIgniter->runController(Object(App\Controllers\AdministrateurSuper))
#7 C:\wamp64\www\ppe-chopesgames4\system\CodeIgniter.php(318): CodeIgniter\CodeIgniter->handleRequest(NULL, Object(Config\Cache), false)
#8 C:\wamp64\www\ppe-chopesgames4\public\index.php(37): CodeIgniter\CodeIgniter->run()
#9 {main}
CRITICAL - 2022-04-14 09:18:40 --> Invalid argument supplied for foreach()
#0 C:\wamp64\www\ppe-chopesgames4\app\Views\templates\header.php(53): CodeIgniter\Debug\Exceptions->errorHandler(2, 'Invalid argumen...', 'C:\\wamp64\\www\\p...', 53, Array)
#1 C:\wamp64\www\ppe-chopesgames4\system\View\View.php(214): include('C:\\wamp64\\www\\p...')
#2 C:\wamp64\www\ppe-chopesgames4\system\View\View.php(217): CodeIgniter\View\View->CodeIgniter\View\{closure}()
#3 C:\wamp64\www\ppe-chopesgames4\system\Common.php(1097): CodeIgniter\View\View->render('templates/heade...', Array, true)
#4 C:\wamp64\www\ppe-chopesgames4\app\Controllers\AdministrateurSuper.php(408): view('templates/heade...', Array)
#5 C:\wamp64\www\ppe-chopesgames4\system\CodeIgniter.php(824): App\Controllers\AdministrateurSuper->lister_les_administrateurs()
#6 C:\wamp64\www\ppe-chopesgames4\system\CodeIgniter.php(410): CodeIgniter\CodeIgniter->runController(Object(App\Controllers\AdministrateurSuper))
#7 C:\wamp64\www\ppe-chopesgames4\system\CodeIgniter.php(318): CodeIgniter\CodeIgniter->handleRequest(NULL, Object(Config\Cache), false)
#8 C:\wamp64\www\ppe-chopesgames4\public\index.php(37): CodeIgniter\CodeIgniter->run()
#9 {main}
CRITICAL - 2022-04-14 09:23:46 --> Invalid argument supplied for foreach()
#0 C:\wamp64\www\ppe-chopesgames4\app\Views\templates\header.php(53): CodeIgniter\Debug\Exceptions->errorHandler(2, 'Invalid argumen...', 'C:\\wamp64\\www\\p...', 53, Array)
#1 C:\wamp64\www\ppe-chopesgames4\system\View\View.php(214): include('C:\\wamp64\\www\\p...')
#2 C:\wamp64\www\ppe-chopesgames4\system\View\View.php(217): CodeIgniter\View\View->CodeIgniter\View\{closure}()
#3 C:\wamp64\www\ppe-chopesgames4\system\Common.php(1097): CodeIgniter\View\View->render('templates/heade...', Array, true)
#4 C:\wamp64\www\ppe-chopesgames4\app\Controllers\AdministrateurSuper.php(408): view('templates/heade...', Array)
#5 C:\wamp64\www\ppe-chopesgames4\system\CodeIgniter.php(824): App\Controllers\AdministrateurSuper->lister_les_administrateurs()
#6 C:\wamp64\www\ppe-chopesgames4\system\CodeIgniter.php(410): CodeIgniter\CodeIgniter->runController(Object(App\Controllers\AdministrateurSuper))
#7 C:\wamp64\www\ppe-chopesgames4\system\CodeIgniter.php(318): CodeIgniter\CodeIgniter->handleRequest(NULL, Object(Config\Cache), false)
#8 C:\wamp64\www\ppe-chopesgames4\public\index.php(37): CodeIgniter\CodeIgniter->run()
#9 {main}
CRITICAL - 2022-04-14 09:25:41 --> Invalid argument supplied for foreach()
#0 C:\wamp64\www\ppe-chopesgames4\app\Views\templates\header.php(53): CodeIgniter\Debug\Exceptions->errorHandler(2, 'Invalid argumen...', 'C:\\wamp64\\www\\p...', 53, Array)
#1 C:\wamp64\www\ppe-chopesgames4\system\View\View.php(214): include('C:\\wamp64\\www\\p...')
#2 C:\wamp64\www\ppe-chopesgames4\system\View\View.php(217): CodeIgniter\View\View->CodeIgniter\View\{closure}()
#3 C:\wamp64\www\ppe-chopesgames4\system\Common.php(1097): CodeIgniter\View\View->render('templates/heade...', Array, true)
#4 C:\wamp64\www\ppe-chopesgames4\app\Controllers\AdministrateurSuper.php(408): view('templates/heade...', Array)
#5 C:\wamp64\www\ppe-chopesgames4\system\CodeIgniter.php(824): App\Controllers\AdministrateurSuper->lister_les_administrateurs()
#6 C:\wamp64\www\ppe-chopesgames4\system\CodeIgniter.php(410): CodeIgniter\CodeIgniter->runController(Object(App\Controllers\AdministrateurSuper))
#7 C:\wamp64\www\ppe-chopesgames4\system\CodeIgniter.php(318): CodeIgniter\CodeIgniter->handleRequest(NULL, Object(Config\Cache), false)
#8 C:\wamp64\www\ppe-chopesgames4\public\index.php(37): CodeIgniter\CodeIgniter->run()
#9 {main}
CRITICAL - 2022-04-14 09:27:34 --> Invalid argument supplied for foreach()
#0 C:\wamp64\www\ppe-chopesgames4\app\Views\templates\header.php(53): CodeIgniter\Debug\Exceptions->errorHandler(2, 'Invalid argumen...', 'C:\\wamp64\\www\\p...', 53, Array)
#1 C:\wamp64\www\ppe-chopesgames4\system\View\View.php(214): include('C:\\wamp64\\www\\p...')
#2 C:\wamp64\www\ppe-chopesgames4\system\View\View.php(217): CodeIgniter\View\View->CodeIgniter\View\{closure}()
#3 C:\wamp64\www\ppe-chopesgames4\system\Common.php(1097): CodeIgniter\View\View->render('templates/heade...', Array, true)
#4 C:\wamp64\www\ppe-chopesgames4\app\Controllers\AdministrateurSuper.php(408): view('templates/heade...', Array)
#5 C:\wamp64\www\ppe-chopesgames4\system\CodeIgniter.php(824): App\Controllers\AdministrateurSuper->lister_les_administrateurs()
#6 C:\wamp64\www\ppe-chopesgames4\system\CodeIgniter.php(410): CodeIgniter\CodeIgniter->runController(Object(App\Controllers\AdministrateurSuper))
#7 C:\wamp64\www\ppe-chopesgames4\system\CodeIgniter.php(318): CodeIgniter\CodeIgniter->handleRequest(NULL, Object(Config\Cache), false)
#8 C:\wamp64\www\ppe-chopesgames4\public\index.php(37): CodeIgniter\CodeIgniter->run()
#9 {main}
CRITICAL - 2022-04-14 09:30:41 --> Invalid argument supplied for foreach()
#0 C:\wamp64\www\ppe-chopesgames4\app\Views\templates\header.php(53): CodeIgniter\Debug\Exceptions->errorHandler(2, 'Invalid argumen...', 'C:\\wamp64\\www\\p...', 53, Array)
#1 C:\wamp64\www\ppe-chopesgames4\system\View\View.php(214): include('C:\\wamp64\\www\\p...')
#2 C:\wamp64\www\ppe-chopesgames4\system\View\View.php(217): CodeIgniter\View\View->CodeIgniter\View\{closure}()
#3 C:\wamp64\www\ppe-chopesgames4\system\Common.php(1097): CodeIgniter\View\View->render('templates/heade...', Array, true)
#4 C:\wamp64\www\ppe-chopesgames4\app\Controllers\AdministrateurSuper.php(408): view('templates/heade...', Array)
#5 C:\wamp64\www\ppe-chopesgames4\system\CodeIgniter.php(824): App\Controllers\AdministrateurSuper->lister_les_administrateurs()
#6 C:\wamp64\www\ppe-chopesgames4\system\CodeIgniter.php(410): CodeIgniter\CodeIgniter->runController(Object(App\Controllers\AdministrateurSuper))
#7 C:\wamp64\www\ppe-chopesgames4\system\CodeIgniter.php(318): CodeIgniter\CodeIgniter->handleRequest(NULL, Object(Config\Cache), false)
#8 C:\wamp64\www\ppe-chopesgames4\public\index.php(37): CodeIgniter\CodeIgniter->run()
#9 {main}
CRITICAL - 2022-04-14 09:31:06 --> Invalid argument supplied for foreach()
#0 C:\wamp64\www\ppe-chopesgames4\app\Views\templates\header.php(53): CodeIgniter\Debug\Exceptions->errorHandler(2, 'Invalid argumen...', 'C:\\wamp64\\www\\p...', 53, Array)
#1 C:\wamp64\www\ppe-chopesgames4\system\View\View.php(214): include('C:\\wamp64\\www\\p...')
#2 C:\wamp64\www\ppe-chopesgames4\system\View\View.php(217): CodeIgniter\View\View->CodeIgniter\View\{closure}()
#3 C:\wamp64\www\ppe-chopesgames4\system\Common.php(1097): CodeIgniter\View\View->render('templates/heade...', Array, true)
#4 C:\wamp64\www\ppe-chopesgames4\app\Controllers\AdministrateurSuper.php(408): view('templates/heade...', Array)
#5 C:\wamp64\www\ppe-chopesgames4\system\CodeIgniter.php(824): App\Controllers\AdministrateurSuper->lister_les_administrateurs()
#6 C:\wamp64\www\ppe-chopesgames4\system\CodeIgniter.php(410): CodeIgniter\CodeIgniter->runController(Object(App\Controllers\AdministrateurSuper))
#7 C:\wamp64\www\ppe-chopesgames4\system\CodeIgniter.php(318): CodeIgniter\CodeIgniter->handleRequest(NULL, Object(Config\Cache), false)
#8 C:\wamp64\www\ppe-chopesgames4\public\index.php(37): CodeIgniter\CodeIgniter->run()
#9 {main}
CRITICAL - 2022-04-14 09:31:27 --> Invalid argument supplied for foreach()
#0 C:\wamp64\www\ppe-chopesgames4\app\Views\templates\header.php(53): CodeIgniter\Debug\Exceptions->errorHandler(2, 'Invalid argumen...', 'C:\\wamp64\\www\\p...', 53, Array)
#1 C:\wamp64\www\ppe-chopesgames4\system\View\View.php(214): include('C:\\wamp64\\www\\p...')
#2 C:\wamp64\www\ppe-chopesgames4\system\View\View.php(217): CodeIgniter\View\View->CodeIgniter\View\{closure}()
#3 C:\wamp64\www\ppe-chopesgames4\system\Common.php(1097): CodeIgniter\View\View->render('templates/heade...', Array, true)
#4 C:\wamp64\www\ppe-chopesgames4\app\Controllers\AdministrateurSuper.php(408): view('templates/heade...', Array)
#5 C:\wamp64\www\ppe-chopesgames4\system\CodeIgniter.php(824): App\Controllers\AdministrateurSuper->lister_les_administrateurs()
#6 C:\wamp64\www\ppe-chopesgames4\system\CodeIgniter.php(410): CodeIgniter\CodeIgniter->runController(Object(App\Controllers\AdministrateurSuper))
#7 C:\wamp64\www\ppe-chopesgames4\system\CodeIgniter.php(318): CodeIgniter\CodeIgniter->handleRequest(NULL, Object(Config\Cache), false)
#8 C:\wamp64\www\ppe-chopesgames4\public\index.php(37): CodeIgniter\CodeIgniter->run()
#9 {main}
CRITICAL - 2022-04-14 09:31:46 --> Invalid argument supplied for foreach()
#0 C:\wamp64\www\ppe-chopesgames4\app\Views\AdministrateurSuper\lister_les_administrateurs.php(8): CodeIgniter\Debug\Exceptions->errorHandler(2, 'Invalid argumen...', 'C:\\wamp64\\www\\p...', 8, Array)
#1 C:\wamp64\www\ppe-chopesgames4\system\View\View.php(214): include('C:\\wamp64\\www\\p...')
#2 C:\wamp64\www\ppe-chopesgames4\system\View\View.php(217): CodeIgniter\View\View->CodeIgniter\View\{closure}()
#3 C:\wamp64\www\ppe-chopesgames4\system\Common.php(1097): CodeIgniter\View\View->render('AdministrateurS...', Array, true)
#4 C:\wamp64\www\ppe-chopesgames4\app\Controllers\AdministrateurSuper.php(409): view('AdministrateurS...')
#5 C:\wamp64\www\ppe-chopesgames4\system\CodeIgniter.php(824): App\Controllers\AdministrateurSuper->lister_les_administrateurs()
#6 C:\wamp64\www\ppe-chopesgames4\system\CodeIgniter.php(410): CodeIgniter\CodeIgniter->runController(Object(App\Controllers\AdministrateurSuper))
#7 C:\wamp64\www\ppe-chopesgames4\system\CodeIgniter.php(318): CodeIgniter\CodeIgniter->handleRequest(NULL, Object(Config\Cache), false)
#8 C:\wamp64\www\ppe-chopesgames4\public\index.php(37): CodeIgniter\CodeIgniter->run()
#9 {main}
CRITICAL - 2022-04-14 09:34:17 --> Invalid argument supplied for foreach()
#0 C:\wamp64\www\ppe-chopesgames4\app\Views\AdministrateurSuper\lister_les_administrateurs.php(8): CodeIgniter\Debug\Exceptions->errorHandler(2, 'Invalid argumen...', 'C:\\wamp64\\www\\p...', 8, Array)
#1 C:\wamp64\www\ppe-chopesgames4\system\View\View.php(214): include('C:\\wamp64\\www\\p...')
#2 C:\wamp64\www\ppe-chopesgames4\system\View\View.php(217): CodeIgniter\View\View->CodeIgniter\View\{closure}()
#3 C:\wamp64\www\ppe-chopesgames4\system\Common.php(1097): CodeIgniter\View\View->render('AdministrateurS...', Array, true)
#4 C:\wamp64\www\ppe-chopesgames4\app\Controllers\AdministrateurSuper.php(409): view('AdministrateurS...')
#5 C:\wamp64\www\ppe-chopesgames4\system\CodeIgniter.php(824): App\Controllers\AdministrateurSuper->lister_les_administrateurs()
#6 C:\wamp64\www\ppe-chopesgames4\system\CodeIgniter.php(410): CodeIgniter\CodeIgniter->runController(Object(App\Controllers\AdministrateurSuper))
#7 C:\wamp64\www\ppe-chopesgames4\system\CodeIgniter.php(318): CodeIgniter\CodeIgniter->handleRequest(NULL, Object(Config\Cache), false)
#8 C:\wamp64\www\ppe-chopesgames4\public\index.php(37): CodeIgniter\CodeIgniter->run()
#9 {main}
ERROR - 2022-04-14 09:39:33 --> La table 'baseblog.administrateur' n'existe pas
CRITICAL - 2022-04-14 09:39:33 --> La table 'baseblog.administrateur' n'existe pas
#0 C:\wamp64\www\ppe-chopesgames4\system\Database\MySQLi\Connection.php(292): mysqli->query('SELECT *\nFROM `...', 0)
#1 C:\wamp64\www\ppe-chopesgames4\system\Database\BaseConnection.php(670): CodeIgniter\Database\MySQLi\Connection->execute('SELECT *\nFROM `...')
#2 C:\wamp64\www\ppe-chopesgames4\system\Database\BaseConnection.php(598): CodeIgniter\Database\BaseConnection->simpleQuery('SELECT *\nFROM `...')
#3 C:\wamp64\www\ppe-chopesgames4\system\Database\BaseBuilder.php(1443): CodeIgniter\Database\BaseConnection->query('SELECT *\nFROM `...', Array, false)
#4 C:\wamp64\www\ppe-chopesgames4\system\Model.php(183): CodeIgniter\Database\BaseBuilder->get()
#5 C:\wamp64\www\ppe-chopesgames4\system\BaseModel.php(584): CodeIgniter\Model->doFindAll(0, 0)
#6 C:\wamp64\www\ppe-chopesgames4\app\Models\ModeleAdministrateur.php(30): CodeIgniter\BaseModel->findAll()
#7 C:\wamp64\www\ppe-chopesgames4\app\Controllers\AdministrateurSuper.php(406): App\Models\ModeleAdministrateur->retourner_administrateurs_employes()
#8 C:\wamp64\www\ppe-chopesgames4\system\CodeIgniter.php(824): App\Controllers\AdministrateurSuper->lister_les_administrateurs()
#9 C:\wamp64\www\ppe-chopesgames4\system\CodeIgniter.php(410): CodeIgniter\CodeIgniter->runController(Object(App\Controllers\AdministrateurSuper))
#10 C:\wamp64\www\ppe-chopesgames4\system\CodeIgniter.php(318): CodeIgniter\CodeIgniter->handleRequest(NULL, Object(Config\Cache), false)
#11 C:\wamp64\www\ppe-chopesgames4\public\index.php(37): CodeIgniter\CodeIgniter->run()
#12 {main}
CRITICAL - 2022-04-14 09:41:00 --> Undefined variable: admins
#0 C:\wamp64\www\ppe-chopesgames4\app\Views\AdministrateurSuper\lister_les_administrateurs.php(7): CodeIgniter\Debug\Exceptions->errorHandler(8, 'Undefined varia...', 'C:\\wamp64\\www\\p...', 7, Array)
#1 C:\wamp64\www\ppe-chopesgames4\system\View\View.php(214): include('C:\\wamp64\\www\\p...')
#2 C:\wamp64\www\ppe-chopesgames4\system\View\View.php(217): CodeIgniter\View\View->CodeIgniter\View\{closure}()
#3 C:\wamp64\www\ppe-chopesgames4\system\Common.php(1097): CodeIgniter\View\View->render('AdministrateurS...', Array, true)
#4 C:\wamp64\www\ppe-chopesgames4\app\Controllers\AdministrateurSuper.php(409): view('AdministrateurS...')
#5 C:\wamp64\www\ppe-chopesgames4\system\CodeIgniter.php(824): App\Controllers\AdministrateurSuper->lister_les_administrateurs()
#6 C:\wamp64\www\ppe-chopesgames4\system\CodeIgniter.php(410): CodeIgniter\CodeIgniter->runController(Object(App\Controllers\AdministrateurSuper))
#7 C:\wamp64\www\ppe-chopesgames4\system\CodeIgniter.php(318): CodeIgniter\CodeIgniter->handleRequest(NULL, Object(Config\Cache), false)
#8 C:\wamp64\www\ppe-chopesgames4\public\index.php(37): CodeIgniter\CodeIgniter->run()
#9 {main}
CRITICAL - 2022-04-14 09:42:37 --> Undefined variable: categories
#0 C:\wamp64\www\ppe-chopesgames4\app\Views\templates\header.php(53): CodeIgniter\Debug\Exceptions->errorHandler(8, 'Undefined varia...', 'C:\\wamp64\\www\\p...', 53, Array)
#1 C:\wamp64\www\ppe-chopesgames4\system\View\View.php(214): include('C:\\wamp64\\www\\p...')
#2 C:\wamp64\www\ppe-chopesgames4\system\View\View.php(217): CodeIgniter\View\View->CodeIgniter\View\{closure}()
#3 C:\wamp64\www\ppe-chopesgames4\system\Common.php(1097): CodeIgniter\View\View->render('templates/heade...', Array, true)
#4 C:\wamp64\www\ppe-chopesgames4\app\Controllers\AdministrateurSuper.php(408): view('templates/heade...', Array)
#5 C:\wamp64\www\ppe-chopesgames4\system\CodeIgniter.php(824): App\Controllers\AdministrateurSuper->lister_les_administrateurs()
#6 C:\wamp64\www\ppe-chopesgames4\system\CodeIgniter.php(410): CodeIgniter\CodeIgniter->runController(Object(App\Controllers\AdministrateurSuper))
#7 C:\wamp64\www\ppe-chopesgames4\system\CodeIgniter.php(318): CodeIgniter\CodeIgniter->handleRequest(NULL, Object(Config\Cache), false)
#8 C:\wamp64\www\ppe-chopesgames4\public\index.php(37): CodeIgniter\CodeIgniter->run()
#9 {main}
CRITICAL - 2022-04-14 09:43:32 --> Undefined index: IDENTIFIANT
#0 C:\wamp64\www\ppe-chopesgames4\app\Views\AdministrateurSuper\lister_les_administrateurs.php(10): CodeIgniter\Debug\Exceptions->errorHandler(8, 'Undefined index...', 'C:\\wamp64\\www\\p...', 10, Array)
#1 C:\wamp64\www\ppe-chopesgames4\system\View\View.php(214): include('C:\\wamp64\\www\\p...')
#2 C:\wamp64\www\ppe-chopesgames4\system\View\View.php(217): CodeIgniter\View\View->CodeIgniter\View\{closure}()
#3 C:\wamp64\www\ppe-chopesgames4\system\Common.php(1097): CodeIgniter\View\View->render('AdministrateurS...', Array, true)
#4 C:\wamp64\www\ppe-chopesgames4\app\Controllers\AdministrateurSuper.php(410): view('AdministrateurS...')
#5 C:\wamp64\www\ppe-chopesgames4\system\CodeIgniter.php(824): App\Controllers\AdministrateurSuper->lister_les_administrateurs()
#6 C:\wamp64\www\ppe-chopesgames4\system\CodeIgniter.php(410): CodeIgniter\CodeIgniter->runController(Object(App\Controllers\AdministrateurSuper))
#7 C:\wamp64\www\ppe-chopesgames4\system\CodeIgniter.php(318): CodeIgniter\CodeIgniter->handleRequest(NULL, Object(Config\Cache), false)
#8 C:\wamp64\www\ppe-chopesgames4\public\index.php(37): CodeIgniter\CodeIgniter->run()
#9 {main}
CRITICAL - 2022-04-14 09:44:30 --> Undefined index: IDENTIFIANT
#0 C:\wamp64\www\ppe-chopesgames4\app\Views\AdministrateurSuper\lister_les_administrateurs.php(10): CodeIgniter\Debug\Exceptions->errorHandler(8, 'Undefined index...', 'C:\\wamp64\\www\\p...', 10, Array)
#1 C:\wamp64\www\ppe-chopesgames4\system\View\View.php(214): include('C:\\wamp64\\www\\p...')
#2 C:\wamp64\www\ppe-chopesgames4\system\View\View.php(217): CodeIgniter\View\View->CodeIgniter\View\{closure}()
#3 C:\wamp64\www\ppe-chopesgames4\system\Common.php(1097): CodeIgniter\View\View->render('AdministrateurS...', Array, true)
#4 C:\wamp64\www\ppe-chopesgames4\app\Controllers\AdministrateurSuper.php(410): view('AdministrateurS...')
#5 C:\wamp64\www\ppe-chopesgames4\system\CodeIgniter.php(824): App\Controllers\AdministrateurSuper->lister_les_administrateurs()
#6 C:\wamp64\www\ppe-chopesgames4\system\CodeIgniter.php(410): CodeIgniter\CodeIgniter->runController(Object(App\Controllers\AdministrateurSuper))
#7 C:\wamp64\www\ppe-chopesgames4\system\CodeIgniter.php(318): CodeIgniter\CodeIgniter->handleRequest(NULL, Object(Config\Cache), false)
#8 C:\wamp64\www\ppe-chopesgames4\public\index.php(37): CodeIgniter\CodeIgniter->run()
#9 {main}
CRITICAL - 2022-04-14 09:44:43 --> Undefined index: IDENTIFIANT
#0 C:\wamp64\www\ppe-chopesgames4\app\Views\AdministrateurSuper\lister_les_administrateurs.php(10): CodeIgniter\Debug\Exceptions->errorHandler(8, 'Undefined index...', 'C:\\wamp64\\www\\p...', 10, Array)
#1 C:\wamp64\www\ppe-chopesgames4\system\View\View.php(214): include('C:\\wamp64\\www\\p...')
#2 C:\wamp64\www\ppe-chopesgames4\system\View\View.php(217): CodeIgniter\View\View->CodeIgniter\View\{closure}()
#3 C:\wamp64\www\ppe-chopesgames4\system\Common.php(1097): CodeIgniter\View\View->render('AdministrateurS...', Array, true)
#4 C:\wamp64\www\ppe-chopesgames4\app\Controllers\AdministrateurSuper.php(410): view('AdministrateurS...')
#5 C:\wamp64\www\ppe-chopesgames4\system\CodeIgniter.php(824): App\Controllers\AdministrateurSuper->lister_les_administrateurs()
#6 C:\wamp64\www\ppe-chopesgames4\system\CodeIgniter.php(410): CodeIgniter\CodeIgniter->runController(Object(App\Controllers\AdministrateurSuper))
#7 C:\wamp64\www\ppe-chopesgames4\system\CodeIgniter.php(318): CodeIgniter\CodeIgniter->handleRequest(NULL, Object(Config\Cache), false)
#8 C:\wamp64\www\ppe-chopesgames4\public\index.php(37): CodeIgniter\CodeIgniter->run()
#9 {main}
